<?xml version="1.0"?>
<!DOCTYPE coverage SYSTEM "http://cobertura.sourceforge.net/xml/coverage-04.dtd">

<coverage line-rate="0.9192546583850931" branch-rate="0.78125" lines-covered="148" lines-valid="161" branches-covered="75" branches-valid="96" complexity="6.833333333333333" version="2.0.3" timestamp="1616582461488">
	<sources>
		<source>src/main/java</source>
	</sources>
	<packages>
		<package name="org.apache.commons.compress.archivers.zip" line-rate="0.9192546583850931" branch-rate="0.78125" complexity="6.833333333333333">
			<classes>
				<class name="org.apache.commons.compress.archivers.zip.ZipArchiveInputStream" filename="org/apache/commons/compress/archivers/zip/ZipArchiveInputStream.java" line-rate="0.9192546583850931" branch-rate="0.78125" complexity="6.833333333333333">
					<methods>
						<method name="&lt;init&gt;" signature="(Ljava/io/InputStream;)V" line-rate="1.0" branch-rate="1.0">
							<lines>
								<line number="90" hits="35" branch="false"/>
								<line number="91" hits="35" branch="false"/>
							</lines>
						</method>
						<method name="&lt;init&gt;" signature="(Ljava/io/InputStream;Ljava/lang/String;Z)V" line-rate="1.0" branch-rate="1.0">
							<lines>
								<line number="61" hits="39" branch="false"/>
								<line number="62" hits="39" branch="false"/>
								<line number="64" hits="39" branch="false"/>
								<line number="66" hits="39" branch="false"/>
								<line number="67" hits="39" branch="false"/>
								<line number="68" hits="39" branch="false"/>
								<line number="69" hits="39" branch="false"/>
								<line number="70" hits="39" branch="false"/>
								<line number="71" hits="39" branch="false"/>
								<line number="72" hits="39" branch="false"/>
								<line number="101" hits="39" branch="false"/>
								<line number="102" hits="39" branch="false"/>
								<line number="103" hits="39" branch="false"/>
								<line number="104" hits="39" branch="false"/>
								<line number="105" hits="39" branch="false"/>
							</lines>
						</method>
						<method name="checksig" signature="([B[B)Z" line-rate="1.0" branch-rate="1.0">
							<lines>
								<line number="290" hits="151" branch="true" condition-coverage="100% (2/2)">
									<conditions>
										<condition number="0" type="jump" coverage="100%"/>
									</conditions>
								</line>
								<line number="291" hits="138" branch="true" condition-coverage="100% (2/2)">
									<conditions>
										<condition number="0" type="jump" coverage="100%"/>
									</conditions>
								</line>
								<line number="292" hits="82" branch="false"/>
								<line number="295" hits="13" branch="false"/>
							</lines>
						</method>
						<method name="close" signature="()V" line-rate="1.0" branch-rate="1.0">
							<lines>
								<line number="253" hits="36" branch="true" condition-coverage="100% (2/2)">
									<conditions>
										<condition number="0" type="jump" coverage="100%"/>
									</conditions>
								</line>
								<line number="254" hits="35" branch="false"/>
								<line number="255" hits="35" branch="false"/>
								<line number="257" hits="36" branch="false"/>
							</lines>
						</method>
						<method name="closeEntry" signature="()V" line-rate="0.8888888888888888" branch-rate="0.8">
							<lines>
								<line number="299" hits="126" branch="true" condition-coverage="50% (1/2)">
									<conditions>
										<condition number="0" type="jump" coverage="50%"/>
									</conditions>
								</line>
								<line number="300" hits="0" branch="false"/>
								<line number="302" hits="126" branch="true" condition-coverage="50% (1/2)">
									<conditions>
										<condition number="0" type="jump" coverage="50%"/>
									</conditions>
								</line>
								<line number="303" hits="0" branch="false"/>
								<line number="306" hits="126" branch="false"/>
								<line number="308" hits="125" branch="true" condition-coverage="100% (2/2)">
									<conditions>
										<condition number="0" type="jump" coverage="100%"/>
									</conditions>
								</line>
								<line number="309" hits="116" branch="false"/>
								<line number="311" hits="9" branch="false"/>
								<line number="313" hits="125" branch="false"/>
								<line number="316" hits="125" branch="true" condition-coverage="100% (2/2)">
									<conditions>
										<condition number="0" type="jump" coverage="100%"/>
									</conditions>
								</line>
								<line number="317" hits="120" branch="false"/>
								<line number="321" hits="125" branch="true" condition-coverage="100% (2/2)">
									<conditions>
										<condition number="0" type="jump" coverage="100%"/>
									</conditions>
								</line>
								<line number="322" hits="102" branch="false"/>
								<line number="325" hits="125" branch="false"/>
								<line number="326" hits="125" branch="false"/>
								<line number="328" hits="125" branch="false"/>
								<line number="329" hits="125" branch="false"/>
								<line number="330" hits="125" branch="false"/>
							</lines>
						</method>
						<method name="fill" signature="()V" line-rate="0.8" branch-rate="0.75">
							<lines>
								<line number="333" hits="248" branch="true" condition-coverage="50% (1/2)">
									<conditions>
										<condition number="0" type="jump" coverage="50%"/>
									</conditions>
								</line>
								<line number="334" hits="0" branch="false"/>
								<line number="336" hits="248" branch="true" condition-coverage="100% (2/2)">
									<conditions>
										<condition number="0" type="jump" coverage="100%"/>
									</conditions>
								</line>
								<line number="337" hits="246" branch="false"/>
								<line number="339" hits="248" branch="false"/>
							</lines>
						</method>
						<method name="getNextEntry" signature="()Lorg/apache/commons/compress/archivers/ArchiveEntry;" line-rate="1.0" branch-rate="1.0">
							<lines>
								<line number="188" hits="137" branch="false"/>
							</lines>
						</method>
						<method name="getNextZipEntry" signature="()Lorg/apache/commons/compress/archivers/zip/ZipArchiveEntry;" line-rate="0.9803921568627451" branch-rate="0.9090909090909091">
							<lines>
								<line number="108" hits="161" branch="true" condition-coverage="50% (2/4)">
									<conditions>
										<condition number="0" type="jump" coverage="50%"/>
										<condition number="1" type="jump" coverage="50%"/>
									</conditions>
								</line>
								<line number="109" hits="0" branch="false"/>
								<line number="111" hits="161" branch="true" condition-coverage="100% (2/2)">
									<conditions>
										<condition number="0" type="jump" coverage="100%"/>
									</conditions>
								</line>
								<line number="112" hits="126" branch="false"/>
								<line number="114" hits="160" branch="false"/>
								<line number="116" hits="160" branch="false"/>
								<line number="117" hits="1" branch="false"/>
								<line number="118" hits="1" branch="false"/>
								<line number="119" hits="159" branch="false"/>
								<line number="120" hits="159" branch="false"/>
								<line number="121" hits="159" branch="true" condition-coverage="100% (2/2)">
									<conditions>
										<condition number="0" type="jump" coverage="100%"/>
									</conditions>
								</line>
								<line number="122" hits="21" branch="false"/>
								<line number="123" hits="21" branch="false"/>
								<line number="125" hits="138" branch="true" condition-coverage="100% (2/2)">
									<conditions>
										<condition number="0" type="jump" coverage="100%"/>
									</conditions>
								</line>
								<line number="126" hits="1" branch="false"/>
								<line number="129" hits="137" branch="false"/>
								<line number="130" hits="137" branch="false"/>
								<line number="132" hits="137" branch="false"/>
								<line number="133" hits="137" branch="false"/>
								<line number="134" hits="137" branch="false"/>
								<line number="137" hits="137" branch="false"/>
								<line number="138" hits="137" branch="true" condition-coverage="100% (2/2)">
									<conditions>
										<condition number="0" type="jump" coverage="100%"/>
									</conditions>
								</line>
								<line number="140" hits="137" branch="true" condition-coverage="100% (2/2)">
									<conditions>
										<condition number="0" type="jump" coverage="100%"/>
									</conditions>
								</line>
								<line number="142" hits="137" branch="true" condition-coverage="100% (2/2)">
									<conditions>
										<condition number="0" type="jump" coverage="100%"/>
									</conditions>
								</line>
								<line number="144" hits="137" branch="false"/>
								<line number="146" hits="137" branch="false"/>
								<line number="147" hits="137" branch="false"/>
								<line number="149" hits="137" branch="false"/>
								<line number="150" hits="137" branch="false"/>
								<line number="151" hits="137" branch="false"/>
								<line number="153" hits="137" branch="true" condition-coverage="100% (2/2)">
									<conditions>
										<condition number="0" type="jump" coverage="100%"/>
									</conditions>
								</line>
								<line number="154" hits="28" branch="false"/>
								<line number="155" hits="28" branch="false"/>
								<line number="157" hits="28" branch="false"/>
								<line number="158" hits="28" branch="false"/>
								<line number="160" hits="28" branch="false"/>
								<line number="161" hits="28" branch="false"/>
								<line number="163" hits="109" branch="false"/>
								<line number="166" hits="137" branch="false"/>
								<line number="168" hits="137" branch="false"/>
								<line number="170" hits="137" branch="false"/>
								<line number="171" hits="137" branch="false"/>
								<line number="173" hits="137" branch="false"/>
								<line number="174" hits="137" branch="false"/>
								<line number="175" hits="137" branch="false"/>
								<line number="177" hits="137" branch="false"/>
								<line number="178" hits="137" branch="false"/>
								<line number="179" hits="137" branch="false"/>
								<line number="181" hits="137" branch="true" condition-coverage="100% (4/4)">
									<conditions>
										<condition number="0" type="jump" coverage="100%"/>
										<condition number="1" type="jump" coverage="100%"/>
									</conditions>
								</line>
								<line number="182" hits="31" branch="false"/>
								<line number="184" hits="137" branch="false"/>
							</lines>
						</method>
						<method name="matches" signature="([BI)Z" line-rate="0.6666666666666666" branch-rate="0.8333333333333334">
							<lines>
								<line number="281" hits="53" branch="true" condition-coverage="50% (1/2)">
									<conditions>
										<condition number="0" type="jump" coverage="50%"/>
									</conditions>
								</line>
								<line number="282" hits="0" branch="false"/>
								<line number="285" hits="53" branch="true" condition-coverage="100% (4/4)">
									<conditions>
										<condition number="0" type="jump" coverage="100%"/>
										<condition number="1" type="jump" coverage="100%"/>
									</conditions>
								</line>
							</lines>
						</method>
						<method name="read" signature="([BII)I" line-rate="0.85" branch-rate="0.6666666666666666">
							<lines>
								<line number="192" hits="687" branch="true" condition-coverage="50% (1/2)">
									<conditions>
										<condition number="0" type="jump" coverage="50%"/>
									</conditions>
								</line>
								<line number="193" hits="0" branch="false"/>
								<line number="195" hits="687" branch="true" condition-coverage="75% (3/4)">
									<conditions>
										<condition number="0" type="jump" coverage="100%"/>
										<condition number="1" type="jump" coverage="50%"/>
									</conditions>
								</line>
								<line number="196" hits="212" branch="false"/>
								<line number="200" hits="475" branch="true" condition-coverage="50% (4/8)">
									<conditions>
										<condition number="0" type="jump" coverage="50%"/>
										<condition number="1" type="jump" coverage="50%"/>
										<condition number="2" type="jump" coverage="50%"/>
										<condition number="3" type="jump" coverage="50%"/>
									</conditions>
								</line>
								<line number="202" hits="475" branch="true" condition-coverage="100% (2/2)">
									<conditions>
										<condition number="0" type="jump" coverage="100%"/>
									</conditions>
								</line>
								<line number="203" hits="13" branch="false"/>
								<line number="204" hits="13" branch="true" condition-coverage="100% (2/2)">
									<conditions>
										<condition number="0" type="jump" coverage="100%"/>
									</conditions>
								</line>
								<line number="205" hits="9" branch="false"/>
								<line number="207" hits="4" branch="true" condition-coverage="50% (1/2)">
									<conditions>
										<condition number="0" type="jump" coverage="50%"/>
									</conditions>
								</line>
								<line number="208" hits="4" branch="false"/>
								<line number="209" hits="4" branch="true" condition-coverage="50% (1/2)">
									<conditions>
										<condition number="0" type="jump" coverage="50%"/>
									</conditions>
								</line>
								<line number="210" hits="0" branch="false"/>
								<line number="212" hits="4" branch="false"/>
								<line number="213" hits="4" branch="false"/>
								<line number="215" hits="4" branch="true" condition-coverage="50% (1/2)">
									<conditions>
										<condition number="0" type="jump" coverage="50%"/>
									</conditions>
								</line>
								<line number="218" hits="4" branch="true" condition-coverage="50% (1/2)">
									<conditions>
										<condition number="0" type="jump" coverage="50%"/>
									</conditions>
								</line>
								<line number="219" hits="4" branch="false"/>
								<line number="221" hits="4" branch="false"/>
								<line number="222" hits="4" branch="false"/>
								<line number="223" hits="4" branch="false"/>
								<line number="224" hits="4" branch="false"/>
								<line number="225" hits="4" branch="false"/>
								<line number="227" hits="462" branch="true" condition-coverage="100% (2/2)">
									<conditions>
										<condition number="0" type="jump" coverage="100%"/>
									</conditions>
								</line>
								<line number="228" hits="248" branch="false"/>
								<line number="229" hits="248" branch="true" condition-coverage="100% (2/2)">
									<conditions>
										<condition number="0" type="jump" coverage="100%"/>
									</conditions>
								</line>
								<line number="230" hits="246" branch="false"/>
								<line number="233" hits="462" branch="false"/>
								<line number="235" hits="462" branch="false"/>
								<line number="236" hits="0" branch="false"/>
								<line number="237" hits="0" branch="false"/>
								<line number="238" hits="462" branch="false"/>
								<line number="239" hits="462" branch="true" condition-coverage="100% (2/2)">
									<conditions>
										<condition number="0" type="jump" coverage="100%"/>
									</conditions>
								</line>
								<line number="240" hits="2" branch="true" condition-coverage="50% (1/2)">
									<conditions>
										<condition number="0" type="jump" coverage="50%"/>
									</conditions>
								</line>
								<line number="241" hits="0" branch="false"/>
								<line number="242" hits="2" branch="true" condition-coverage="50% (1/2)">
									<conditions>
										<condition number="0" type="jump" coverage="50%"/>
									</conditions>
								</line>
								<line number="243" hits="2" branch="false"/>
								<line number="246" hits="460" branch="false"/>
								<line number="247" hits="460" branch="false"/>
								<line number="249" hits="0" branch="false"/>
							</lines>
						</method>
						<method name="readFully" signature="([B)V" line-rate="1.0" branch-rate="1.0">
							<lines>
								<line number="342" hits="536" branch="false"/>
								<line number="343" hits="956" branch="true" condition-coverage="100% (2/2)">
									<conditions>
										<condition number="0" type="jump" coverage="100%"/>
									</conditions>
								</line>
								<line number="344" hits="421" branch="false"/>
								<line number="345" hits="421" branch="true" condition-coverage="100% (2/2)">
									<conditions>
										<condition number="0" type="jump" coverage="100%"/>
									</conditions>
								</line>
								<line number="346" hits="1" branch="false"/>
								<line number="349" hits="535" branch="false"/>
							</lines>
						</method>
						<method name="skip" signature="(J)J" line-rate="0.8333333333333334" branch-rate="0.625">
							<lines>
								<line number="260" hits="126" branch="true" condition-coverage="50% (1/2)">
									<conditions>
										<condition number="0" type="jump" coverage="50%"/>
									</conditions>
								</line>
								<line number="261" hits="126" branch="false"/>
								<line number="262" hits="126" branch="false"/>
								<line number="263" hits="286" branch="true" condition-coverage="50% (1/2)">
									<conditions>
										<condition number="0" type="jump" coverage="50%"/>
									</conditions>
								</line>
								<line number="264" hits="286" branch="false"/>
								<line number="265" hits="286" branch="true" condition-coverage="50% (1/2)">
									<conditions>
										<condition number="0" type="jump" coverage="50%"/>
									</conditions>
								</line>
								<line number="266" hits="285" branch="true" condition-coverage="100% (2/2)">
									<conditions>
										<condition number="0" type="jump" coverage="100%"/>
									</conditions>
								</line>
								<line number="267" hits="125" branch="false"/>
								<line number="269" hits="160" branch="false"/>
								<line number="270" hits="160" branch="false"/>
								<line number="271" hits="0" branch="false"/>
								<line number="273" hits="0" branch="false"/>
							</lines>
						</method>
					</methods>
					<lines>
						<line number="61" hits="39" branch="false"/>
						<line number="62" hits="39" branch="false"/>
						<line number="64" hits="39" branch="false"/>
						<line number="66" hits="39" branch="false"/>
						<line number="67" hits="39" branch="false"/>
						<line number="68" hits="39" branch="false"/>
						<line number="69" hits="39" branch="false"/>
						<line number="70" hits="39" branch="false"/>
						<line number="71" hits="39" branch="false"/>
						<line number="72" hits="39" branch="false"/>
						<line number="90" hits="35" branch="false"/>
						<line number="91" hits="35" branch="false"/>
						<line number="101" hits="39" branch="false"/>
						<line number="102" hits="39" branch="false"/>
						<line number="103" hits="39" branch="false"/>
						<line number="104" hits="39" branch="false"/>
						<line number="105" hits="39" branch="false"/>
						<line number="108" hits="161" branch="true" condition-coverage="50% (2/4)">
							<conditions>
								<condition number="0" type="jump" coverage="50%"/>
								<condition number="1" type="jump" coverage="50%"/>
							</conditions>
						</line>
						<line number="109" hits="0" branch="false"/>
						<line number="111" hits="161" branch="true" condition-coverage="100% (2/2)">
							<conditions>
								<condition number="0" type="jump" coverage="100%"/>
							</conditions>
						</line>
						<line number="112" hits="126" branch="false"/>
						<line number="114" hits="160" branch="false"/>
						<line number="116" hits="160" branch="false"/>
						<line number="117" hits="1" branch="false"/>
						<line number="118" hits="1" branch="false"/>
						<line number="119" hits="159" branch="false"/>
						<line number="120" hits="159" branch="false"/>
						<line number="121" hits="159" branch="true" condition-coverage="100% (2/2)">
							<conditions>
								<condition number="0" type="jump" coverage="100%"/>
							</conditions>
						</line>
						<line number="122" hits="21" branch="false"/>
						<line number="123" hits="21" branch="false"/>
						<line number="125" hits="138" branch="true" condition-coverage="100% (2/2)">
							<conditions>
								<condition number="0" type="jump" coverage="100%"/>
							</conditions>
						</line>
						<line number="126" hits="1" branch="false"/>
						<line number="129" hits="137" branch="false"/>
						<line number="130" hits="137" branch="false"/>
						<line number="132" hits="137" branch="false"/>
						<line number="133" hits="137" branch="false"/>
						<line number="134" hits="137" branch="false"/>
						<line number="137" hits="137" branch="false"/>
						<line number="138" hits="137" branch="true" condition-coverage="100% (2/2)">
							<conditions>
								<condition number="0" type="jump" coverage="100%"/>
							</conditions>
						</line>
						<line number="140" hits="137" branch="true" condition-coverage="100% (2/2)">
							<conditions>
								<condition number="0" type="jump" coverage="100%"/>
							</conditions>
						</line>
						<line number="142" hits="137" branch="true" condition-coverage="100% (2/2)">
							<conditions>
								<condition number="0" type="jump" coverage="100%"/>
							</conditions>
						</line>
						<line number="144" hits="137" branch="false"/>
						<line number="146" hits="137" branch="false"/>
						<line number="147" hits="137" branch="false"/>
						<line number="149" hits="137" branch="false"/>
						<line number="150" hits="137" branch="false"/>
						<line number="151" hits="137" branch="false"/>
						<line number="153" hits="137" branch="true" condition-coverage="100% (2/2)">
							<conditions>
								<condition number="0" type="jump" coverage="100%"/>
							</conditions>
						</line>
						<line number="154" hits="28" branch="false"/>
						<line number="155" hits="28" branch="false"/>
						<line number="157" hits="28" branch="false"/>
						<line number="158" hits="28" branch="false"/>
						<line number="160" hits="28" branch="false"/>
						<line number="161" hits="28" branch="false"/>
						<line number="163" hits="109" branch="false"/>
						<line number="166" hits="137" branch="false"/>
						<line number="168" hits="137" branch="false"/>
						<line number="170" hits="137" branch="false"/>
						<line number="171" hits="137" branch="false"/>
						<line number="173" hits="137" branch="false"/>
						<line number="174" hits="137" branch="false"/>
						<line number="175" hits="137" branch="false"/>
						<line number="177" hits="137" branch="false"/>
						<line number="178" hits="137" branch="false"/>
						<line number="179" hits="137" branch="false"/>
						<line number="181" hits="137" branch="true" condition-coverage="100% (4/4)">
							<conditions>
								<condition number="0" type="jump" coverage="100%"/>
								<condition number="1" type="jump" coverage="100%"/>
							</conditions>
						</line>
						<line number="182" hits="31" branch="false"/>
						<line number="184" hits="137" branch="false"/>
						<line number="188" hits="137" branch="false"/>
						<line number="192" hits="687" branch="true" condition-coverage="50% (1/2)">
							<conditions>
								<condition number="0" type="jump" coverage="50%"/>
							</conditions>
						</line>
						<line number="193" hits="0" branch="false"/>
						<line number="195" hits="687" branch="true" condition-coverage="75% (3/4)">
							<conditions>
								<condition number="0" type="jump" coverage="100%"/>
								<condition number="1" type="jump" coverage="50%"/>
							</conditions>
						</line>
						<line number="196" hits="212" branch="false"/>
						<line number="200" hits="475" branch="true" condition-coverage="50% (4/8)">
							<conditions>
								<condition number="0" type="jump" coverage="50%"/>
								<condition number="1" type="jump" coverage="50%"/>
								<condition number="2" type="jump" coverage="50%"/>
								<condition number="3" type="jump" coverage="50%"/>
							</conditions>
						</line>
						<line number="202" hits="475" branch="true" condition-coverage="100% (2/2)">
							<conditions>
								<condition number="0" type="jump" coverage="100%"/>
							</conditions>
						</line>
						<line number="203" hits="13" branch="false"/>
						<line number="204" hits="13" branch="true" condition-coverage="100% (2/2)">
							<conditions>
								<condition number="0" type="jump" coverage="100%"/>
							</conditions>
						</line>
						<line number="205" hits="9" branch="false"/>
						<line number="207" hits="4" branch="true" condition-coverage="50% (1/2)">
							<conditions>
								<condition number="0" type="jump" coverage="50%"/>
							</conditions>
						</line>
						<line number="208" hits="4" branch="false"/>
						<line number="209" hits="4" branch="true" condition-coverage="50% (1/2)">
							<conditions>
								<condition number="0" type="jump" coverage="50%"/>
							</conditions>
						</line>
						<line number="210" hits="0" branch="false"/>
						<line number="212" hits="4" branch="false"/>
						<line number="213" hits="4" branch="false"/>
						<line number="215" hits="4" branch="true" condition-coverage="50% (1/2)">
							<conditions>
								<condition number="0" type="jump" coverage="50%"/>
							</conditions>
						</line>
						<line number="218" hits="4" branch="true" condition-coverage="50% (1/2)">
							<conditions>
								<condition number="0" type="jump" coverage="50%"/>
							</conditions>
						</line>
						<line number="219" hits="4" branch="false"/>
						<line number="221" hits="4" branch="false"/>
						<line number="222" hits="4" branch="false"/>
						<line number="223" hits="4" branch="false"/>
						<line number="224" hits="4" branch="false"/>
						<line number="225" hits="4" branch="false"/>
						<line number="227" hits="462" branch="true" condition-coverage="100% (2/2)">
							<conditions>
								<condition number="0" type="jump" coverage="100%"/>
							</conditions>
						</line>
						<line number="228" hits="248" branch="false"/>
						<line number="229" hits="248" branch="true" condition-coverage="100% (2/2)">
							<conditions>
								<condition number="0" type="jump" coverage="100%"/>
							</conditions>
						</line>
						<line number="230" hits="246" branch="false"/>
						<line number="233" hits="462" branch="false"/>
						<line number="235" hits="462" branch="false"/>
						<line number="236" hits="0" branch="false"/>
						<line number="237" hits="0" branch="false"/>
						<line number="238" hits="462" branch="false"/>
						<line number="239" hits="462" branch="true" condition-coverage="100% (2/2)">
							<conditions>
								<condition number="0" type="jump" coverage="100%"/>
							</conditions>
						</line>
						<line number="240" hits="2" branch="true" condition-coverage="50% (1/2)">
							<conditions>
								<condition number="0" type="jump" coverage="50%"/>
							</conditions>
						</line>
						<line number="241" hits="0" branch="false"/>
						<line number="242" hits="2" branch="true" condition-coverage="50% (1/2)">
							<conditions>
								<condition number="0" type="jump" coverage="50%"/>
							</conditions>
						</line>
						<line number="243" hits="2" branch="false"/>
						<line number="246" hits="460" branch="false"/>
						<line number="247" hits="460" branch="false"/>
						<line number="249" hits="0" branch="false"/>
						<line number="253" hits="36" branch="true" condition-coverage="100% (2/2)">
							<conditions>
								<condition number="0" type="jump" coverage="100%"/>
							</conditions>
						</line>
						<line number="254" hits="35" branch="false"/>
						<line number="255" hits="35" branch="false"/>
						<line number="257" hits="36" branch="false"/>
						<line number="260" hits="126" branch="true" condition-coverage="50% (1/2)">
							<conditions>
								<condition number="0" type="jump" coverage="50%"/>
							</conditions>
						</line>
						<line number="261" hits="126" branch="false"/>
						<line number="262" hits="126" branch="false"/>
						<line number="263" hits="286" branch="true" condition-coverage="50% (1/2)">
							<conditions>
								<condition number="0" type="jump" coverage="50%"/>
							</conditions>
						</line>
						<line number="264" hits="286" branch="false"/>
						<line number="265" hits="286" branch="true" condition-coverage="50% (1/2)">
							<conditions>
								<condition number="0" type="jump" coverage="50%"/>
							</conditions>
						</line>
						<line number="266" hits="285" branch="true" condition-coverage="100% (2/2)">
							<conditions>
								<condition number="0" type="jump" coverage="100%"/>
							</conditions>
						</line>
						<line number="267" hits="125" branch="false"/>
						<line number="269" hits="160" branch="false"/>
						<line number="270" hits="160" branch="false"/>
						<line number="271" hits="0" branch="false"/>
						<line number="273" hits="0" branch="false"/>
						<line number="281" hits="53" branch="true" condition-coverage="50% (1/2)">
							<conditions>
								<condition number="0" type="jump" coverage="50%"/>
							</conditions>
						</line>
						<line number="282" hits="0" branch="false"/>
						<line number="285" hits="53" branch="true" condition-coverage="100% (4/4)">
							<conditions>
								<condition number="0" type="jump" coverage="100%"/>
								<condition number="1" type="jump" coverage="100%"/>
							</conditions>
						</line>
						<line number="290" hits="151" branch="true" condition-coverage="100% (2/2)">
							<conditions>
								<condition number="0" type="jump" coverage="100%"/>
							</conditions>
						</line>
						<line number="291" hits="138" branch="true" condition-coverage="100% (2/2)">
							<conditions>
								<condition number="0" type="jump" coverage="100%"/>
							</conditions>
						</line>
						<line number="292" hits="82" branch="false"/>
						<line number="295" hits="13" branch="false"/>
						<line number="299" hits="126" branch="true" condition-coverage="50% (1/2)">
							<conditions>
								<condition number="0" type="jump" coverage="50%"/>
							</conditions>
						</line>
						<line number="300" hits="0" branch="false"/>
						<line number="302" hits="126" branch="true" condition-coverage="50% (1/2)">
							<conditions>
								<condition number="0" type="jump" coverage="50%"/>
							</conditions>
						</line>
						<line number="303" hits="0" branch="false"/>
						<line number="306" hits="126" branch="false"/>
						<line number="308" hits="125" branch="true" condition-coverage="100% (2/2)">
							<conditions>
								<condition number="0" type="jump" coverage="100%"/>
							</conditions>
						</line>
						<line number="309" hits="116" branch="false"/>
						<line number="311" hits="9" branch="false"/>
						<line number="313" hits="125" branch="false"/>
						<line number="316" hits="125" branch="true" condition-coverage="100% (2/2)">
							<conditions>
								<condition number="0" type="jump" coverage="100%"/>
							</conditions>
						</line>
						<line number="317" hits="120" branch="false"/>
						<line number="321" hits="125" branch="true" condition-coverage="100% (2/2)">
							<conditions>
								<condition number="0" type="jump" coverage="100%"/>
							</conditions>
						</line>
						<line number="322" hits="102" branch="false"/>
						<line number="325" hits="125" branch="false"/>
						<line number="326" hits="125" branch="false"/>
						<line number="328" hits="125" branch="false"/>
						<line number="329" hits="125" branch="false"/>
						<line number="330" hits="125" branch="false"/>
						<line number="333" hits="248" branch="true" condition-coverage="50% (1/2)">
							<conditions>
								<condition number="0" type="jump" coverage="50%"/>
							</conditions>
						</line>
						<line number="334" hits="0" branch="false"/>
						<line number="336" hits="248" branch="true" condition-coverage="100% (2/2)">
							<conditions>
								<condition number="0" type="jump" coverage="100%"/>
							</conditions>
						</line>
						<line number="337" hits="246" branch="false"/>
						<line number="339" hits="248" branch="false"/>
						<line number="342" hits="536" branch="false"/>
						<line number="343" hits="956" branch="true" condition-coverage="100% (2/2)">
							<conditions>
								<condition number="0" type="jump" coverage="100%"/>
							</conditions>
						</line>
						<line number="344" hits="421" branch="false"/>
						<line number="345" hits="421" branch="true" condition-coverage="100% (2/2)">
							<conditions>
								<condition number="0" type="jump" coverage="100%"/>
							</conditions>
						</line>
						<line number="346" hits="1" branch="false"/>
						<line number="349" hits="535" branch="false"/>
					</lines>
				</class>
			</classes>
		</package>
	</packages>
</coverage>
