<?xml version="1.0"?>
<!DOCTYPE coverage SYSTEM "http://cobertura.sourceforge.net/xml/coverage-04.dtd">

<coverage line-rate="0.9587155963302753" branch-rate="0.9393939393939394" lines-covered="209" lines-valid="218" branches-covered="124" branches-valid="132" complexity="4.103448275862069" version="2.0.3" timestamp="1616706259237">
	<sources>
		<source>src/main/java</source>
	</sources>
	<packages>
		<package name="org.jsoup.select" line-rate="0.9587155963302753" branch-rate="0.9393939393939394" complexity="4.103448275862069">
			<classes>
				<class name="org.jsoup.select.Selector" filename="org/jsoup/select/Selector.java" line-rate="0.9675925925925926" branch-rate="0.9393939393939394" complexity="4.103448275862069">
					<methods>
						<method name="&lt;clinit&gt;" signature="()V" line-rate="1.0" branch-rate="1.0">
							<lines>
								<line number="59" hits="8" branch="false"/>
							</lines>
						</method>
						<method name="&lt;init&gt;" signature="(Ljava/lang/String;Lorg/jsoup/nodes/Element;)V" line-rate="1.0" branch-rate="1.0">
							<lines>
								<line number="65" hits="328" branch="false"/>
								<line number="66" hits="328" branch="false"/>
								<line number="67" hits="328" branch="false"/>
								<line number="68" hits="328" branch="false"/>
								<line number="69" hits="328" branch="false"/>
								<line number="71" hits="328" branch="false"/>
								<line number="72" hits="328" branch="false"/>
								<line number="73" hits="328" branch="false"/>
								<line number="74" hits="328" branch="false"/>
								<line number="75" hits="328" branch="false"/>
							</lines>
						</method>
						<method name="addElements" signature="(Ljava/util/Collection;)V" line-rate="1.0" branch-rate="1.0">
							<lines>
								<line number="191" hits="322" branch="false"/>
								<line number="192" hits="322" branch="false"/>
							</lines>
						</method>
						<method name="allElements" signature="()Lorg/jsoup/select/Elements;" line-rate="1.0" branch-rate="1.0">
							<lines>
								<line number="259" hits="9" branch="false"/>
							</lines>
						</method>
						<method name="byAttribute" signature="()Lorg/jsoup/select/Elements;" line-rate="0.9473684210526315" branch-rate="0.9375">
							<lines>
								<line number="227" hits="46" branch="false"/>
								<line number="228" hits="46" branch="false"/>
								<line number="229" hits="46" branch="false"/>
								<line number="230" hits="46" branch="false"/>
								<line number="232" hits="46" branch="true" condition-coverage="100% (2/2)">
									<conditions>
										<condition number="0" type="jump" coverage="100%"/>
									</conditions>
								</line>
								<line number="233" hits="16" branch="true" condition-coverage="100% (2/2)">
									<conditions>
										<condition number="0" type="jump" coverage="100%"/>
									</conditions>
								</line>
								<line number="235" hits="30" branch="true" condition-coverage="100% (2/2)">
									<conditions>
										<condition number="0" type="jump" coverage="100%"/>
									</conditions>
								</line>
								<line number="236" hits="22" branch="false"/>
								<line number="238" hits="8" branch="true" condition-coverage="100% (2/2)">
									<conditions>
										<condition number="0" type="jump" coverage="100%"/>
									</conditions>
								</line>
								<line number="239" hits="1" branch="false"/>
								<line number="241" hits="7" branch="true" condition-coverage="100% (2/2)">
									<conditions>
										<condition number="0" type="jump" coverage="100%"/>
									</conditions>
								</line>
								<line number="242" hits="1" branch="false"/>
								<line number="244" hits="6" branch="true" condition-coverage="100% (2/2)">
									<conditions>
										<condition number="0" type="jump" coverage="100%"/>
									</conditions>
								</line>
								<line number="245" hits="1" branch="false"/>
								<line number="247" hits="5" branch="true" condition-coverage="100% (2/2)">
									<conditions>
										<condition number="0" type="jump" coverage="100%"/>
									</conditions>
								</line>
								<line number="248" hits="3" branch="false"/>
								<line number="250" hits="2" branch="true" condition-coverage="50% (1/2)">
									<conditions>
										<condition number="0" type="jump" coverage="50%"/>
									</conditions>
								</line>
								<line number="251" hits="2" branch="false"/>
								<line number="254" hits="0" branch="false"/>
							</lines>
						</method>
						<method name="byClass" signature="()Lorg/jsoup/select/Elements;" line-rate="1.0" branch-rate="1.0">
							<lines>
								<line number="210" hits="34" branch="false"/>
								<line number="211" hits="34" branch="false"/>
								<line number="213" hits="34" branch="false"/>
							</lines>
						</method>
						<method name="byId" signature="()Lorg/jsoup/select/Elements;" line-rate="1.0" branch-rate="1.0">
							<lines>
								<line number="199" hits="15" branch="false"/>
								<line number="200" hits="15" branch="false"/>
								<line number="202" hits="15" branch="false"/>
								<line number="203" hits="15" branch="false"/>
								<line number="204" hits="15" branch="true" condition-coverage="100% (2/2)">
									<conditions>
										<condition number="0" type="jump" coverage="100%"/>
									</conditions>
								</line>
								<line number="205" hits="14" branch="false"/>
								<line number="206" hits="15" branch="false"/>
							</lines>
						</method>
						<method name="byTag" signature="()Lorg/jsoup/select/Elements;" line-rate="1.0" branch-rate="1.0">
							<lines>
								<line number="217" hits="266" branch="false"/>
								<line number="218" hits="266" branch="false"/>
								<line number="221" hits="266" branch="true" condition-coverage="100% (2/2)">
									<conditions>
										<condition number="0" type="jump" coverage="100%"/>
									</conditions>
								</line>
								<line number="222" hits="3" branch="false"/>
								<line number="223" hits="266" branch="false"/>
							</lines>
						</method>
						<method name="combinator" signature="(Ljava/lang/String;)V" line-rate="0.9230769230769231" branch-rate="0.875">
							<lines>
								<line number="138" hits="46" branch="false"/>
								<line number="139" hits="46" branch="false"/>
								<line number="142" hits="46" branch="true" condition-coverage="100% (2/2)">
									<conditions>
										<condition number="0" type="jump" coverage="100%"/>
									</conditions>
								</line>
								<line number="143" hits="20" branch="false"/>
								<line number="144" hits="26" branch="true" condition-coverage="100% (2/2)">
									<conditions>
										<condition number="0" type="jump" coverage="100%"/>
									</conditions>
								</line>
								<line number="145" hits="19" branch="false"/>
								<line number="146" hits="7" branch="true" condition-coverage="100% (2/2)">
									<conditions>
										<condition number="0" type="jump" coverage="100%"/>
									</conditions>
								</line>
								<line number="147" hits="6" branch="false"/>
								<line number="148" hits="1" branch="true" condition-coverage="50% (1/2)">
									<conditions>
										<condition number="0" type="jump" coverage="50%"/>
									</conditions>
								</line>
								<line number="149" hits="1" branch="false"/>
								<line number="151" hits="0" branch="false"/>
								<line number="153" hits="46" branch="false"/>
								<line number="154" hits="46" branch="false"/>
							</lines>
						</method>
						<method name="consumeIndex" signature="()I" line-rate="1.0" branch-rate="1.0">
							<lines>
								<line number="276" hits="13" branch="false"/>
								<line number="277" hits="13" branch="false"/>
								<line number="278" hits="13" branch="false"/>
							</lines>
						</method>
						<method name="contains" signature="(Z)Lorg/jsoup/select/Elements;" line-rate="1.0" branch-rate="1.0">
							<lines>
								<line number="292" hits="14" branch="true" condition-coverage="100% (2/2)">
									<conditions>
										<condition number="0" type="jump" coverage="100%"/>
									</conditions>
								</line>
								<line number="293" hits="14" branch="false"/>
								<line number="294" hits="14" branch="false"/>
								<line number="296" hits="14" branch="true" condition-coverage="100% (2/2)">
									<conditions>
										<condition number="0" type="jump" coverage="100%"/>
									</conditions>
								</line>
							</lines>
						</method>
						<method name="filterForAdjacentSiblings" signature="(Ljava/util/Collection;Ljava/util/Collection;)Lorg/jsoup/select/Elements;" line-rate="0.9166666666666666" branch-rate="0.9">
							<lines>
								<line number="361" hits="6" branch="false"/>
								<line number="362" hits="6" branch="true" condition-coverage="100% (2/2)">
									<conditions>
										<condition number="0" type="jump" coverage="100%"/>
									</conditions>
								</line>
								<line number="363" hits="13" branch="true" condition-coverage="100% (2/2)">
									<conditions>
										<condition number="0" type="jump" coverage="100%"/>
									</conditions>
								</line>
								<line number="364" hits="23" branch="true" condition-coverage="50% (1/2)">
									<conditions>
										<condition number="0" type="jump" coverage="50%"/>
									</conditions>
								</line>
								<line number="365" hits="0" branch="false"/>
								<line number="366" hits="23" branch="false"/>
								<line number="367" hits="23" branch="true" condition-coverage="100% (4/4)">
									<conditions>
										<condition number="0" type="jump" coverage="100%"/>
										<condition number="1" type="jump" coverage="100%"/>
									</conditions>
								</line>
								<line number="368" hits="8" branch="false"/>
								<line number="369" hits="8" branch="false"/>
								<line number="371" hits="15" branch="false"/>
								<line number="372" hits="5" branch="false"/>
								<line number="373" hits="6" branch="false"/>
							</lines>
						</method>
						<method name="filterForChildren" signature="(Ljava/util/Collection;Ljava/util/Collection;)Lorg/jsoup/select/Elements;" line-rate="1.0" branch-rate="0.875">
							<lines>
								<line number="319" hits="20" branch="false"/>
								<line number="320" hits="20" branch="true" condition-coverage="100% (2/2)">
									<conditions>
										<condition number="0" type="jump" coverage="100%"/>
									</conditions>
								</line>
								<line number="321" hits="73" branch="true" condition-coverage="100% (2/2)">
									<conditions>
										<condition number="0" type="jump" coverage="100%"/>
									</conditions>
								</line>
								<line number="322" hits="155" branch="true" condition-coverage="75% (3/4)">
									<conditions>
										<condition number="0" type="jump" coverage="50%"/>
										<condition number="1" type="jump" coverage="100%"/>
									</conditions>
								</line>
								<line number="323" hits="58" branch="false"/>
								<line number="324" hits="58" branch="false"/>
								<line number="326" hits="97" branch="false"/>
								<line number="327" hits="15" branch="false"/>
								<line number="328" hits="20" branch="false"/>
							</lines>
						</method>
						<method name="filterForDescendants" signature="(Ljava/util/Collection;Ljava/util/Collection;)Lorg/jsoup/select/Elements;" line-rate="1.0" branch-rate="1.0">
							<lines>
								<line number="334" hits="19" branch="false"/>
								<line number="335" hits="19" branch="true" condition-coverage="100% (2/2)">
									<conditions>
										<condition number="0" type="jump" coverage="100%"/>
									</conditions>
								</line>
								<line number="336" hits="38" branch="true" condition-coverage="100% (2/2)">
									<conditions>
										<condition number="0" type="jump" coverage="100%"/>
									</conditions>
								</line>
								<line number="337" hits="54" branch="true" condition-coverage="100% (2/2)">
									<conditions>
										<condition number="0" type="jump" coverage="100%"/>
									</conditions>
								</line>
								<line number="338" hits="5" branch="false"/>
								<line number="340" hits="49" branch="false"/>
								<line number="341" hits="33" branch="false"/>
								<line number="342" hits="33" branch="false"/>
								<line number="343" hits="19" branch="false"/>
							</lines>
						</method>
						<method name="filterForGeneralSiblings" signature="(Ljava/util/Collection;Ljava/util/Collection;)Lorg/jsoup/select/Elements;" line-rate="0.7692307692307693" branch-rate="0.625">
							<lines>
								<line number="378" hits="1" branch="false"/>
								<line number="379" hits="1" branch="true" condition-coverage="100% (2/2)">
									<conditions>
										<condition number="0" type="jump" coverage="100%"/>
									</conditions>
								</line>
								<line number="380" hits="1" branch="true" condition-coverage="50% (1/2)">
									<conditions>
										<condition number="0" type="jump" coverage="50%"/>
									</conditions>
								</line>
								<line number="381" hits="1" branch="true" condition-coverage="50% (1/2)">
									<conditions>
										<condition number="0" type="jump" coverage="50%"/>
									</conditions>
								</line>
								<line number="382" hits="0" branch="false"/>
								<line number="383" hits="1" branch="false"/>
								<line number="384" hits="1" branch="false"/>
								<line number="385" hits="1" branch="true" condition-coverage="50% (1/2)">
									<conditions>
										<condition number="0" type="jump" coverage="50%"/>
									</conditions>
								</line>
								<line number="386" hits="1" branch="false"/>
								<line number="387" hits="1" branch="false"/>
								<line number="389" hits="0" branch="false"/>
								<line number="390" hits="0" branch="false"/>
								<line number="391" hits="1" branch="false"/>
							</lines>
						</method>
						<method name="filterForParentsOfDescendants" signature="(Ljava/util/Collection;Ljava/util/Collection;)Lorg/jsoup/select/Elements;" line-rate="1.0" branch-rate="1.0">
							<lines>
								<line number="348" hits="12" branch="false"/>
								<line number="349" hits="12" branch="true" condition-coverage="100% (2/2)">
									<conditions>
										<condition number="0" type="jump" coverage="100%"/>
									</conditions>
								</line>
								<line number="350" hits="37" branch="true" condition-coverage="100% (2/2)">
									<conditions>
										<condition number="0" type="jump" coverage="100%"/>
									</conditions>
								</line>
								<line number="351" hits="56" branch="true" condition-coverage="100% (2/2)">
									<conditions>
										<condition number="0" type="jump" coverage="100%"/>
									</conditions>
								</line>
								<line number="352" hits="20" branch="false"/>
								<line number="354" hits="56" branch="false"/>
								<line number="355" hits="37" branch="false"/>
								<line number="356" hits="12" branch="false"/>
							</lines>
						</method>
						<method name="filterForSelf" signature="(Ljava/util/Collection;Ljava/util/Collection;)Lorg/jsoup/select/Elements;" line-rate="1.0" branch-rate="1.0">
							<lines>
								<line number="396" hits="101" branch="false"/>
								<line number="397" hits="101" branch="true" condition-coverage="100% (2/2)">
									<conditions>
										<condition number="0" type="jump" coverage="100%"/>
									</conditions>
								</line>
								<line number="398" hits="233" branch="true" condition-coverage="100% (2/2)">
									<conditions>
										<condition number="0" type="jump" coverage="100%"/>
									</conditions>
								</line>
								<line number="399" hits="2785" branch="true" condition-coverage="100% (2/2)">
									<conditions>
										<condition number="0" type="jump" coverage="100%"/>
									</conditions>
								</line>
								<line number="400" hits="133" branch="false"/>
								<line number="401" hits="133" branch="false"/>
								<line number="403" hits="2652" branch="false"/>
								<line number="404" hits="100" branch="false"/>
								<line number="405" hits="101" branch="false"/>
							</lines>
						</method>
						<method name="filterOut" signature="(Ljava/util/Collection;Ljava/util/Collection;)Lorg/jsoup/select/Elements;" line-rate="1.0" branch-rate="1.0">
							<lines>
								<line number="410" hits="4" branch="false"/>
								<line number="411" hits="4" branch="true" condition-coverage="100% (2/2)">
									<conditions>
										<condition number="0" type="jump" coverage="100%"/>
									</conditions>
								</line>
								<line number="412" hits="27" branch="false"/>
								<line number="413" hits="27" branch="true" condition-coverage="100% (2/2)">
									<conditions>
										<condition number="0" type="jump" coverage="100%"/>
									</conditions>
								</line>
								<line number="414" hits="43" branch="true" condition-coverage="100% (2/2)">
									<conditions>
										<condition number="0" type="jump" coverage="100%"/>
									</conditions>
								</line>
								<line number="415" hits="7" branch="false"/>
								<line number="416" hits="7" branch="false"/>
								<line number="418" hits="36" branch="false"/>
								<line number="419" hits="27" branch="true" condition-coverage="100% (2/2)">
									<conditions>
										<condition number="0" type="jump" coverage="100%"/>
									</conditions>
								</line>
								<line number="420" hits="20" branch="false"/>
								<line number="421" hits="27" branch="false"/>
								<line number="422" hits="4" branch="false"/>
							</lines>
						</method>
						<method name="findElements" signature="()Lorg/jsoup/select/Elements;" line-rate="0.9655172413793104" branch-rate="0.9642857142857143">
							<lines>
								<line number="157" hits="423" branch="true" condition-coverage="100% (2/2)">
									<conditions>
										<condition number="0" type="jump" coverage="100%"/>
									</conditions>
								</line>
								<line number="158" hits="15" branch="false"/>
								<line number="159" hits="408" branch="true" condition-coverage="100% (2/2)">
									<conditions>
										<condition number="0" type="jump" coverage="100%"/>
									</conditions>
								</line>
								<line number="160" hits="34" branch="false"/>
								<line number="161" hits="374" branch="true" condition-coverage="100% (2/2)">
									<conditions>
										<condition number="0" type="jump" coverage="100%"/>
									</conditions>
								</line>
								<line number="162" hits="266" branch="false"/>
								<line number="163" hits="108" branch="true" condition-coverage="100% (2/2)">
									<conditions>
										<condition number="0" type="jump" coverage="100%"/>
									</conditions>
								</line>
								<line number="164" hits="46" branch="false"/>
								<line number="165" hits="62" branch="true" condition-coverage="100% (2/2)">
									<conditions>
										<condition number="0" type="jump" coverage="100%"/>
									</conditions>
								</line>
								<line number="166" hits="9" branch="false"/>
								<line number="167" hits="53" branch="true" condition-coverage="100% (2/2)">
									<conditions>
										<condition number="0" type="jump" coverage="100%"/>
									</conditions>
								</line>
								<line number="168" hits="4" branch="false"/>
								<line number="169" hits="49" branch="true" condition-coverage="100% (2/2)">
									<conditions>
										<condition number="0" type="jump" coverage="100%"/>
									</conditions>
								</line>
								<line number="170" hits="5" branch="false"/>
								<line number="171" hits="44" branch="true" condition-coverage="100% (2/2)">
									<conditions>
										<condition number="0" type="jump" coverage="100%"/>
									</conditions>
								</line>
								<line number="172" hits="4" branch="false"/>
								<line number="173" hits="40" branch="true" condition-coverage="100% (2/2)">
									<conditions>
										<condition number="0" type="jump" coverage="100%"/>
									</conditions>
								</line>
								<line number="174" hits="12" branch="false"/>
								<line number="175" hits="28" branch="true" condition-coverage="100% (2/2)">
									<conditions>
										<condition number="0" type="jump" coverage="100%"/>
									</conditions>
								</line>
								<line number="176" hits="12" branch="false"/>
								<line number="177" hits="16" branch="true" condition-coverage="100% (2/2)">
									<conditions>
										<condition number="0" type="jump" coverage="100%"/>
									</conditions>
								</line>
								<line number="178" hits="2" branch="false"/>
								<line number="179" hits="14" branch="true" condition-coverage="100% (2/2)">
									<conditions>
										<condition number="0" type="jump" coverage="100%"/>
									</conditions>
								</line>
								<line number="180" hits="8" branch="false"/>
								<line number="181" hits="6" branch="true" condition-coverage="100% (2/2)">
									<conditions>
										<condition number="0" type="jump" coverage="100%"/>
									</conditions>
								</line>
								<line number="182" hits="2" branch="false"/>
								<line number="183" hits="4" branch="true" condition-coverage="50% (1/2)">
									<conditions>
										<condition number="0" type="jump" coverage="50%"/>
									</conditions>
								</line>
								<line number="184" hits="4" branch="false"/>
								<line number="186" hits="0" branch="false"/>
							</lines>
						</method>
						<method name="has" signature="()Lorg/jsoup/select/Elements;" line-rate="1.0" branch-rate="1.0">
							<lines>
								<line number="283" hits="12" branch="false"/>
								<line number="284" hits="12" branch="false"/>
								<line number="285" hits="12" branch="false"/>
								<line number="287" hits="12" branch="false"/>
							</lines>
						</method>
						<method name="indexEquals" signature="()Lorg/jsoup/select/Elements;" line-rate="1.0" branch-rate="1.0">
							<lines>
								<line number="272" hits="4" branch="false"/>
							</lines>
						</method>
						<method name="indexGreaterThan" signature="()Lorg/jsoup/select/Elements;" line-rate="1.0" branch-rate="1.0">
							<lines>
								<line number="268" hits="5" branch="false"/>
							</lines>
						</method>
						<method name="indexLessThan" signature="()Lorg/jsoup/select/Elements;" line-rate="1.0" branch-rate="1.0">
							<lines>
								<line number="264" hits="4" branch="false"/>
							</lines>
						</method>
						<method name="intersectElements" signature="(Ljava/util/Collection;)V" line-rate="1.0" branch-rate="1.0">
							<lines>
								<line number="195" hits="101" branch="false"/>
								<line number="196" hits="101" branch="false"/>
							</lines>
						</method>
						<method name="matches" signature="(Z)Lorg/jsoup/select/Elements;" line-rate="1.0" branch-rate="1.0">
							<lines>
								<line number="301" hits="10" branch="true" condition-coverage="100% (2/2)">
									<conditions>
										<condition number="0" type="jump" coverage="100%"/>
									</conditions>
								</line>
								<line number="302" hits="10" branch="false"/>
								<line number="303" hits="10" branch="false"/>
								<line number="305" hits="10" branch="true" condition-coverage="100% (2/2)">
									<conditions>
										<condition number="0" type="jump" coverage="100%"/>
									</conditions>
								</line>
							</lines>
						</method>
						<method name="not" signature="()Lorg/jsoup/select/Elements;" line-rate="1.0" branch-rate="1.0">
							<lines>
								<line number="310" hits="4" branch="false"/>
								<line number="311" hits="4" branch="false"/>
								<line number="312" hits="4" branch="false"/>
								<line number="314" hits="4" branch="false"/>
							</lines>
						</method>
						<method name="select" signature="()Lorg/jsoup/select/Elements;" line-rate="1.0" branch-rate="1.0">
							<lines>
								<line number="105" hits="328" branch="false"/>
								<line number="107" hits="328" branch="true" condition-coverage="100% (2/2)">
									<conditions>
										<condition number="0" type="jump" coverage="100%"/>
									</conditions>
								</line>
								<line number="108" hits="4" branch="false"/>
								<line number="109" hits="4" branch="false"/>
								<line number="110" hits="324" branch="true" condition-coverage="100% (2/2)">
									<conditions>
										<condition number="0" type="jump" coverage="100%"/>
									</conditions>
								</line>
								<line number="111" hits="2" branch="false"/>
								<line number="113" hits="322" branch="false"/>
								<line number="116" hits="482" branch="true" condition-coverage="100% (2/2)">
									<conditions>
										<condition number="0" type="jump" coverage="100%"/>
									</conditions>
								</line>
								<line number="118" hits="154" branch="false"/>
								<line number="120" hits="154" branch="true" condition-coverage="100% (2/2)">
									<conditions>
										<condition number="0" type="jump" coverage="100%"/>
									</conditions>
								</line>
								<line number="121" hits="23" branch="true" condition-coverage="100% (2/2)">
									<conditions>
										<condition number="0" type="jump" coverage="100%"/>
									</conditions>
								</line>
								<line number="122" hits="12" branch="false"/>
								<line number="123" hits="12" branch="false"/>
								<line number="124" hits="12" branch="false"/>
								<line number="125" hits="143" branch="true" condition-coverage="100% (2/2)">
									<conditions>
										<condition number="0" type="jump" coverage="100%"/>
									</conditions>
								</line>
								<line number="126" hits="23" branch="false"/>
								<line number="127" hits="120" branch="true" condition-coverage="100% (2/2)">
									<conditions>
										<condition number="0" type="jump" coverage="100%"/>
									</conditions>
								</line>
								<line number="128" hits="19" branch="false"/>
								<line number="130" hits="101" branch="false"/>
								<line number="131" hits="101" branch="false"/>
								<line number="133" hits="154" branch="false"/>
								<line number="134" hits="328" branch="false"/>
							</lines>
						</method>
						<method name="select" signature="(Ljava/lang/String;Ljava/lang/Iterable;)Lorg/jsoup/select/Elements;" line-rate="1.0" branch-rate="1.0">
							<lines>
								<line number="94" hits="55" branch="false"/>
								<line number="95" hits="55" branch="false"/>
								<line number="96" hits="55" branch="false"/>
								<line number="98" hits="55" branch="true" condition-coverage="100% (2/2)">
									<conditions>
										<condition number="0" type="jump" coverage="100%"/>
									</conditions>
								</line>
								<line number="99" hits="116" branch="false"/>
								<line number="100" hits="116" branch="false"/>
								<line number="101" hits="55" branch="false"/>
							</lines>
						</method>
						<method name="select" signature="(Ljava/lang/String;Lorg/jsoup/nodes/Element;)Lorg/jsoup/select/Elements;" line-rate="1.0" branch-rate="1.0">
							<lines>
								<line number="84" hits="328" branch="false"/>
							</lines>
						</method>
					</methods>
					<lines>
						<line number="59" hits="8" branch="false"/>
						<line number="65" hits="328" branch="false"/>
						<line number="66" hits="328" branch="false"/>
						<line number="67" hits="328" branch="false"/>
						<line number="68" hits="328" branch="false"/>
						<line number="69" hits="328" branch="false"/>
						<line number="71" hits="328" branch="false"/>
						<line number="72" hits="328" branch="false"/>
						<line number="73" hits="328" branch="false"/>
						<line number="74" hits="328" branch="false"/>
						<line number="75" hits="328" branch="false"/>
						<line number="84" hits="328" branch="false"/>
						<line number="94" hits="55" branch="false"/>
						<line number="95" hits="55" branch="false"/>
						<line number="96" hits="55" branch="false"/>
						<line number="98" hits="55" branch="true" condition-coverage="100% (2/2)">
							<conditions>
								<condition number="0" type="jump" coverage="100%"/>
							</conditions>
						</line>
						<line number="99" hits="116" branch="false"/>
						<line number="100" hits="116" branch="false"/>
						<line number="101" hits="55" branch="false"/>
						<line number="105" hits="328" branch="false"/>
						<line number="107" hits="328" branch="true" condition-coverage="100% (2/2)">
							<conditions>
								<condition number="0" type="jump" coverage="100%"/>
							</conditions>
						</line>
						<line number="108" hits="4" branch="false"/>
						<line number="109" hits="4" branch="false"/>
						<line number="110" hits="324" branch="true" condition-coverage="100% (2/2)">
							<conditions>
								<condition number="0" type="jump" coverage="100%"/>
							</conditions>
						</line>
						<line number="111" hits="2" branch="false"/>
						<line number="113" hits="322" branch="false"/>
						<line number="116" hits="482" branch="true" condition-coverage="100% (2/2)">
							<conditions>
								<condition number="0" type="jump" coverage="100%"/>
							</conditions>
						</line>
						<line number="118" hits="154" branch="false"/>
						<line number="120" hits="154" branch="true" condition-coverage="100% (2/2)">
							<conditions>
								<condition number="0" type="jump" coverage="100%"/>
							</conditions>
						</line>
						<line number="121" hits="23" branch="true" condition-coverage="100% (2/2)">
							<conditions>
								<condition number="0" type="jump" coverage="100%"/>
							</conditions>
						</line>
						<line number="122" hits="12" branch="false"/>
						<line number="123" hits="12" branch="false"/>
						<line number="124" hits="12" branch="false"/>
						<line number="125" hits="143" branch="true" condition-coverage="100% (2/2)">
							<conditions>
								<condition number="0" type="jump" coverage="100%"/>
							</conditions>
						</line>
						<line number="126" hits="23" branch="false"/>
						<line number="127" hits="120" branch="true" condition-coverage="100% (2/2)">
							<conditions>
								<condition number="0" type="jump" coverage="100%"/>
							</conditions>
						</line>
						<line number="128" hits="19" branch="false"/>
						<line number="130" hits="101" branch="false"/>
						<line number="131" hits="101" branch="false"/>
						<line number="133" hits="154" branch="false"/>
						<line number="134" hits="328" branch="false"/>
						<line number="138" hits="46" branch="false"/>
						<line number="139" hits="46" branch="false"/>
						<line number="142" hits="46" branch="true" condition-coverage="100% (2/2)">
							<conditions>
								<condition number="0" type="jump" coverage="100%"/>
							</conditions>
						</line>
						<line number="143" hits="20" branch="false"/>
						<line number="144" hits="26" branch="true" condition-coverage="100% (2/2)">
							<conditions>
								<condition number="0" type="jump" coverage="100%"/>
							</conditions>
						</line>
						<line number="145" hits="19" branch="false"/>
						<line number="146" hits="7" branch="true" condition-coverage="100% (2/2)">
							<conditions>
								<condition number="0" type="jump" coverage="100%"/>
							</conditions>
						</line>
						<line number="147" hits="6" branch="false"/>
						<line number="148" hits="1" branch="true" condition-coverage="50% (1/2)">
							<conditions>
								<condition number="0" type="jump" coverage="50%"/>
							</conditions>
						</line>
						<line number="149" hits="1" branch="false"/>
						<line number="151" hits="0" branch="false"/>
						<line number="153" hits="46" branch="false"/>
						<line number="154" hits="46" branch="false"/>
						<line number="157" hits="423" branch="true" condition-coverage="100% (2/2)">
							<conditions>
								<condition number="0" type="jump" coverage="100%"/>
							</conditions>
						</line>
						<line number="158" hits="15" branch="false"/>
						<line number="159" hits="408" branch="true" condition-coverage="100% (2/2)">
							<conditions>
								<condition number="0" type="jump" coverage="100%"/>
							</conditions>
						</line>
						<line number="160" hits="34" branch="false"/>
						<line number="161" hits="374" branch="true" condition-coverage="100% (2/2)">
							<conditions>
								<condition number="0" type="jump" coverage="100%"/>
							</conditions>
						</line>
						<line number="162" hits="266" branch="false"/>
						<line number="163" hits="108" branch="true" condition-coverage="100% (2/2)">
							<conditions>
								<condition number="0" type="jump" coverage="100%"/>
							</conditions>
						</line>
						<line number="164" hits="46" branch="false"/>
						<line number="165" hits="62" branch="true" condition-coverage="100% (2/2)">
							<conditions>
								<condition number="0" type="jump" coverage="100%"/>
							</conditions>
						</line>
						<line number="166" hits="9" branch="false"/>
						<line number="167" hits="53" branch="true" condition-coverage="100% (2/2)">
							<conditions>
								<condition number="0" type="jump" coverage="100%"/>
							</conditions>
						</line>
						<line number="168" hits="4" branch="false"/>
						<line number="169" hits="49" branch="true" condition-coverage="100% (2/2)">
							<conditions>
								<condition number="0" type="jump" coverage="100%"/>
							</conditions>
						</line>
						<line number="170" hits="5" branch="false"/>
						<line number="171" hits="44" branch="true" condition-coverage="100% (2/2)">
							<conditions>
								<condition number="0" type="jump" coverage="100%"/>
							</conditions>
						</line>
						<line number="172" hits="4" branch="false"/>
						<line number="173" hits="40" branch="true" condition-coverage="100% (2/2)">
							<conditions>
								<condition number="0" type="jump" coverage="100%"/>
							</conditions>
						</line>
						<line number="174" hits="12" branch="false"/>
						<line number="175" hits="28" branch="true" condition-coverage="100% (2/2)">
							<conditions>
								<condition number="0" type="jump" coverage="100%"/>
							</conditions>
						</line>
						<line number="176" hits="12" branch="false"/>
						<line number="177" hits="16" branch="true" condition-coverage="100% (2/2)">
							<conditions>
								<condition number="0" type="jump" coverage="100%"/>
							</conditions>
						</line>
						<line number="178" hits="2" branch="false"/>
						<line number="179" hits="14" branch="true" condition-coverage="100% (2/2)">
							<conditions>
								<condition number="0" type="jump" coverage="100%"/>
							</conditions>
						</line>
						<line number="180" hits="8" branch="false"/>
						<line number="181" hits="6" branch="true" condition-coverage="100% (2/2)">
							<conditions>
								<condition number="0" type="jump" coverage="100%"/>
							</conditions>
						</line>
						<line number="182" hits="2" branch="false"/>
						<line number="183" hits="4" branch="true" condition-coverage="50% (1/2)">
							<conditions>
								<condition number="0" type="jump" coverage="50%"/>
							</conditions>
						</line>
						<line number="184" hits="4" branch="false"/>
						<line number="186" hits="0" branch="false"/>
						<line number="191" hits="322" branch="false"/>
						<line number="192" hits="322" branch="false"/>
						<line number="195" hits="101" branch="false"/>
						<line number="196" hits="101" branch="false"/>
						<line number="199" hits="15" branch="false"/>
						<line number="200" hits="15" branch="false"/>
						<line number="202" hits="15" branch="false"/>
						<line number="203" hits="15" branch="false"/>
						<line number="204" hits="15" branch="true" condition-coverage="100% (2/2)">
							<conditions>
								<condition number="0" type="jump" coverage="100%"/>
							</conditions>
						</line>
						<line number="205" hits="14" branch="false"/>
						<line number="206" hits="15" branch="false"/>
						<line number="210" hits="34" branch="false"/>
						<line number="211" hits="34" branch="false"/>
						<line number="213" hits="34" branch="false"/>
						<line number="217" hits="266" branch="false"/>
						<line number="218" hits="266" branch="false"/>
						<line number="221" hits="266" branch="true" condition-coverage="100% (2/2)">
							<conditions>
								<condition number="0" type="jump" coverage="100%"/>
							</conditions>
						</line>
						<line number="222" hits="3" branch="false"/>
						<line number="223" hits="266" branch="false"/>
						<line number="227" hits="46" branch="false"/>
						<line number="228" hits="46" branch="false"/>
						<line number="229" hits="46" branch="false"/>
						<line number="230" hits="46" branch="false"/>
						<line number="232" hits="46" branch="true" condition-coverage="100% (2/2)">
							<conditions>
								<condition number="0" type="jump" coverage="100%"/>
							</conditions>
						</line>
						<line number="233" hits="16" branch="true" condition-coverage="100% (2/2)">
							<conditions>
								<condition number="0" type="jump" coverage="100%"/>
							</conditions>
						</line>
						<line number="235" hits="30" branch="true" condition-coverage="100% (2/2)">
							<conditions>
								<condition number="0" type="jump" coverage="100%"/>
							</conditions>
						</line>
						<line number="236" hits="22" branch="false"/>
						<line number="238" hits="8" branch="true" condition-coverage="100% (2/2)">
							<conditions>
								<condition number="0" type="jump" coverage="100%"/>
							</conditions>
						</line>
						<line number="239" hits="1" branch="false"/>
						<line number="241" hits="7" branch="true" condition-coverage="100% (2/2)">
							<conditions>
								<condition number="0" type="jump" coverage="100%"/>
							</conditions>
						</line>
						<line number="242" hits="1" branch="false"/>
						<line number="244" hits="6" branch="true" condition-coverage="100% (2/2)">
							<conditions>
								<condition number="0" type="jump" coverage="100%"/>
							</conditions>
						</line>
						<line number="245" hits="1" branch="false"/>
						<line number="247" hits="5" branch="true" condition-coverage="100% (2/2)">
							<conditions>
								<condition number="0" type="jump" coverage="100%"/>
							</conditions>
						</line>
						<line number="248" hits="3" branch="false"/>
						<line number="250" hits="2" branch="true" condition-coverage="50% (1/2)">
							<conditions>
								<condition number="0" type="jump" coverage="50%"/>
							</conditions>
						</line>
						<line number="251" hits="2" branch="false"/>
						<line number="254" hits="0" branch="false"/>
						<line number="259" hits="9" branch="false"/>
						<line number="264" hits="4" branch="false"/>
						<line number="268" hits="5" branch="false"/>
						<line number="272" hits="4" branch="false"/>
						<line number="276" hits="13" branch="false"/>
						<line number="277" hits="13" branch="false"/>
						<line number="278" hits="13" branch="false"/>
						<line number="283" hits="12" branch="false"/>
						<line number="284" hits="12" branch="false"/>
						<line number="285" hits="12" branch="false"/>
						<line number="287" hits="12" branch="false"/>
						<line number="292" hits="14" branch="true" condition-coverage="100% (2/2)">
							<conditions>
								<condition number="0" type="jump" coverage="100%"/>
							</conditions>
						</line>
						<line number="293" hits="14" branch="false"/>
						<line number="294" hits="14" branch="false"/>
						<line number="296" hits="14" branch="true" condition-coverage="100% (2/2)">
							<conditions>
								<condition number="0" type="jump" coverage="100%"/>
							</conditions>
						</line>
						<line number="301" hits="10" branch="true" condition-coverage="100% (2/2)">
							<conditions>
								<condition number="0" type="jump" coverage="100%"/>
							</conditions>
						</line>
						<line number="302" hits="10" branch="false"/>
						<line number="303" hits="10" branch="false"/>
						<line number="305" hits="10" branch="true" condition-coverage="100% (2/2)">
							<conditions>
								<condition number="0" type="jump" coverage="100%"/>
							</conditions>
						</line>
						<line number="310" hits="4" branch="false"/>
						<line number="311" hits="4" branch="false"/>
						<line number="312" hits="4" branch="false"/>
						<line number="314" hits="4" branch="false"/>
						<line number="319" hits="20" branch="false"/>
						<line number="320" hits="20" branch="true" condition-coverage="100% (2/2)">
							<conditions>
								<condition number="0" type="jump" coverage="100%"/>
							</conditions>
						</line>
						<line number="321" hits="73" branch="true" condition-coverage="100% (2/2)">
							<conditions>
								<condition number="0" type="jump" coverage="100%"/>
							</conditions>
						</line>
						<line number="322" hits="155" branch="true" condition-coverage="75% (3/4)">
							<conditions>
								<condition number="0" type="jump" coverage="50%"/>
								<condition number="1" type="jump" coverage="100%"/>
							</conditions>
						</line>
						<line number="323" hits="58" branch="false"/>
						<line number="324" hits="58" branch="false"/>
						<line number="326" hits="97" branch="false"/>
						<line number="327" hits="15" branch="false"/>
						<line number="328" hits="20" branch="false"/>
						<line number="334" hits="19" branch="false"/>
						<line number="335" hits="19" branch="true" condition-coverage="100% (2/2)">
							<conditions>
								<condition number="0" type="jump" coverage="100%"/>
							</conditions>
						</line>
						<line number="336" hits="38" branch="true" condition-coverage="100% (2/2)">
							<conditions>
								<condition number="0" type="jump" coverage="100%"/>
							</conditions>
						</line>
						<line number="337" hits="54" branch="true" condition-coverage="100% (2/2)">
							<conditions>
								<condition number="0" type="jump" coverage="100%"/>
							</conditions>
						</line>
						<line number="338" hits="5" branch="false"/>
						<line number="340" hits="49" branch="false"/>
						<line number="341" hits="33" branch="false"/>
						<line number="342" hits="33" branch="false"/>
						<line number="343" hits="19" branch="false"/>
						<line number="348" hits="12" branch="false"/>
						<line number="349" hits="12" branch="true" condition-coverage="100% (2/2)">
							<conditions>
								<condition number="0" type="jump" coverage="100%"/>
							</conditions>
						</line>
						<line number="350" hits="37" branch="true" condition-coverage="100% (2/2)">
							<conditions>
								<condition number="0" type="jump" coverage="100%"/>
							</conditions>
						</line>
						<line number="351" hits="56" branch="true" condition-coverage="100% (2/2)">
							<conditions>
								<condition number="0" type="jump" coverage="100%"/>
							</conditions>
						</line>
						<line number="352" hits="20" branch="false"/>
						<line number="354" hits="56" branch="false"/>
						<line number="355" hits="37" branch="false"/>
						<line number="356" hits="12" branch="false"/>
						<line number="361" hits="6" branch="false"/>
						<line number="362" hits="6" branch="true" condition-coverage="100% (2/2)">
							<conditions>
								<condition number="0" type="jump" coverage="100%"/>
							</conditions>
						</line>
						<line number="363" hits="13" branch="true" condition-coverage="100% (2/2)">
							<conditions>
								<condition number="0" type="jump" coverage="100%"/>
							</conditions>
						</line>
						<line number="364" hits="23" branch="true" condition-coverage="50% (1/2)">
							<conditions>
								<condition number="0" type="jump" coverage="50%"/>
							</conditions>
						</line>
						<line number="365" hits="0" branch="false"/>
						<line number="366" hits="23" branch="false"/>
						<line number="367" hits="23" branch="true" condition-coverage="100% (4/4)">
							<conditions>
								<condition number="0" type="jump" coverage="100%"/>
								<condition number="1" type="jump" coverage="100%"/>
							</conditions>
						</line>
						<line number="368" hits="8" branch="false"/>
						<line number="369" hits="8" branch="false"/>
						<line number="371" hits="15" branch="false"/>
						<line number="372" hits="5" branch="false"/>
						<line number="373" hits="6" branch="false"/>
						<line number="378" hits="1" branch="false"/>
						<line number="379" hits="1" branch="true" condition-coverage="100% (2/2)">
							<conditions>
								<condition number="0" type="jump" coverage="100%"/>
							</conditions>
						</line>
						<line number="380" hits="1" branch="true" condition-coverage="50% (1/2)">
							<conditions>
								<condition number="0" type="jump" coverage="50%"/>
							</conditions>
						</line>
						<line number="381" hits="1" branch="true" condition-coverage="50% (1/2)">
							<conditions>
								<condition number="0" type="jump" coverage="50%"/>
							</conditions>
						</line>
						<line number="382" hits="0" branch="false"/>
						<line number="383" hits="1" branch="false"/>
						<line number="384" hits="1" branch="false"/>
						<line number="385" hits="1" branch="true" condition-coverage="50% (1/2)">
							<conditions>
								<condition number="0" type="jump" coverage="50%"/>
							</conditions>
						</line>
						<line number="386" hits="1" branch="false"/>
						<line number="387" hits="1" branch="false"/>
						<line number="389" hits="0" branch="false"/>
						<line number="390" hits="0" branch="false"/>
						<line number="391" hits="1" branch="false"/>
						<line number="396" hits="101" branch="false"/>
						<line number="397" hits="101" branch="true" condition-coverage="100% (2/2)">
							<conditions>
								<condition number="0" type="jump" coverage="100%"/>
							</conditions>
						</line>
						<line number="398" hits="233" branch="true" condition-coverage="100% (2/2)">
							<conditions>
								<condition number="0" type="jump" coverage="100%"/>
							</conditions>
						</line>
						<line number="399" hits="2785" branch="true" condition-coverage="100% (2/2)">
							<conditions>
								<condition number="0" type="jump" coverage="100%"/>
							</conditions>
						</line>
						<line number="400" hits="133" branch="false"/>
						<line number="401" hits="133" branch="false"/>
						<line number="403" hits="2652" branch="false"/>
						<line number="404" hits="100" branch="false"/>
						<line number="405" hits="101" branch="false"/>
						<line number="410" hits="4" branch="false"/>
						<line number="411" hits="4" branch="true" condition-coverage="100% (2/2)">
							<conditions>
								<condition number="0" type="jump" coverage="100%"/>
							</conditions>
						</line>
						<line number="412" hits="27" branch="false"/>
						<line number="413" hits="27" branch="true" condition-coverage="100% (2/2)">
							<conditions>
								<condition number="0" type="jump" coverage="100%"/>
							</conditions>
						</line>
						<line number="414" hits="43" branch="true" condition-coverage="100% (2/2)">
							<conditions>
								<condition number="0" type="jump" coverage="100%"/>
							</conditions>
						</line>
						<line number="415" hits="7" branch="false"/>
						<line number="416" hits="7" branch="false"/>
						<line number="418" hits="36" branch="false"/>
						<line number="419" hits="27" branch="true" condition-coverage="100% (2/2)">
							<conditions>
								<condition number="0" type="jump" coverage="100%"/>
							</conditions>
						</line>
						<line number="420" hits="20" branch="false"/>
						<line number="421" hits="27" branch="false"/>
						<line number="422" hits="4" branch="false"/>
					</lines>
				</class>
				<class name="org.jsoup.select.Selector$SelectorParseException" filename="org/jsoup/select/Selector.java" line-rate="0.0" branch-rate="1.0" complexity="4.103448275862069">
					<methods>
						<method name="&lt;init&gt;" signature="(Ljava/lang/String;[Ljava/lang/Object;)V" line-rate="0.0" branch-rate="1.0">
							<lines>
								<line number="427" hits="0" branch="false"/>
								<line number="428" hits="0" branch="false"/>
							</lines>
						</method>
					</methods>
					<lines>
						<line number="427" hits="0" branch="false"/>
						<line number="428" hits="0" branch="false"/>
					</lines>
				</class>
			</classes>
		</package>
	</packages>
</coverage>
