<?xml version="1.0"?>
<!DOCTYPE coverage SYSTEM "http://cobertura.sourceforge.net/xml/coverage-04.dtd">

<coverage line-rate="0.7560975609756098" branch-rate="0.5" lines-covered="62" lines-valid="82" branches-covered="31" branches-valid="62" complexity="3.1578947368421053" version="2.0.3" timestamp="1605111800097">
	<sources>
		<source>src/main/java</source>
	</sources>
	<packages>
		<package name="com.fasterxml.jackson.core" line-rate="0.7560975609756098" branch-rate="0.5" complexity="3.1578947368421053">
			<classes>
				<class name="com.fasterxml.jackson.core.JsonPointer" filename="com/fasterxml/jackson/core/JsonPointer.java" line-rate="0.7560975609756098" branch-rate="0.5" complexity="3.1578947368421053">
					<methods>
						<method name="&lt;clinit&gt;" signature="()V" line-rate="1.0" branch-rate="1.0">
							<lines>
								<line number="26" hits="1" branch="false"/>
							</lines>
						</method>
						<method name="&lt;init&gt;" signature="()V" line-rate="1.0" branch-rate="1.0">
							<lines>
								<line number="55" hits="1" branch="false"/>
								<line number="56" hits="1" branch="false"/>
								<line number="57" hits="1" branch="false"/>
								<line number="58" hits="1" branch="false"/>
								<line number="59" hits="1" branch="false"/>
								<line number="60" hits="1" branch="false"/>
							</lines>
						</method>
						<method name="&lt;init&gt;" signature="(Ljava/lang/String;Ljava/lang/String;Lcom/fasterxml/jackson/core/JsonPointer;)V" line-rate="1.0" branch-rate="1.0">
							<lines>
								<line number="65" hits="9" branch="false"/>
								<line number="66" hits="9" branch="false"/>
								<line number="67" hits="9" branch="false"/>
								<line number="69" hits="9" branch="false"/>
								<line number="70" hits="9" branch="false"/>
								<line number="71" hits="9" branch="false"/>
							</lines>
						</method>
						<method name="_appendEscape" signature="(Ljava/lang/StringBuilder;C)V" line-rate="0.8571428571428571" branch-rate="0.75">
							<lines>
								<line number="260" hits="3" branch="true" condition-coverage="100% (2/2)">
									<conditions>
										<condition number="0" type="jump" coverage="100%"/>
									</conditions>
								</line>
								<line number="261" hits="1" branch="false"/>
								<line number="262" hits="2" branch="true" condition-coverage="50% (1/2)">
									<conditions>
										<condition number="0" type="jump" coverage="50%"/>
									</conditions>
								</line>
								<line number="263" hits="2" branch="false"/>
								<line number="265" hits="0" branch="false"/>
								<line number="267" hits="3" branch="false"/>
								<line number="268" hits="3" branch="false"/>
							</lines>
						</method>
						<method name="_parseIndex" signature="(Ljava/lang/String;)I" line-rate="0.9166666666666666" branch-rate="0.7142857142857143">
							<lines>
								<line number="186" hits="9" branch="false"/>
								<line number="189" hits="9" branch="true" condition-coverage="50% (2/4)">
									<conditions>
										<condition number="0" type="jump" coverage="50%"/>
										<condition number="1" type="jump" coverage="50%"/>
									</conditions>
								</line>
								<line number="190" hits="0" branch="false"/>
								<line number="192" hits="22" branch="true" condition-coverage="100% (2/2)">
									<conditions>
										<condition number="0" type="jump" coverage="100%"/>
									</conditions>
								</line>
								<line number="193" hits="20" branch="false"/>
								<line number="194" hits="20" branch="true" condition-coverage="75% (3/4)">
									<conditions>
										<condition number="0" type="jump" coverage="100%"/>
										<condition number="1" type="jump" coverage="50%"/>
									</conditions>
								</line>
								<line number="195" hits="7" branch="false"/>
								<line number="198" hits="2" branch="true" condition-coverage="100% (2/2)">
									<conditions>
										<condition number="0" type="jump" coverage="100%"/>
									</conditions>
								</line>
								<line number="199" hits="1" branch="false"/>
								<line number="200" hits="1" branch="true" condition-coverage="50% (1/2)">
									<conditions>
										<condition number="0" type="jump" coverage="50%"/>
									</conditions>
								</line>
								<line number="201" hits="1" branch="false"/>
								<line number="204" hits="1" branch="false"/>
							</lines>
						</method>
						<method name="_parseQuotedTail" signature="(Ljava/lang/String;I)Lcom/fasterxml/jackson/core/JsonPointer;" line-rate="0.875" branch-rate="0.6">
							<lines>
								<line number="236" hits="3" branch="false"/>
								<line number="237" hits="3" branch="false"/>
								<line number="238" hits="3" branch="true" condition-coverage="50% (1/2)">
									<conditions>
										<condition number="0" type="jump" coverage="50%"/>
									</conditions>
								</line>
								<line number="239" hits="3" branch="false"/>
								<line number="241" hits="3" branch="false"/>
								<line number="242" hits="9" branch="true" condition-coverage="100% (2/2)">
									<conditions>
										<condition number="0" type="jump" coverage="100%"/>
									</conditions>
								</line>
								<line number="243" hits="8" branch="false"/>
								<line number="244" hits="8" branch="true" condition-coverage="100% (2/2)">
									<conditions>
										<condition number="0" type="jump" coverage="100%"/>
									</conditions>
								</line>
								<line number="245" hits="2" branch="false"/>
								<line number="248" hits="6" branch="false"/>
								<line number="249" hits="6" branch="true" condition-coverage="25% (1/4)">
									<conditions>
										<condition number="0" type="jump" coverage="50%"/>
										<condition number="1" type="jump" coverage="0%"/>
									</conditions>
								</line>
								<line number="250" hits="0" branch="false"/>
								<line number="251" hits="0" branch="false"/>
								<line number="253" hits="6" branch="false"/>
								<line number="254" hits="6" branch="false"/>
								<line number="256" hits="1" branch="false"/>
							</lines>
						</method>
						<method name="_parseTail" signature="(Ljava/lang/String;)Lcom/fasterxml/jackson/core/JsonPointer;" line-rate="1.0" branch-rate="0.875">
							<lines>
								<line number="208" hits="9" branch="false"/>
								<line number="211" hits="9" branch="true" condition-coverage="100% (2/2)">
									<conditions>
										<condition number="0" type="jump" coverage="100%"/>
									</conditions>
								</line>
								<line number="212" hits="39" branch="false"/>
								<line number="213" hits="39" branch="true" condition-coverage="100% (2/2)">
									<conditions>
										<condition number="0" type="jump" coverage="100%"/>
									</conditions>
								</line>
								<line number="214" hits="3" branch="false"/>
								<line number="217" hits="36" branch="false"/>
								<line number="219" hits="36" branch="true" condition-coverage="75% (3/4)">
									<conditions>
										<condition number="0" type="jump" coverage="100%"/>
										<condition number="1" type="jump" coverage="50%"/>
									</conditions>
								</line>
								<line number="220" hits="3" branch="false"/>
								<line number="223" hits="33" branch="false"/>
								<line number="225" hits="3" branch="false"/>
							</lines>
						</method>
						<method name="compile" signature="(Ljava/lang/String;)Lcom/fasterxml/jackson/core/JsonPointer;" line-rate="0.6" branch-rate="0.5">
							<lines>
								<line number="91" hits="4" branch="true" condition-coverage="50% (2/4)">
									<conditions>
										<condition number="0" type="jump" coverage="50%"/>
										<condition number="1" type="jump" coverage="50%"/>
									</conditions>
								</line>
								<line number="92" hits="0" branch="false"/>
								<line number="95" hits="4" branch="true" condition-coverage="50% (1/2)">
									<conditions>
										<condition number="0" type="jump" coverage="50%"/>
									</conditions>
								</line>
								<line number="96" hits="0" branch="false"/>
								<line number="98" hits="4" branch="false"/>
							</lines>
						</method>
						<method name="equals" signature="(Ljava/lang/Object;)Z" line-rate="0.0" branch-rate="0.0">
							<lines>
								<line number="173" hits="0" branch="true" condition-coverage="0% (0/2)">
									<conditions>
										<condition number="0" type="jump" coverage="0%"/>
									</conditions>
								</line>
								<line number="174" hits="0" branch="true" condition-coverage="0% (0/2)">
									<conditions>
										<condition number="0" type="jump" coverage="0%"/>
									</conditions>
								</line>
								<line number="175" hits="0" branch="true" condition-coverage="0% (0/2)">
									<conditions>
										<condition number="0" type="jump" coverage="0%"/>
									</conditions>
								</line>
								<line number="176" hits="0" branch="false"/>
							</lines>
						</method>
						<method name="getMatchingIndex" signature="()I" line-rate="1.0" branch-rate="1.0">
							<lines>
								<line number="137" hits="8" branch="false"/>
							</lines>
						</method>
						<method name="getMatchingProperty" signature="()Ljava/lang/String;" line-rate="1.0" branch-rate="1.0">
							<lines>
								<line number="136" hits="9" branch="false"/>
							</lines>
						</method>
						<method name="hashCode" signature="()I" line-rate="0.0" branch-rate="1.0">
							<lines>
								<line number="170" hits="0" branch="false"/>
							</lines>
						</method>
						<method name="matchElement" signature="(I)Lcom/fasterxml/jackson/core/JsonPointer;" line-rate="0.0" branch-rate="0.0">
							<lines>
								<line number="149" hits="0" branch="true" condition-coverage="0% (0/4)">
									<conditions>
										<condition number="0" type="jump" coverage="0%"/>
										<condition number="1" type="jump" coverage="0%"/>
									</conditions>
								</line>
								<line number="150" hits="0" branch="false"/>
								<line number="152" hits="0" branch="false"/>
							</lines>
						</method>
						<method name="matchProperty" signature="(Ljava/lang/String;)Lcom/fasterxml/jackson/core/JsonPointer;" line-rate="0.0" branch-rate="0.0">
							<lines>
								<line number="142" hits="0" branch="true" condition-coverage="0% (0/4)">
									<conditions>
										<condition number="0" type="jump" coverage="0%"/>
										<condition number="1" type="jump" coverage="0%"/>
									</conditions>
								</line>
								<line number="143" hits="0" branch="false"/>
								<line number="145" hits="0" branch="false"/>
							</lines>
						</method>
						<method name="matches" signature="()Z" line-rate="1.0" branch-rate="1.0">
							<lines>
								<line number="135" hits="11" branch="true" condition-coverage="100% (2/2)">
									<conditions>
										<condition number="0" type="jump" coverage="100%"/>
									</conditions>
								</line>
							</lines>
						</method>
						<method name="mayMatchElement" signature="()Z" line-rate="0.0" branch-rate="0.0">
							<lines>
								<line number="139" hits="0" branch="true" condition-coverage="0% (0/2)">
									<conditions>
										<condition number="0" type="jump" coverage="0%"/>
									</conditions>
								</line>
							</lines>
						</method>
						<method name="mayMatchProperty" signature="()Z" line-rate="0.0" branch-rate="0.0">
							<lines>
								<line number="138" hits="0" branch="true" condition-coverage="0% (0/2)">
									<conditions>
										<condition number="0" type="jump" coverage="0%"/>
									</conditions>
								</line>
							</lines>
						</method>
						<method name="tail" signature="()Lcom/fasterxml/jackson/core/JsonPointer;" line-rate="1.0" branch-rate="1.0">
							<lines>
								<line number="160" hits="11" branch="false"/>
							</lines>
						</method>
						<method name="toString" signature="()Ljava/lang/String;" line-rate="1.0" branch-rate="1.0">
							<lines>
								<line number="169" hits="7" branch="false"/>
							</lines>
						</method>
						<method name="valueOf" signature="(Ljava/lang/String;)Lcom/fasterxml/jackson/core/JsonPointer;" line-rate="0.0" branch-rate="1.0">
							<lines>
								<line number="105" hits="0" branch="false"/>
							</lines>
						</method>
					</methods>
					<lines>
						<line number="26" hits="1" branch="false"/>
						<line number="55" hits="1" branch="false"/>
						<line number="56" hits="1" branch="false"/>
						<line number="57" hits="1" branch="false"/>
						<line number="58" hits="1" branch="false"/>
						<line number="59" hits="1" branch="false"/>
						<line number="60" hits="1" branch="false"/>
						<line number="65" hits="9" branch="false"/>
						<line number="66" hits="9" branch="false"/>
						<line number="67" hits="9" branch="false"/>
						<line number="69" hits="9" branch="false"/>
						<line number="70" hits="9" branch="false"/>
						<line number="71" hits="9" branch="false"/>
						<line number="91" hits="4" branch="true" condition-coverage="50% (2/4)">
							<conditions>
								<condition number="0" type="jump" coverage="50%"/>
								<condition number="1" type="jump" coverage="50%"/>
							</conditions>
						</line>
						<line number="92" hits="0" branch="false"/>
						<line number="95" hits="4" branch="true" condition-coverage="50% (1/2)">
							<conditions>
								<condition number="0" type="jump" coverage="50%"/>
							</conditions>
						</line>
						<line number="96" hits="0" branch="false"/>
						<line number="98" hits="4" branch="false"/>
						<line number="105" hits="0" branch="false"/>
						<line number="135" hits="11" branch="true" condition-coverage="100% (2/2)">
							<conditions>
								<condition number="0" type="jump" coverage="100%"/>
							</conditions>
						</line>
						<line number="136" hits="9" branch="false"/>
						<line number="137" hits="8" branch="false"/>
						<line number="138" hits="0" branch="true" condition-coverage="0% (0/2)">
							<conditions>
								<condition number="0" type="jump" coverage="0%"/>
							</conditions>
						</line>
						<line number="139" hits="0" branch="true" condition-coverage="0% (0/2)">
							<conditions>
								<condition number="0" type="jump" coverage="0%"/>
							</conditions>
						</line>
						<line number="142" hits="0" branch="true" condition-coverage="0% (0/4)">
							<conditions>
								<condition number="0" type="jump" coverage="0%"/>
								<condition number="1" type="jump" coverage="0%"/>
							</conditions>
						</line>
						<line number="143" hits="0" branch="false"/>
						<line number="145" hits="0" branch="false"/>
						<line number="149" hits="0" branch="true" condition-coverage="0% (0/4)">
							<conditions>
								<condition number="0" type="jump" coverage="0%"/>
								<condition number="1" type="jump" coverage="0%"/>
							</conditions>
						</line>
						<line number="150" hits="0" branch="false"/>
						<line number="152" hits="0" branch="false"/>
						<line number="160" hits="11" branch="false"/>
						<line number="169" hits="7" branch="false"/>
						<line number="170" hits="0" branch="false"/>
						<line number="173" hits="0" branch="true" condition-coverage="0% (0/2)">
							<conditions>
								<condition number="0" type="jump" coverage="0%"/>
							</conditions>
						</line>
						<line number="174" hits="0" branch="true" condition-coverage="0% (0/2)">
							<conditions>
								<condition number="0" type="jump" coverage="0%"/>
							</conditions>
						</line>
						<line number="175" hits="0" branch="true" condition-coverage="0% (0/2)">
							<conditions>
								<condition number="0" type="jump" coverage="0%"/>
							</conditions>
						</line>
						<line number="176" hits="0" branch="false"/>
						<line number="186" hits="9" branch="false"/>
						<line number="189" hits="9" branch="true" condition-coverage="50% (2/4)">
							<conditions>
								<condition number="0" type="jump" coverage="50%"/>
								<condition number="1" type="jump" coverage="50%"/>
							</conditions>
						</line>
						<line number="190" hits="0" branch="false"/>
						<line number="192" hits="22" branch="true" condition-coverage="100% (2/2)">
							<conditions>
								<condition number="0" type="jump" coverage="100%"/>
							</conditions>
						</line>
						<line number="193" hits="20" branch="false"/>
						<line number="194" hits="20" branch="true" condition-coverage="75% (3/4)">
							<conditions>
								<condition number="0" type="jump" coverage="100%"/>
								<condition number="1" type="jump" coverage="50%"/>
							</conditions>
						</line>
						<line number="195" hits="7" branch="false"/>
						<line number="198" hits="2" branch="true" condition-coverage="100% (2/2)">
							<conditions>
								<condition number="0" type="jump" coverage="100%"/>
							</conditions>
						</line>
						<line number="199" hits="1" branch="false"/>
						<line number="200" hits="1" branch="true" condition-coverage="50% (1/2)">
							<conditions>
								<condition number="0" type="jump" coverage="50%"/>
							</conditions>
						</line>
						<line number="201" hits="1" branch="false"/>
						<line number="204" hits="1" branch="false"/>
						<line number="208" hits="9" branch="false"/>
						<line number="211" hits="9" branch="true" condition-coverage="100% (2/2)">
							<conditions>
								<condition number="0" type="jump" coverage="100%"/>
							</conditions>
						</line>
						<line number="212" hits="39" branch="false"/>
						<line number="213" hits="39" branch="true" condition-coverage="100% (2/2)">
							<conditions>
								<condition number="0" type="jump" coverage="100%"/>
							</conditions>
						</line>
						<line number="214" hits="3" branch="false"/>
						<line number="217" hits="36" branch="false"/>
						<line number="219" hits="36" branch="true" condition-coverage="75% (3/4)">
							<conditions>
								<condition number="0" type="jump" coverage="100%"/>
								<condition number="1" type="jump" coverage="50%"/>
							</conditions>
						</line>
						<line number="220" hits="3" branch="false"/>
						<line number="223" hits="33" branch="false"/>
						<line number="225" hits="3" branch="false"/>
						<line number="236" hits="3" branch="false"/>
						<line number="237" hits="3" branch="false"/>
						<line number="238" hits="3" branch="true" condition-coverage="50% (1/2)">
							<conditions>
								<condition number="0" type="jump" coverage="50%"/>
							</conditions>
						</line>
						<line number="239" hits="3" branch="false"/>
						<line number="241" hits="3" branch="false"/>
						<line number="242" hits="9" branch="true" condition-coverage="100% (2/2)">
							<conditions>
								<condition number="0" type="jump" coverage="100%"/>
							</conditions>
						</line>
						<line number="243" hits="8" branch="false"/>
						<line number="244" hits="8" branch="true" condition-coverage="100% (2/2)">
							<conditions>
								<condition number="0" type="jump" coverage="100%"/>
							</conditions>
						</line>
						<line number="245" hits="2" branch="false"/>
						<line number="248" hits="6" branch="false"/>
						<line number="249" hits="6" branch="true" condition-coverage="25% (1/4)">
							<conditions>
								<condition number="0" type="jump" coverage="50%"/>
								<condition number="1" type="jump" coverage="0%"/>
							</conditions>
						</line>
						<line number="250" hits="0" branch="false"/>
						<line number="251" hits="0" branch="false"/>
						<line number="253" hits="6" branch="false"/>
						<line number="254" hits="6" branch="false"/>
						<line number="256" hits="1" branch="false"/>
						<line number="260" hits="3" branch="true" condition-coverage="100% (2/2)">
							<conditions>
								<condition number="0" type="jump" coverage="100%"/>
							</conditions>
						</line>
						<line number="261" hits="1" branch="false"/>
						<line number="262" hits="2" branch="true" condition-coverage="50% (1/2)">
							<conditions>
								<condition number="0" type="jump" coverage="50%"/>
							</conditions>
						</line>
						<line number="263" hits="2" branch="false"/>
						<line number="265" hits="0" branch="false"/>
						<line number="267" hits="3" branch="false"/>
						<line number="268" hits="3" branch="false"/>
					</lines>
				</class>
			</classes>
		</package>
	</packages>
</coverage>
