<?xml version="1.0"?>
<!DOCTYPE coverage SYSTEM "http://cobertura.sourceforge.net/xml/coverage-04.dtd">

<coverage line-rate="0.9230769230769231" branch-rate="1.0" lines-covered="12" lines-valid="13" branches-covered="10" branches-valid="10" complexity="5.0" version="2.0.3" timestamp="1615732676104">
	<sources>
		<source>src/java</source>
	</sources>
	<packages>
		<package name="org.apache.commons.cli" line-rate="0.9230769230769231" branch-rate="1.0" complexity="5.0">
			<classes>
				<class name="org.apache.commons.cli.Util" filename="org/apache/commons/cli/Util.java" line-rate="0.9230769230769231" branch-rate="1.0" complexity="5.0">
					<methods>
						<method name="&lt;init&gt;" signature="()V" line-rate="0.0" branch-rate="1.0">
							<lines>
								<line number="24" hits="0" branch="false"/>
							</lines>
						</method>
						<method name="stripLeadingAndTrailingQuotes" signature="(Ljava/lang/String;)Ljava/lang/String;" line-rate="1.0" branch-rate="1.0">
							<lines>
								<line number="62" hits="191" branch="true" condition-coverage="100% (2/2)">
									<conditions>
										<condition number="0" type="jump" coverage="100%"/>
									</conditions>
								</line>
								<line number="63" hits="1" branch="false"/>
								<line number="65" hits="191" branch="true" condition-coverage="100% (2/2)">
									<conditions>
										<condition number="0" type="jump" coverage="100%"/>
									</conditions>
								</line>
								<line number="66" hits="1" branch="false"/>
								<line number="68" hits="191" branch="false"/>
							</lines>
						</method>
						<method name="stripLeadingHyphens" signature="(Ljava/lang/String;)Ljava/lang/String;" line-rate="1.0" branch-rate="1.0">
							<lines>
								<line number="36" hits="1636" branch="true" condition-coverage="100% (2/2)">
									<conditions>
										<condition number="0" type="jump" coverage="100%"/>
									</conditions>
								</line>
								<line number="37" hits="2" branch="false"/>
								<line number="39" hits="1634" branch="true" condition-coverage="100% (2/2)">
									<conditions>
										<condition number="0" type="jump" coverage="100%"/>
									</conditions>
								</line>
								<line number="41" hits="182" branch="false"/>
								<line number="43" hits="1452" branch="true" condition-coverage="100% (2/2)">
									<conditions>
										<condition number="0" type="jump" coverage="100%"/>
									</conditions>
								</line>
								<line number="45" hits="904" branch="false"/>
								<line number="48" hits="548" branch="false"/>
							</lines>
						</method>
					</methods>
					<lines>
						<line number="24" hits="0" branch="false"/>
						<line number="36" hits="1636" branch="true" condition-coverage="100% (2/2)">
							<conditions>
								<condition number="0" type="jump" coverage="100%"/>
							</conditions>
						</line>
						<line number="37" hits="2" branch="false"/>
						<line number="39" hits="1634" branch="true" condition-coverage="100% (2/2)">
							<conditions>
								<condition number="0" type="jump" coverage="100%"/>
							</conditions>
						</line>
						<line number="41" hits="182" branch="false"/>
						<line number="43" hits="1452" branch="true" condition-coverage="100% (2/2)">
							<conditions>
								<condition number="0" type="jump" coverage="100%"/>
							</conditions>
						</line>
						<line number="45" hits="904" branch="false"/>
						<line number="48" hits="548" branch="false"/>
						<line number="62" hits="191" branch="true" condition-coverage="100% (2/2)">
							<conditions>
								<condition number="0" type="jump" coverage="100%"/>
							</conditions>
						</line>
						<line number="63" hits="1" branch="false"/>
						<line number="65" hits="191" branch="true" condition-coverage="100% (2/2)">
							<conditions>
								<condition number="0" type="jump" coverage="100%"/>
							</conditions>
						</line>
						<line number="66" hits="1" branch="false"/>
						<line number="68" hits="191" branch="false"/>
					</lines>
				</class>
			</classes>
		</package>
	</packages>
</coverage>
