<?xml version="1.0"?>
<!DOCTYPE coverage SYSTEM "http://cobertura.sourceforge.net/xml/coverage-04.dtd">

<coverage line-rate="1.0" branch-rate="1.0" lines-covered="105" lines-valid="105" branches-covered="70" branches-valid="70" complexity="4.117647058823529" version="2.0.3" timestamp="1607034070080">
	<sources>
		<source>src/main/java</source>
	</sources>
	<packages>
		<package name="org.apache.commons.codec.net" line-rate="1.0" branch-rate="1.0" complexity="4.117647058823529">
			<classes>
				<class name="org.apache.commons.codec.net.QuotedPrintableCodec" filename="org/apache/commons/codec/net/QuotedPrintableCodec.java" line-rate="1.0" branch-rate="1.0" complexity="4.117647058823529">
					<methods>
						<method name="&lt;clinit&gt;" signature="()V" line-rate="1.0" branch-rate="1.0">
							<lines>
								<line number="62" hits="2" branch="false"/>
								<line number="80" hits="58" branch="false"/>
								<line number="81" hits="56" branch="false"/>
								<line number="83" hits="132" branch="false"/>
								<line number="84" hits="130" branch="false"/>
								<line number="86" hits="2" branch="false"/>
								<line number="87" hits="2" branch="false"/>
								<line number="88" hits="2" branch="false"/>
							</lines>
						</method>
						<method name="&lt;init&gt;" signature="()V" line-rate="1.0" branch-rate="1.0">
							<lines>
								<line number="94" hits="18" branch="false"/>
								<line number="95" hits="18" branch="false"/>
							</lines>
						</method>
						<method name="&lt;init&gt;" signature="(Ljava/lang/String;)V" line-rate="1.0" branch-rate="1.0">
							<lines>
								<line number="104" hits="20" branch="false"/>
								<line number="105" hits="20" branch="false"/>
								<line number="106" hits="20" branch="false"/>
							</lines>
						</method>
						<method name="decode" signature="(Ljava/lang/Object;)Ljava/lang/Object;" line-rate="1.0" branch-rate="1.0">
							<lines>
								<line number="427" hits="4" branch="true" condition-coverage="100% (2/2)">
									<conditions>
										<condition number="0" type="jump" coverage="100%"/>
									</conditions>
								</line>
								<line number="428" hits="1" branch="false"/>
								<line number="429" hits="3" branch="true" condition-coverage="100% (2/2)">
									<conditions>
										<condition number="0" type="jump" coverage="100%"/>
									</conditions>
								</line>
								<line number="430" hits="1" branch="false"/>
								<line number="431" hits="2" branch="true" condition-coverage="100% (2/2)">
									<conditions>
										<condition number="0" type="jump" coverage="100%"/>
									</conditions>
								</line>
								<line number="432" hits="1" branch="false"/>
								<line number="434" hits="1" branch="false"/>
							</lines>
						</method>
						<method name="decode" signature="(Ljava/lang/String;)Ljava/lang/String;" line-rate="1.0" branch-rate="1.0">
							<lines>
								<line number="381" hits="15" branch="true" condition-coverage="100% (2/2)">
									<conditions>
										<condition number="0" type="jump" coverage="100%"/>
									</conditions>
								</line>
								<line number="382" hits="1" branch="false"/>
								<line number="385" hits="14" branch="false"/>
								<line number="386" hits="1" branch="false"/>
								<line number="387" hits="1" branch="false"/>
							</lines>
						</method>
						<method name="decode" signature="(Ljava/lang/String;Ljava/lang/String;)Ljava/lang/String;" line-rate="1.0" branch-rate="1.0">
							<lines>
								<line number="362" hits="17" branch="true" condition-coverage="100% (2/2)">
									<conditions>
										<condition number="0" type="jump" coverage="100%"/>
									</conditions>
								</line>
								<line number="363" hits="1" branch="false"/>
								<line number="365" hits="16" branch="false"/>
							</lines>
						</method>
						<method name="decode" signature="([B)[B" line-rate="1.0" branch-rate="1.0">
							<lines>
								<line number="316" hits="17" branch="false"/>
							</lines>
						</method>
						<method name="decodeQuotedPrintable" signature="([B)[B" line-rate="1.0" branch-rate="1.0">
							<lines>
								<line number="258" hits="26" branch="true" condition-coverage="100% (2/2)">
									<conditions>
										<condition number="0" type="jump" coverage="100%"/>
									</conditions>
								</line>
								<line number="259" hits="1" branch="false"/>
								<line number="261" hits="25" branch="false"/>
								<line number="262" hits="697" branch="true" condition-coverage="100% (2/2)">
									<conditions>
										<condition number="0" type="jump" coverage="100%"/>
									</conditions>
								</line>
								<line number="263" hits="675" branch="false"/>
								<line number="264" hits="675" branch="true" condition-coverage="100% (2/2)">
									<conditions>
										<condition number="0" type="jump" coverage="100%"/>
									</conditions>
								</line>
								<line number="267" hits="86" branch="true" condition-coverage="100% (2/2)">
									<conditions>
										<condition number="0" type="jump" coverage="100%"/>
									</conditions>
								</line>
								<line number="268" hits="4" branch="false"/>
								<line number="270" hits="81" branch="false"/>
								<line number="271" hits="80" branch="false"/>
								<line number="272" hits="79" branch="false"/>
								<line number="273" hits="2" branch="false"/>
								<line number="274" hits="2" branch="false"/>
								<line number="275" hits="79" branch="false"/>
								<line number="276" hits="589" branch="true" condition-coverage="100% (4/4)">
									<conditions>
										<condition number="0" type="jump" coverage="100%"/>
										<condition number="1" type="jump" coverage="100%"/>
									</conditions>
								</line>
								<line number="278" hits="582" branch="false"/>
								<line number="281" hits="22" branch="false"/>
							</lines>
						</method>
						<method name="encode" signature="(Ljava/lang/Object;)Ljava/lang/Object;" line-rate="1.0" branch-rate="1.0">
							<lines>
								<line number="402" hits="4" branch="true" condition-coverage="100% (2/2)">
									<conditions>
										<condition number="0" type="jump" coverage="100%"/>
									</conditions>
								</line>
								<line number="403" hits="1" branch="false"/>
								<line number="404" hits="3" branch="true" condition-coverage="100% (2/2)">
									<conditions>
										<condition number="0" type="jump" coverage="100%"/>
									</conditions>
								</line>
								<line number="405" hits="1" branch="false"/>
								<line number="406" hits="2" branch="true" condition-coverage="100% (2/2)">
									<conditions>
										<condition number="0" type="jump" coverage="100%"/>
									</conditions>
								</line>
								<line number="407" hits="1" branch="false"/>
								<line number="409" hits="1" branch="false"/>
							</lines>
						</method>
						<method name="encode" signature="(Ljava/lang/String;)Ljava/lang/String;" line-rate="1.0" branch-rate="1.0">
							<lines>
								<line number="337" hits="19" branch="true" condition-coverage="100% (2/2)">
									<conditions>
										<condition number="0" type="jump" coverage="100%"/>
									</conditions>
								</line>
								<line number="338" hits="1" branch="false"/>
								<line number="341" hits="18" branch="false"/>
								<line number="342" hits="1" branch="false"/>
								<line number="343" hits="1" branch="false"/>
							</lines>
						</method>
						<method name="encode" signature="(Ljava/lang/String;Ljava/lang/String;)Ljava/lang/String;" line-rate="1.0" branch-rate="1.0">
							<lines>
								<line number="467" hits="24" branch="true" condition-coverage="100% (2/2)">
									<conditions>
										<condition number="0" type="jump" coverage="100%"/>
									</conditions>
								</line>
								<line number="468" hits="1" branch="false"/>
								<line number="470" hits="23" branch="false"/>
							</lines>
						</method>
						<method name="encode" signature="([B)[B" line-rate="1.0" branch-rate="1.0">
							<lines>
								<line number="297" hits="24" branch="false"/>
							</lines>
						</method>
						<method name="encodeByte" signature="(IZLjava/io/ByteArrayOutputStream;)I" line-rate="1.0" branch-rate="1.0">
							<lines>
								<line number="157" hits="1250" branch="true" condition-coverage="100% (2/2)">
									<conditions>
										<condition number="0" type="jump" coverage="100%"/>
									</conditions>
								</line>
								<line number="158" hits="182" branch="false"/>
								<line number="160" hits="1068" branch="false"/>
								<line number="161" hits="1068" branch="false"/>
							</lines>
						</method>
						<method name="encodeQuotedPrintable" signature="(ILjava/io/ByteArrayOutputStream;)I" line-rate="1.0" branch-rate="1.0">
							<lines>
								<line number="118" hits="182" branch="false"/>
								<line number="119" hits="182" branch="false"/>
								<line number="120" hits="182" branch="false"/>
								<line number="121" hits="182" branch="false"/>
								<line number="122" hits="182" branch="false"/>
								<line number="123" hits="182" branch="false"/>
							</lines>
						</method>
						<method name="encodeQuotedPrintable" signature="(Ljava/util/BitSet;[B)[B" line-rate="1.0" branch-rate="1.0">
							<lines>
								<line number="191" hits="34" branch="true" condition-coverage="100% (2/2)">
									<conditions>
										<condition number="0" type="jump" coverage="100%"/>
									</conditions>
								</line>
								<line number="192" hits="1" branch="false"/>
								<line number="194" hits="33" branch="true" condition-coverage="100% (2/2)">
									<conditions>
										<condition number="0" type="jump" coverage="100%"/>
									</conditions>
								</line>
								<line number="195" hits="1" branch="false"/>
								<line number="197" hits="33" branch="false"/>
								<line number="198" hits="33" branch="false"/>
								<line number="201" hits="1184" branch="true" condition-coverage="100% (2/2)">
									<conditions>
										<condition number="0" type="jump" coverage="100%"/>
									</conditions>
								</line>
								<line number="202" hits="1151" branch="false"/>
								<line number="203" hits="1151" branch="true" condition-coverage="100% (2/2)">
									<conditions>
										<condition number="0" type="jump" coverage="100%"/>
									</conditions>
								</line>
								<line number="205" hits="1146" branch="true" condition-coverage="100% (2/2)">
									<conditions>
										<condition number="0" type="jump" coverage="100%"/>
									</conditions>
								</line>
								<line number="208" hits="5" branch="true" condition-coverage="100% (4/4)">
									<conditions>
										<condition number="0" type="jump" coverage="100%"/>
										<condition number="1" type="jump" coverage="100%"/>
									</conditions>
								</line>
								<line number="211" hits="5" branch="false"/>
								<line number="212" hits="5" branch="false"/>
								<line number="213" hits="5" branch="false"/>
								<line number="214" hits="5" branch="false"/>
								<line number="220" hits="33" branch="false"/>
								<line number="221" hits="33" branch="true" condition-coverage="100% (6/6)">
									<conditions>
										<condition number="0" type="jump" coverage="100%"/>
										<condition number="1" type="jump" coverage="100%"/>
										<condition number="2" type="jump" coverage="100%"/>
									</conditions>
								</line>
								<line number="222" hits="33" branch="false"/>
								<line number="227" hits="33" branch="true" condition-coverage="100% (2/2)">
									<conditions>
										<condition number="0" type="jump" coverage="100%"/>
									</conditions>
								</line>
								<line number="228" hits="4" branch="false"/>
								<line number="229" hits="4" branch="false"/>
								<line number="230" hits="4" branch="false"/>
								<line number="232" hits="99" branch="true" condition-coverage="100% (2/2)">
									<conditions>
										<condition number="0" type="jump" coverage="100%"/>
									</conditions>
								</line>
								<line number="233" hits="66" branch="false"/>
								<line number="235" hits="66" branch="true" condition-coverage="100% (6/6)">
									<conditions>
										<condition number="0" type="jump" coverage="100%"/>
										<condition number="1" type="jump" coverage="100%"/>
										<condition number="2" type="jump" coverage="100%"/>
									</conditions>
								</line>
								<line number="236" hits="66" branch="false"/>
								<line number="239" hits="33" branch="false"/>
							</lines>
						</method>
						<method name="getDefaultCharset" signature="()Ljava/lang/String;" line-rate="1.0" branch-rate="1.0">
							<lines>
								<line number="446" hits="32" branch="false"/>
							</lines>
						</method>
						<method name="getUnsignedOctet" signature="(I[B)I" line-rate="1.0" branch-rate="1.0">
							<lines>
								<line number="137" hits="1250" branch="false"/>
								<line number="138" hits="1250" branch="true" condition-coverage="100% (2/2)">
									<conditions>
										<condition number="0" type="jump" coverage="100%"/>
									</conditions>
								</line>
								<line number="139" hits="110" branch="false"/>
								<line number="141" hits="1250" branch="false"/>
							</lines>
						</method>
						<method name="isWhitespace" signature="(I)Z" line-rate="1.0" branch-rate="1.0">
							<lines>
								<line number="173" hits="45" branch="true" condition-coverage="100% (4/4)">
									<conditions>
										<condition number="0" type="jump" coverage="100%"/>
										<condition number="1" type="jump" coverage="100%"/>
									</conditions>
								</line>
							</lines>
						</method>
					</methods>
					<lines>
						<line number="62" hits="2" branch="false"/>
						<line number="80" hits="58" branch="false"/>
						<line number="81" hits="56" branch="false"/>
						<line number="83" hits="132" branch="false"/>
						<line number="84" hits="130" branch="false"/>
						<line number="86" hits="2" branch="false"/>
						<line number="87" hits="2" branch="false"/>
						<line number="88" hits="2" branch="false"/>
						<line number="94" hits="18" branch="false"/>
						<line number="95" hits="18" branch="false"/>
						<line number="104" hits="20" branch="false"/>
						<line number="105" hits="20" branch="false"/>
						<line number="106" hits="20" branch="false"/>
						<line number="118" hits="182" branch="false"/>
						<line number="119" hits="182" branch="false"/>
						<line number="120" hits="182" branch="false"/>
						<line number="121" hits="182" branch="false"/>
						<line number="122" hits="182" branch="false"/>
						<line number="123" hits="182" branch="false"/>
						<line number="137" hits="1250" branch="false"/>
						<line number="138" hits="1250" branch="true" condition-coverage="100% (2/2)">
							<conditions>
								<condition number="0" type="jump" coverage="100%"/>
							</conditions>
						</line>
						<line number="139" hits="110" branch="false"/>
						<line number="141" hits="1250" branch="false"/>
						<line number="157" hits="1250" branch="true" condition-coverage="100% (2/2)">
							<conditions>
								<condition number="0" type="jump" coverage="100%"/>
							</conditions>
						</line>
						<line number="158" hits="182" branch="false"/>
						<line number="160" hits="1068" branch="false"/>
						<line number="161" hits="1068" branch="false"/>
						<line number="173" hits="45" branch="true" condition-coverage="100% (4/4)">
							<conditions>
								<condition number="0" type="jump" coverage="100%"/>
								<condition number="1" type="jump" coverage="100%"/>
							</conditions>
						</line>
						<line number="191" hits="34" branch="true" condition-coverage="100% (2/2)">
							<conditions>
								<condition number="0" type="jump" coverage="100%"/>
							</conditions>
						</line>
						<line number="192" hits="1" branch="false"/>
						<line number="194" hits="33" branch="true" condition-coverage="100% (2/2)">
							<conditions>
								<condition number="0" type="jump" coverage="100%"/>
							</conditions>
						</line>
						<line number="195" hits="1" branch="false"/>
						<line number="197" hits="33" branch="false"/>
						<line number="198" hits="33" branch="false"/>
						<line number="201" hits="1184" branch="true" condition-coverage="100% (2/2)">
							<conditions>
								<condition number="0" type="jump" coverage="100%"/>
							</conditions>
						</line>
						<line number="202" hits="1151" branch="false"/>
						<line number="203" hits="1151" branch="true" condition-coverage="100% (2/2)">
							<conditions>
								<condition number="0" type="jump" coverage="100%"/>
							</conditions>
						</line>
						<line number="205" hits="1146" branch="true" condition-coverage="100% (2/2)">
							<conditions>
								<condition number="0" type="jump" coverage="100%"/>
							</conditions>
						</line>
						<line number="208" hits="5" branch="true" condition-coverage="100% (4/4)">
							<conditions>
								<condition number="0" type="jump" coverage="100%"/>
								<condition number="1" type="jump" coverage="100%"/>
							</conditions>
						</line>
						<line number="211" hits="5" branch="false"/>
						<line number="212" hits="5" branch="false"/>
						<line number="213" hits="5" branch="false"/>
						<line number="214" hits="5" branch="false"/>
						<line number="220" hits="33" branch="false"/>
						<line number="221" hits="33" branch="true" condition-coverage="100% (6/6)">
							<conditions>
								<condition number="0" type="jump" coverage="100%"/>
								<condition number="1" type="jump" coverage="100%"/>
								<condition number="2" type="jump" coverage="100%"/>
							</conditions>
						</line>
						<line number="222" hits="33" branch="false"/>
						<line number="227" hits="33" branch="true" condition-coverage="100% (2/2)">
							<conditions>
								<condition number="0" type="jump" coverage="100%"/>
							</conditions>
						</line>
						<line number="228" hits="4" branch="false"/>
						<line number="229" hits="4" branch="false"/>
						<line number="230" hits="4" branch="false"/>
						<line number="232" hits="99" branch="true" condition-coverage="100% (2/2)">
							<conditions>
								<condition number="0" type="jump" coverage="100%"/>
							</conditions>
						</line>
						<line number="233" hits="66" branch="false"/>
						<line number="235" hits="66" branch="true" condition-coverage="100% (6/6)">
							<conditions>
								<condition number="0" type="jump" coverage="100%"/>
								<condition number="1" type="jump" coverage="100%"/>
								<condition number="2" type="jump" coverage="100%"/>
							</conditions>
						</line>
						<line number="236" hits="66" branch="false"/>
						<line number="239" hits="33" branch="false"/>
						<line number="258" hits="26" branch="true" condition-coverage="100% (2/2)">
							<conditions>
								<condition number="0" type="jump" coverage="100%"/>
							</conditions>
						</line>
						<line number="259" hits="1" branch="false"/>
						<line number="261" hits="25" branch="false"/>
						<line number="262" hits="697" branch="true" condition-coverage="100% (2/2)">
							<conditions>
								<condition number="0" type="jump" coverage="100%"/>
							</conditions>
						</line>
						<line number="263" hits="675" branch="false"/>
						<line number="264" hits="675" branch="true" condition-coverage="100% (2/2)">
							<conditions>
								<condition number="0" type="jump" coverage="100%"/>
							</conditions>
						</line>
						<line number="267" hits="86" branch="true" condition-coverage="100% (2/2)">
							<conditions>
								<condition number="0" type="jump" coverage="100%"/>
							</conditions>
						</line>
						<line number="268" hits="4" branch="false"/>
						<line number="270" hits="81" branch="false"/>
						<line number="271" hits="80" branch="false"/>
						<line number="272" hits="79" branch="false"/>
						<line number="273" hits="2" branch="false"/>
						<line number="274" hits="2" branch="false"/>
						<line number="275" hits="79" branch="false"/>
						<line number="276" hits="589" branch="true" condition-coverage="100% (4/4)">
							<conditions>
								<condition number="0" type="jump" coverage="100%"/>
								<condition number="1" type="jump" coverage="100%"/>
							</conditions>
						</line>
						<line number="278" hits="582" branch="false"/>
						<line number="281" hits="22" branch="false"/>
						<line number="297" hits="24" branch="false"/>
						<line number="316" hits="17" branch="false"/>
						<line number="337" hits="19" branch="true" condition-coverage="100% (2/2)">
							<conditions>
								<condition number="0" type="jump" coverage="100%"/>
							</conditions>
						</line>
						<line number="338" hits="1" branch="false"/>
						<line number="341" hits="18" branch="false"/>
						<line number="342" hits="1" branch="false"/>
						<line number="343" hits="1" branch="false"/>
						<line number="362" hits="17" branch="true" condition-coverage="100% (2/2)">
							<conditions>
								<condition number="0" type="jump" coverage="100%"/>
							</conditions>
						</line>
						<line number="363" hits="1" branch="false"/>
						<line number="365" hits="16" branch="false"/>
						<line number="381" hits="15" branch="true" condition-coverage="100% (2/2)">
							<conditions>
								<condition number="0" type="jump" coverage="100%"/>
							</conditions>
						</line>
						<line number="382" hits="1" branch="false"/>
						<line number="385" hits="14" branch="false"/>
						<line number="386" hits="1" branch="false"/>
						<line number="387" hits="1" branch="false"/>
						<line number="402" hits="4" branch="true" condition-coverage="100% (2/2)">
							<conditions>
								<condition number="0" type="jump" coverage="100%"/>
							</conditions>
						</line>
						<line number="403" hits="1" branch="false"/>
						<line number="404" hits="3" branch="true" condition-coverage="100% (2/2)">
							<conditions>
								<condition number="0" type="jump" coverage="100%"/>
							</conditions>
						</line>
						<line number="405" hits="1" branch="false"/>
						<line number="406" hits="2" branch="true" condition-coverage="100% (2/2)">
							<conditions>
								<condition number="0" type="jump" coverage="100%"/>
							</conditions>
						</line>
						<line number="407" hits="1" branch="false"/>
						<line number="409" hits="1" branch="false"/>
						<line number="427" hits="4" branch="true" condition-coverage="100% (2/2)">
							<conditions>
								<condition number="0" type="jump" coverage="100%"/>
							</conditions>
						</line>
						<line number="428" hits="1" branch="false"/>
						<line number="429" hits="3" branch="true" condition-coverage="100% (2/2)">
							<conditions>
								<condition number="0" type="jump" coverage="100%"/>
							</conditions>
						</line>
						<line number="430" hits="1" branch="false"/>
						<line number="431" hits="2" branch="true" condition-coverage="100% (2/2)">
							<conditions>
								<condition number="0" type="jump" coverage="100%"/>
							</conditions>
						</line>
						<line number="432" hits="1" branch="false"/>
						<line number="434" hits="1" branch="false"/>
						<line number="446" hits="32" branch="false"/>
						<line number="467" hits="24" branch="true" condition-coverage="100% (2/2)">
							<conditions>
								<condition number="0" type="jump" coverage="100%"/>
							</conditions>
						</line>
						<line number="468" hits="1" branch="false"/>
						<line number="470" hits="23" branch="false"/>
					</lines>
				</class>
			</classes>
		</package>
	</packages>
</coverage>
