<?xml version="1.0"?>
<!DOCTYPE coverage SYSTEM "http://cobertura.sourceforge.net/xml/coverage-04.dtd">

<coverage line-rate="0.8592592592592593" branch-rate="0.7333333333333333" lines-covered="116" lines-valid="135" branches-covered="44" branches-valid="60" complexity="2.2" version="2.0.3" timestamp="1616604234621">
	<sources>
		<source>src/main/java</source>
	</sources>
	<packages>
		<package name="org.apache.commons.compress.archivers.zip" line-rate="0.8592592592592593" branch-rate="0.7333333333333333" complexity="2.2">
			<classes>
				<class name="org.apache.commons.compress.archivers.zip.ZipArchiveEntry" filename="org/apache/commons/compress/archivers/zip/ZipArchiveEntry.java" line-rate="0.8592592592592593" branch-rate="0.7333333333333333" complexity="2.2">
					<methods>
						<method name="&lt;init&gt;" signature="()V" line-rate="1.0" branch-rate="1.0">
							<lines>
								<line number="100" hits="186" branch="false"/>
								<line number="101" hits="186" branch="false"/>
							</lines>
						</method>
						<method name="&lt;init&gt;" signature="(Ljava/io/File;Ljava/lang/String;)V" line-rate="1.0" branch-rate="0.8333333333333334">
							<lines>
								<line number="104" hits="47" branch="true" condition-coverage="75% (3/4)">
									<conditions>
										<condition number="0" type="jump" coverage="100%"/>
										<condition number="1" type="jump" coverage="50%"/>
									</conditions>
								</line>
								<line number="106" hits="47" branch="true" condition-coverage="100% (2/2)">
									<conditions>
										<condition number="0" type="jump" coverage="100%"/>
									</conditions>
								</line>
								<line number="107" hits="46" branch="false"/>
								<line number="109" hits="47" branch="false"/>
								<line number="111" hits="47" branch="false"/>
							</lines>
						</method>
						<method name="&lt;init&gt;" signature="(Ljava/lang/String;)V" line-rate="1.0" branch-rate="1.0">
							<lines>
								<line number="63" hits="294" branch="false"/>
								<line number="64" hits="294" branch="false"/>
								<line number="65" hits="294" branch="false"/>
							</lines>
						</method>
						<method name="&lt;init&gt;" signature="(Ljava/util/zip/ZipEntry;)V" line-rate="0.9285714285714286" branch-rate="0.5">
							<lines>
								<line number="50" hits="315" branch="false"/>
								<line number="52" hits="315" branch="false"/>
								<line number="53" hits="315" branch="false"/>
								<line number="54" hits="315" branch="false"/>
								<line number="55" hits="315" branch="false"/>
								<line number="56" hits="315" branch="false"/>
								<line number="73" hits="21" branch="false"/>
								<line number="74" hits="21" branch="false"/>
								<line number="75" hits="21" branch="false"/>
								<line number="76" hits="21" branch="true" condition-coverage="50% (1/2)">
									<conditions>
										<condition number="0" type="jump" coverage="50%"/>
									</conditions>
								</line>
								<line number="77" hits="21" branch="false"/>
								<line number="80" hits="0" branch="false"/>
								<line number="82" hits="21" branch="false"/>
								<line number="83" hits="21" branch="false"/>
							</lines>
						</method>
						<method name="&lt;init&gt;" signature="(Lorg/apache/commons/compress/archivers/zip/ZipArchiveEntry;)V" line-rate="1.0" branch-rate="1.0">
							<lines>
								<line number="91" hits="21" branch="false"/>
								<line number="92" hits="21" branch="false"/>
								<line number="93" hits="21" branch="false"/>
								<line number="94" hits="21" branch="false"/>
								<line number="95" hits="21" branch="false"/>
							</lines>
						</method>
						<method name="addAsFirstExtraField" signature="(Lorg/apache/commons/compress/archivers/zip/ZipExtraField;)V" line-rate="1.0" branch-rate="1.0">
							<lines>
								<line number="289" hits="14" branch="false"/>
								<line number="290" hits="14" branch="false"/>
								<line number="291" hits="14" branch="false"/>
								<line number="292" hits="14" branch="true" condition-coverage="100% (2/2)">
									<conditions>
										<condition number="0" type="jump" coverage="100%"/>
									</conditions>
								</line>
								<line number="293" hits="5" branch="false"/>
								<line number="294" hits="5" branch="false"/>
								<line number="296" hits="14" branch="false"/>
								<line number="297" hits="14" branch="false"/>
							</lines>
						</method>
						<method name="addExtraField" signature="(Lorg/apache/commons/compress/archivers/zip/ZipExtraField;)V" line-rate="1.0" branch-rate="1.0">
							<lines>
								<line number="274" hits="22" branch="true" condition-coverage="100% (2/2)">
									<conditions>
										<condition number="0" type="jump" coverage="100%"/>
									</conditions>
								</line>
								<line number="275" hits="19" branch="false"/>
								<line number="277" hits="22" branch="false"/>
								<line number="278" hits="22" branch="false"/>
								<line number="279" hits="22" branch="false"/>
							</lines>
						</method>
						<method name="clone" signature="()Ljava/lang/Object;" line-rate="0.0" branch-rate="0.0">
							<lines>
								<line number="118" hits="0" branch="false"/>
								<line number="120" hits="0" branch="true" condition-coverage="0% (0/2)">
									<conditions>
										<condition number="0" type="jump" coverage="0%"/>
									</conditions>
								</line>
								<line number="121" hits="0" branch="false"/>
								<line number="122" hits="0" branch="false"/>
								<line number="123" hits="0" branch="false"/>
								<line number="124" hits="0" branch="false"/>
							</lines>
						</method>
						<method name="equals" signature="(Ljava/lang/Object;)Z" line-rate="0.6923076923076923" branch-rate="0.5">
							<lines>
								<line number="456" hits="3" branch="true" condition-coverage="50% (1/2)">
									<conditions>
										<condition number="0" type="jump" coverage="50%"/>
									</conditions>
								</line>
								<line number="457" hits="0" branch="false"/>
								<line number="459" hits="3" branch="true" condition-coverage="50% (2/4)">
									<conditions>
										<condition number="0" type="jump" coverage="50%"/>
										<condition number="1" type="jump" coverage="50%"/>
									</conditions>
								</line>
								<line number="460" hits="0" branch="false"/>
								<line number="462" hits="3" branch="false"/>
								<line number="463" hits="3" branch="false"/>
								<line number="464" hits="3" branch="false"/>
								<line number="465" hits="3" branch="true" condition-coverage="50% (1/2)">
									<conditions>
										<condition number="0" type="jump" coverage="50%"/>
									</conditions>
								</line>
								<line number="466" hits="0" branch="true" condition-coverage="0% (0/2)">
									<conditions>
										<condition number="0" type="jump" coverage="0%"/>
									</conditions>
								</line>
								<line number="467" hits="0" branch="false"/>
								<line number="469" hits="3" branch="true" condition-coverage="100% (2/2)">
									<conditions>
										<condition number="0" type="jump" coverage="100%"/>
									</conditions>
								</line>
								<line number="470" hits="1" branch="false"/>
								<line number="472" hits="2" branch="false"/>
							</lines>
						</method>
						<method name="getCentralDirectoryExtra" signature="()[B" line-rate="1.0" branch-rate="1.0">
							<lines>
								<line number="376" hits="133" branch="false"/>
							</lines>
						</method>
						<method name="getExternalAttributes" signature="()J" line-rate="1.0" branch-rate="1.0">
							<lines>
								<line number="186" hits="162" branch="false"/>
							</lines>
						</method>
						<method name="getExtraField" signature="(Lorg/apache/commons/compress/archivers/zip/ZipShort;)Lorg/apache/commons/compress/archivers/zip/ZipExtraField;" line-rate="0.6666666666666666" branch-rate="0.5">
							<lines>
								<line number="319" hits="77" branch="true" condition-coverage="50% (1/2)">
									<conditions>
										<condition number="0" type="jump" coverage="50%"/>
									</conditions>
								</line>
								<line number="320" hits="77" branch="false"/>
								<line number="322" hits="0" branch="false"/>
							</lines>
						</method>
						<method name="getExtraFields" signature="()[Lorg/apache/commons/compress/archivers/zip/ZipExtraField;" line-rate="1.0" branch-rate="1.0">
							<lines>
								<line number="258" hits="484" branch="true" condition-coverage="100% (2/2)">
									<conditions>
										<condition number="0" type="jump" coverage="100%"/>
									</conditions>
								</line>
								<line number="259" hits="68" branch="false"/>
								<line number="261" hits="416" branch="false"/>
								<line number="262" hits="416" branch="false"/>
							</lines>
						</method>
						<method name="getInternalAttributes" signature="()I" line-rate="1.0" branch-rate="1.0">
							<lines>
								<line number="170" hits="154" branch="false"/>
							</lines>
						</method>
						<method name="getLastModifiedDate" signature="()Ljava/util/Date;" line-rate="1.0" branch-rate="1.0">
							<lines>
								<line number="449" hits="4" branch="false"/>
							</lines>
						</method>
						<method name="getLocalFileDataExtra" signature="()[B" line-rate="1.0" branch-rate="1.0">
							<lines>
								<line number="367" hits="135" branch="false"/>
								<line number="368" hits="135" branch="true" condition-coverage="100% (2/2)">
									<conditions>
										<condition number="0" type="jump" coverage="100%"/>
									</conditions>
								</line>
							</lines>
						</method>
						<method name="getMethod" signature="()I" line-rate="1.0" branch-rate="1.0">
							<lines>
								<line number="148" hits="1612" branch="false"/>
							</lines>
						</method>
						<method name="getName" signature="()Ljava/lang/String;" line-rate="1.0" branch-rate="0.5">
							<lines>
								<line number="384" hits="1532" branch="true" condition-coverage="50% (1/2)">
									<conditions>
										<condition number="0" type="jump" coverage="50%"/>
									</conditions>
								</line>
							</lines>
						</method>
						<method name="getPlatform" signature="()I" line-rate="1.0" branch-rate="1.0">
							<lines>
								<line number="230" hits="139" branch="false"/>
							</lines>
						</method>
						<method name="getUnixMode" signature="()I" line-rate="0.0" branch-rate="0.0">
							<lines>
								<line number="218" hits="0" branch="true" condition-coverage="0% (0/2)">
									<conditions>
										<condition number="0" type="jump" coverage="0%"/>
									</conditions>
								</line>
							</lines>
						</method>
						<method name="hashCode" signature="()I" line-rate="1.0" branch-rate="1.0">
							<lines>
								<line number="413" hits="430" branch="false"/>
							</lines>
						</method>
						<method name="isDirectory" signature="()Z" line-rate="1.0" branch-rate="1.0">
							<lines>
								<line number="392" hits="13" branch="false"/>
							</lines>
						</method>
						<method name="isSupportedCompressionMethod" signature="()Z" line-rate="1.0" branch-rate="1.0">
							<lines>
								<line number="138" hits="552" branch="true" condition-coverage="100% (4/4)">
									<conditions>
										<condition number="0" type="jump" coverage="100%"/>
										<condition number="1" type="jump" coverage="100%"/>
									</conditions>
								</line>
							</lines>
						</method>
						<method name="mergeExtraFields" signature="([Lorg/apache/commons/compress/archivers/zip/ZipExtraField;Z)V" line-rate="1.0" branch-rate="1.0">
							<lines>
								<line number="426" hits="237" branch="true" condition-coverage="100% (2/2)">
									<conditions>
										<condition number="0" type="jump" coverage="100%"/>
									</conditions>
								</line>
								<line number="427" hits="186" branch="false"/>
								<line number="429" hits="80" branch="true" condition-coverage="100% (2/2)">
									<conditions>
										<condition number="0" type="jump" coverage="100%"/>
									</conditions>
								</line>
								<line number="430" hits="29" branch="false"/>
								<line number="431" hits="29" branch="true" condition-coverage="100% (2/2)">
									<conditions>
										<condition number="0" type="jump" coverage="100%"/>
									</conditions>
								</line>
								<line number="432" hits="1" branch="false"/>
								<line number="434" hits="28" branch="true" condition-coverage="100% (2/2)">
									<conditions>
										<condition number="0" type="jump" coverage="100%"/>
									</conditions>
								</line>
								<line number="435" hits="27" branch="false"/>
								<line number="436" hits="27" branch="false"/>
								<line number="437" hits="27" branch="false"/>
								<line number="438" hits="1" branch="false"/>
								<line number="439" hits="1" branch="false"/>
								<line number="443" hits="51" branch="false"/>
								<line number="445" hits="237" branch="false"/>
							</lines>
						</method>
						<method name="removeExtraField" signature="(Lorg/apache/commons/compress/archivers/zip/ZipShort;)V" line-rate="0.8333333333333334" branch-rate="0.75">
							<lines>
								<line number="304" hits="2" branch="true" condition-coverage="50% (1/2)">
									<conditions>
										<condition number="0" type="jump" coverage="50%"/>
									</conditions>
								</line>
								<line number="305" hits="0" branch="false"/>
								<line number="307" hits="2" branch="true" condition-coverage="100% (2/2)">
									<conditions>
										<condition number="0" type="jump" coverage="100%"/>
									</conditions>
								</line>
								<line number="308" hits="1" branch="false"/>
								<line number="310" hits="1" branch="false"/>
								<line number="311" hits="1" branch="false"/>
							</lines>
						</method>
						<method name="setCentralDirectoryExtra" signature="([B)V" line-rate="0.6666666666666666" branch-rate="1.0">
							<lines>
								<line number="355" hits="50" branch="false"/>
								<line number="356" hits="50" branch="false"/>
								<line number="357" hits="0" branch="false"/>
								<line number="358" hits="0" branch="false"/>
								<line number="359" hits="50" branch="false"/>
								<line number="360" hits="50" branch="false"/>
							</lines>
						</method>
						<method name="setExternalAttributes" signature="(J)V" line-rate="1.0" branch-rate="1.0">
							<lines>
								<line number="194" hits="73" branch="false"/>
								<line number="195" hits="73" branch="false"/>
							</lines>
						</method>
						<method name="setExtra" signature="()V" line-rate="1.0" branch-rate="1.0">
							<lines>
								<line number="347" hits="319" branch="false"/>
								<line number="348" hits="319" branch="false"/>
							</lines>
						</method>
						<method name="setExtra" signature="([B)V" line-rate="0.6666666666666666" branch-rate="1.0">
							<lines>
								<line number="333" hits="187" branch="false"/>
								<line number="334" hits="187" branch="false"/>
								<line number="335" hits="0" branch="false"/>
								<line number="336" hits="0" branch="false"/>
								<line number="337" hits="187" branch="false"/>
								<line number="338" hits="187" branch="false"/>
							</lines>
						</method>
						<method name="setExtraFields" signature="([Lorg/apache/commons/compress/archivers/zip/ZipExtraField;)V" line-rate="1.0" branch-rate="1.0">
							<lines>
								<line number="246" hits="231" branch="false"/>
								<line number="247" hits="308" branch="true" condition-coverage="100% (2/2)">
									<conditions>
										<condition number="0" type="jump" coverage="100%"/>
									</conditions>
								</line>
								<line number="248" hits="77" branch="false"/>
								<line number="250" hits="231" branch="false"/>
								<line number="251" hits="231" branch="false"/>
							</lines>
						</method>
						<method name="setInternalAttributes" signature="(I)V" line-rate="1.0" branch-rate="1.0">
							<lines>
								<line number="178" hits="69" branch="false"/>
								<line number="179" hits="69" branch="false"/>
							</lines>
						</method>
						<method name="setMethod" signature="(I)V" line-rate="0.75" branch-rate="0.5">
							<lines>
								<line number="157" hits="305" branch="true" condition-coverage="50% (1/2)">
									<conditions>
										<condition number="0" type="jump" coverage="50%"/>
									</conditions>
								</line>
								<line number="158" hits="0" branch="false"/>
								<line number="161" hits="305" branch="false"/>
								<line number="162" hits="305" branch="false"/>
							</lines>
						</method>
						<method name="setName" signature="(Ljava/lang/String;)V" line-rate="1.0" branch-rate="1.0">
							<lines>
								<line number="400" hits="509" branch="false"/>
								<line number="401" hits="509" branch="false"/>
							</lines>
						</method>
						<method name="setPlatform" signature="(I)V" line-rate="1.0" branch-rate="1.0">
							<lines>
								<line number="238" hits="186" branch="false"/>
								<line number="239" hits="186" branch="false"/>
							</lines>
						</method>
						<method name="setUnixMode" signature="(I)V" line-rate="1.0" branch-rate="1.0">
							<lines>
								<line number="204" hits="4" branch="true" condition-coverage="100% (4/4)">
									<conditions>
										<condition number="0" type="jump" coverage="100%"/>
										<condition number="1" type="jump" coverage="100%"/>
									</conditions>
								</line>
								<line number="210" hits="4" branch="false"/>
								<line number="211" hits="4" branch="false"/>
							</lines>
						</method>
					</methods>
					<lines>
						<line number="50" hits="315" branch="false"/>
						<line number="52" hits="315" branch="false"/>
						<line number="53" hits="315" branch="false"/>
						<line number="54" hits="315" branch="false"/>
						<line number="55" hits="315" branch="false"/>
						<line number="56" hits="315" branch="false"/>
						<line number="63" hits="294" branch="false"/>
						<line number="64" hits="294" branch="false"/>
						<line number="65" hits="294" branch="false"/>
						<line number="73" hits="21" branch="false"/>
						<line number="74" hits="21" branch="false"/>
						<line number="75" hits="21" branch="false"/>
						<line number="76" hits="21" branch="true" condition-coverage="50% (1/2)">
							<conditions>
								<condition number="0" type="jump" coverage="50%"/>
							</conditions>
						</line>
						<line number="77" hits="21" branch="false"/>
						<line number="80" hits="0" branch="false"/>
						<line number="82" hits="21" branch="false"/>
						<line number="83" hits="21" branch="false"/>
						<line number="91" hits="21" branch="false"/>
						<line number="92" hits="21" branch="false"/>
						<line number="93" hits="21" branch="false"/>
						<line number="94" hits="21" branch="false"/>
						<line number="95" hits="21" branch="false"/>
						<line number="100" hits="186" branch="false"/>
						<line number="101" hits="186" branch="false"/>
						<line number="104" hits="47" branch="true" condition-coverage="75% (3/4)">
							<conditions>
								<condition number="0" type="jump" coverage="100%"/>
								<condition number="1" type="jump" coverage="50%"/>
							</conditions>
						</line>
						<line number="106" hits="47" branch="true" condition-coverage="100% (2/2)">
							<conditions>
								<condition number="0" type="jump" coverage="100%"/>
							</conditions>
						</line>
						<line number="107" hits="46" branch="false"/>
						<line number="109" hits="47" branch="false"/>
						<line number="111" hits="47" branch="false"/>
						<line number="118" hits="0" branch="false"/>
						<line number="120" hits="0" branch="true" condition-coverage="0% (0/2)">
							<conditions>
								<condition number="0" type="jump" coverage="0%"/>
							</conditions>
						</line>
						<line number="121" hits="0" branch="false"/>
						<line number="122" hits="0" branch="false"/>
						<line number="123" hits="0" branch="false"/>
						<line number="124" hits="0" branch="false"/>
						<line number="138" hits="552" branch="true" condition-coverage="100% (4/4)">
							<conditions>
								<condition number="0" type="jump" coverage="100%"/>
								<condition number="1" type="jump" coverage="100%"/>
							</conditions>
						</line>
						<line number="148" hits="1612" branch="false"/>
						<line number="157" hits="305" branch="true" condition-coverage="50% (1/2)">
							<conditions>
								<condition number="0" type="jump" coverage="50%"/>
							</conditions>
						</line>
						<line number="158" hits="0" branch="false"/>
						<line number="161" hits="305" branch="false"/>
						<line number="162" hits="305" branch="false"/>
						<line number="170" hits="154" branch="false"/>
						<line number="178" hits="69" branch="false"/>
						<line number="179" hits="69" branch="false"/>
						<line number="186" hits="162" branch="false"/>
						<line number="194" hits="73" branch="false"/>
						<line number="195" hits="73" branch="false"/>
						<line number="204" hits="4" branch="true" condition-coverage="100% (4/4)">
							<conditions>
								<condition number="0" type="jump" coverage="100%"/>
								<condition number="1" type="jump" coverage="100%"/>
							</conditions>
						</line>
						<line number="210" hits="4" branch="false"/>
						<line number="211" hits="4" branch="false"/>
						<line number="218" hits="0" branch="true" condition-coverage="0% (0/2)">
							<conditions>
								<condition number="0" type="jump" coverage="0%"/>
							</conditions>
						</line>
						<line number="230" hits="139" branch="false"/>
						<line number="238" hits="186" branch="false"/>
						<line number="239" hits="186" branch="false"/>
						<line number="246" hits="231" branch="false"/>
						<line number="247" hits="308" branch="true" condition-coverage="100% (2/2)">
							<conditions>
								<condition number="0" type="jump" coverage="100%"/>
							</conditions>
						</line>
						<line number="248" hits="77" branch="false"/>
						<line number="250" hits="231" branch="false"/>
						<line number="251" hits="231" branch="false"/>
						<line number="258" hits="484" branch="true" condition-coverage="100% (2/2)">
							<conditions>
								<condition number="0" type="jump" coverage="100%"/>
							</conditions>
						</line>
						<line number="259" hits="68" branch="false"/>
						<line number="261" hits="416" branch="false"/>
						<line number="262" hits="416" branch="false"/>
						<line number="274" hits="22" branch="true" condition-coverage="100% (2/2)">
							<conditions>
								<condition number="0" type="jump" coverage="100%"/>
							</conditions>
						</line>
						<line number="275" hits="19" branch="false"/>
						<line number="277" hits="22" branch="false"/>
						<line number="278" hits="22" branch="false"/>
						<line number="279" hits="22" branch="false"/>
						<line number="289" hits="14" branch="false"/>
						<line number="290" hits="14" branch="false"/>
						<line number="291" hits="14" branch="false"/>
						<line number="292" hits="14" branch="true" condition-coverage="100% (2/2)">
							<conditions>
								<condition number="0" type="jump" coverage="100%"/>
							</conditions>
						</line>
						<line number="293" hits="5" branch="false"/>
						<line number="294" hits="5" branch="false"/>
						<line number="296" hits="14" branch="false"/>
						<line number="297" hits="14" branch="false"/>
						<line number="304" hits="2" branch="true" condition-coverage="50% (1/2)">
							<conditions>
								<condition number="0" type="jump" coverage="50%"/>
							</conditions>
						</line>
						<line number="305" hits="0" branch="false"/>
						<line number="307" hits="2" branch="true" condition-coverage="100% (2/2)">
							<conditions>
								<condition number="0" type="jump" coverage="100%"/>
							</conditions>
						</line>
						<line number="308" hits="1" branch="false"/>
						<line number="310" hits="1" branch="false"/>
						<line number="311" hits="1" branch="false"/>
						<line number="319" hits="77" branch="true" condition-coverage="50% (1/2)">
							<conditions>
								<condition number="0" type="jump" coverage="50%"/>
							</conditions>
						</line>
						<line number="320" hits="77" branch="false"/>
						<line number="322" hits="0" branch="false"/>
						<line number="333" hits="187" branch="false"/>
						<line number="334" hits="187" branch="false"/>
						<line number="335" hits="0" branch="false"/>
						<line number="336" hits="0" branch="false"/>
						<line number="337" hits="187" branch="false"/>
						<line number="338" hits="187" branch="false"/>
						<line number="347" hits="319" branch="false"/>
						<line number="348" hits="319" branch="false"/>
						<line number="355" hits="50" branch="false"/>
						<line number="356" hits="50" branch="false"/>
						<line number="357" hits="0" branch="false"/>
						<line number="358" hits="0" branch="false"/>
						<line number="359" hits="50" branch="false"/>
						<line number="360" hits="50" branch="false"/>
						<line number="367" hits="135" branch="false"/>
						<line number="368" hits="135" branch="true" condition-coverage="100% (2/2)">
							<conditions>
								<condition number="0" type="jump" coverage="100%"/>
							</conditions>
						</line>
						<line number="376" hits="133" branch="false"/>
						<line number="384" hits="1532" branch="true" condition-coverage="50% (1/2)">
							<conditions>
								<condition number="0" type="jump" coverage="50%"/>
							</conditions>
						</line>
						<line number="392" hits="13" branch="false"/>
						<line number="400" hits="509" branch="false"/>
						<line number="401" hits="509" branch="false"/>
						<line number="413" hits="430" branch="false"/>
						<line number="426" hits="237" branch="true" condition-coverage="100% (2/2)">
							<conditions>
								<condition number="0" type="jump" coverage="100%"/>
							</conditions>
						</line>
						<line number="427" hits="186" branch="false"/>
						<line number="429" hits="80" branch="true" condition-coverage="100% (2/2)">
							<conditions>
								<condition number="0" type="jump" coverage="100%"/>
							</conditions>
						</line>
						<line number="430" hits="29" branch="false"/>
						<line number="431" hits="29" branch="true" condition-coverage="100% (2/2)">
							<conditions>
								<condition number="0" type="jump" coverage="100%"/>
							</conditions>
						</line>
						<line number="432" hits="1" branch="false"/>
						<line number="434" hits="28" branch="true" condition-coverage="100% (2/2)">
							<conditions>
								<condition number="0" type="jump" coverage="100%"/>
							</conditions>
						</line>
						<line number="435" hits="27" branch="false"/>
						<line number="436" hits="27" branch="false"/>
						<line number="437" hits="27" branch="false"/>
						<line number="438" hits="1" branch="false"/>
						<line number="439" hits="1" branch="false"/>
						<line number="443" hits="51" branch="false"/>
						<line number="445" hits="237" branch="false"/>
						<line number="449" hits="4" branch="false"/>
						<line number="456" hits="3" branch="true" condition-coverage="50% (1/2)">
							<conditions>
								<condition number="0" type="jump" coverage="50%"/>
							</conditions>
						</line>
						<line number="457" hits="0" branch="false"/>
						<line number="459" hits="3" branch="true" condition-coverage="50% (2/4)">
							<conditions>
								<condition number="0" type="jump" coverage="50%"/>
								<condition number="1" type="jump" coverage="50%"/>
							</conditions>
						</line>
						<line number="460" hits="0" branch="false"/>
						<line number="462" hits="3" branch="false"/>
						<line number="463" hits="3" branch="false"/>
						<line number="464" hits="3" branch="false"/>
						<line number="465" hits="3" branch="true" condition-coverage="50% (1/2)">
							<conditions>
								<condition number="0" type="jump" coverage="50%"/>
							</conditions>
						</line>
						<line number="466" hits="0" branch="true" condition-coverage="0% (0/2)">
							<conditions>
								<condition number="0" type="jump" coverage="0%"/>
							</conditions>
						</line>
						<line number="467" hits="0" branch="false"/>
						<line number="469" hits="3" branch="true" condition-coverage="100% (2/2)">
							<conditions>
								<condition number="0" type="jump" coverage="100%"/>
							</conditions>
						</line>
						<line number="470" hits="1" branch="false"/>
						<line number="472" hits="2" branch="false"/>
					</lines>
				</class>
			</classes>
		</package>
	</packages>
</coverage>
