<?xml version="1.0"?>
<!DOCTYPE coverage SYSTEM "http://cobertura.sourceforge.net/xml/coverage-04.dtd">

<coverage line-rate="0.5405610310841547" branch-rate="0.49539170506912444" lines-covered="713" lines-valid="1319" branches-covered="215" branches-valid="434" complexity="5.178947368421053" version="2.0.3" timestamp="1616707011879">
	<sources>
		<source>src/main/java</source>
	</sources>
	<packages>
		<package name="org.jsoup.parser" line-rate="0.5405610310841547" branch-rate="0.49539170506912444" complexity="5.178947368421053">
			<classes>
				<class name="org.jsoup.parser.Tokeniser" filename="org/jsoup/parser/Tokeniser.java" line-rate="0.8770491803278688" branch-rate="0.8142857142857143" complexity="2.730769230769231">
					<methods>
						<method name="&lt;init&gt;" signature="(Lorg/jsoup/parser/CharacterReader;)V" line-rate="1.0" branch-rate="1.0">
							<lines>
								<line number="16" hits="282" branch="false"/>
								<line number="17" hits="282" branch="false"/>
								<line number="19" hits="282" branch="false"/>
								<line number="21" hits="282" branch="false"/>
								<line number="22" hits="282" branch="false"/>
								<line number="29" hits="282" branch="false"/>
								<line number="31" hits="282" branch="false"/>
								<line number="32" hits="282" branch="false"/>
								<line number="33" hits="282" branch="false"/>
							</lines>
						</method>
						<method name="acknowledgeSelfClosingFlag" signature="()V" line-rate="1.0" branch-rate="1.0">
							<lines>
								<line number="97" hits="200" branch="false"/>
								<line number="98" hits="200" branch="false"/>
							</lines>
						</method>
						<method name="advanceTransition" signature="(Lorg/jsoup/parser/TokeniserState;)V" line-rate="1.0" branch-rate="1.0">
							<lines>
								<line number="92" hits="24403" branch="false"/>
								<line number="93" hits="24403" branch="false"/>
								<line number="94" hits="24403" branch="false"/>
							</lines>
						</method>
						<method name="appropriateEndTagName" signature="()Ljava/lang/String;" line-rate="1.0" branch-rate="1.0">
							<lines>
								<line number="198" hits="6" branch="false"/>
							</lines>
						</method>
						<method name="characterReferenceError" signature="()V" line-rate="1.0" branch-rate="0.5">
							<lines>
								<line number="220" hits="2" branch="true" condition-coverage="50% (1/2)">
									<conditions>
										<condition number="0" type="jump" coverage="50%"/>
									</conditions>
								</line>
								<line number="221" hits="2" branch="false"/>
								<line number="222" hits="2" branch="false"/>
							</lines>
						</method>
						<method name="consumeCharacterReference" signature="(Ljava/lang/Character;Z)Ljava/lang/Character;" line-rate="0.7954545454545454" branch-rate="0.8260869565217391">
							<lines>
								<line number="101" hits="1746" branch="true" condition-coverage="50% (1/2)">
									<conditions>
										<condition number="0" type="jump" coverage="50%"/>
									</conditions>
								</line>
								<line number="102" hits="0" branch="false"/>
								<line number="103" hits="1746" branch="true" condition-coverage="100% (4/4)">
									<conditions>
										<condition number="0" type="jump" coverage="100%"/>
										<condition number="1" type="jump" coverage="100%"/>
									</conditions>
								</line>
								<line number="104" hits="10" branch="false"/>
								<line number="105" hits="1736" branch="true" condition-coverage="100% (2/2)">
									<conditions>
										<condition number="0" type="jump" coverage="100%"/>
									</conditions>
								</line>
								<line number="106" hits="34" branch="false"/>
								<line number="108" hits="1702" branch="false"/>
								<line number="109" hits="1702" branch="true" condition-coverage="100% (2/2)">
									<conditions>
										<condition number="0" type="jump" coverage="100%"/>
									</conditions>
								</line>
								<line number="110" hits="76" branch="false"/>
								<line number="111" hits="76" branch="true" condition-coverage="100% (2/2)">
									<conditions>
										<condition number="0" type="jump" coverage="100%"/>
									</conditions>
								</line>
								<line number="112" hits="76" branch="true" condition-coverage="50% (1/2)">
									<conditions>
										<condition number="0" type="jump" coverage="50%"/>
									</conditions>
								</line>
								<line number="113" hits="0" branch="false"/>
								<line number="114" hits="0" branch="false"/>
								<line number="115" hits="0" branch="false"/>
								<line number="117" hits="76" branch="true" condition-coverage="50% (1/2)">
									<conditions>
										<condition number="0" type="jump" coverage="50%"/>
									</conditions>
								</line>
								<line number="118" hits="0" branch="false"/>
								<line number="119" hits="76" branch="false"/>
								<line number="121" hits="76" branch="true" condition-coverage="100% (2/2)">
									<conditions>
										<condition number="0" type="jump" coverage="100%"/>
									</conditions>
								</line>
								<line number="122" hits="76" branch="false"/>
								<line number="123" hits="0" branch="false"/>
								<line number="124" hits="76" branch="false"/>
								<line number="125" hits="76" branch="true" condition-coverage="62% (5/8)">
									<conditions>
										<condition number="0" type="jump" coverage="50%"/>
										<condition number="1" type="jump" coverage="100%"/>
										<condition number="2" type="jump" coverage="50%"/>
										<condition number="3" type="jump" coverage="50%"/>
									</conditions>
								</line>
								<line number="126" hits="0" branch="false"/>
								<line number="127" hits="0" branch="false"/>
								<line number="131" hits="76" branch="false"/>
								<line number="135" hits="1626" branch="false"/>
								<line number="136" hits="1626" branch="false"/>
								<line number="137" hits="1626" branch="false"/>
								<line number="138" hits="4452" branch="true" condition-coverage="100% (4/4)">
									<conditions>
										<condition number="0" type="jump" coverage="100%"/>
										<condition number="1" type="jump" coverage="100%"/>
									</conditions>
								</line>
								<line number="139" hits="2826" branch="true" condition-coverage="100% (2/2)">
									<conditions>
										<condition number="0" type="jump" coverage="100%"/>
									</conditions>
								</line>
								<line number="140" hits="946" branch="false"/>
								<line number="142" hits="1880" branch="false"/>
								<line number="143" hits="1880" branch="false"/>
								<line number="146" hits="1626" branch="true" condition-coverage="100% (2/2)">
									<conditions>
										<condition number="0" type="jump" coverage="100%"/>
									</conditions>
								</line>
								<line number="147" hits="680" branch="true" condition-coverage="50% (1/2)">
									<conditions>
										<condition number="0" type="jump" coverage="50%"/>
									</conditions>
								</line>
								<line number="148" hits="0" branch="false"/>
								<line number="149" hits="680" branch="false"/>
								<line number="150" hits="680" branch="false"/>
								<line number="152" hits="946" branch="true" condition-coverage="87% (7/8)">
									<conditions>
										<condition number="0" type="jump" coverage="100%"/>
										<condition number="1" type="jump" coverage="100%"/>
										<condition number="2" type="jump" coverage="50%"/>
										<condition number="3" type="jump" coverage="100%"/>
									</conditions>
								</line>
								<line number="154" hits="29" branch="false"/>
								<line number="155" hits="29" branch="false"/>
								<line number="157" hits="917" branch="true" condition-coverage="100% (2/2)">
									<conditions>
										<condition number="0" type="jump" coverage="100%"/>
									</conditions>
								</line>
								<line number="158" hits="2" branch="false"/>
								<line number="159" hits="917" branch="false"/>
							</lines>
						</method>
						<method name="createCommentPending" signature="()V" line-rate="1.0" branch-rate="1.0">
							<lines>
								<line number="174" hits="973" branch="false"/>
								<line number="175" hits="973" branch="false"/>
							</lines>
						</method>
						<method name="createDoctypePending" signature="()V" line-rate="1.0" branch-rate="1.0">
							<lines>
								<line number="182" hits="14" branch="false"/>
								<line number="183" hits="14" branch="false"/>
							</lines>
						</method>
						<method name="createTagPending" signature="(Z)Lorg/jsoup/parser/Token$Tag;" line-rate="1.0" branch-rate="1.0">
							<lines>
								<line number="164" hits="13492" branch="true" condition-coverage="100% (2/2)">
									<conditions>
										<condition number="0" type="jump" coverage="100%"/>
									</conditions>
								</line>
								<line number="165" hits="13492" branch="false"/>
							</lines>
						</method>
						<method name="createTempBuffer" signature="()V" line-rate="1.0" branch-rate="1.0">
							<lines>
								<line number="190" hits="83" branch="false"/>
								<line number="191" hits="83" branch="false"/>
							</lines>
						</method>
						<method name="currentNodeInHtmlNS" signature="()Z" line-rate="0.0" branch-rate="1.0">
							<lines>
								<line number="231" hits="0" branch="false"/>
							</lines>
						</method>
						<method name="emit" signature="(C)V" line-rate="1.0" branch-rate="1.0">
							<lines>
								<line number="80" hits="638" branch="false"/>
								<line number="81" hits="638" branch="false"/>
							</lines>
						</method>
						<method name="emit" signature="(Ljava/lang/String;)V" line-rate="1.0" branch-rate="1.0">
							<lines>
								<line number="76" hits="9643" branch="false"/>
								<line number="77" hits="9643" branch="false"/>
							</lines>
						</method>
						<method name="emit" signature="(Lorg/jsoup/parser/Token;)V" line-rate="0.9230769230769231" branch-rate="0.875">
							<lines>
								<line number="56" hits="14759" branch="false"/>
								<line number="58" hits="14759" branch="false"/>
								<line number="59" hits="14759" branch="false"/>
								<line number="61" hits="14759" branch="true" condition-coverage="100% (2/2)">
									<conditions>
										<condition number="0" type="jump" coverage="100%"/>
									</conditions>
								</line>
								<line number="62" hits="7159" branch="false"/>
								<line number="63" hits="7159" branch="false"/>
								<line number="64" hits="7159" branch="true" condition-coverage="100% (2/2)">
									<conditions>
										<condition number="0" type="jump" coverage="100%"/>
									</conditions>
								</line>
								<line number="65" hits="242" branch="false"/>
								<line number="66" hits="7159" branch="true" condition-coverage="100% (2/2)">
									<conditions>
										<condition number="0" type="jump" coverage="100%"/>
									</conditions>
								</line>
								<line number="67" hits="6329" branch="false"/>
								<line number="68" hits="6329" branch="true" condition-coverage="50% (1/2)">
									<conditions>
										<condition number="0" type="jump" coverage="50%"/>
									</conditions>
								</line>
								<line number="69" hits="0" branch="false"/>
								<line number="71" hits="14759" branch="false"/>
							</lines>
						</method>
						<method name="emitCommentPending" signature="()V" line-rate="1.0" branch-rate="1.0">
							<lines>
								<line number="178" hits="973" branch="false"/>
								<line number="179" hits="973" branch="false"/>
							</lines>
						</method>
						<method name="emitDoctypePending" signature="()V" line-rate="1.0" branch-rate="1.0">
							<lines>
								<line number="186" hits="14" branch="false"/>
								<line number="187" hits="14" branch="false"/>
							</lines>
						</method>
						<method name="emitTagPending" signature="()V" line-rate="1.0" branch-rate="1.0">
							<lines>
								<line number="169" hits="13488" branch="false"/>
								<line number="170" hits="13488" branch="false"/>
								<line number="171" hits="13488" branch="false"/>
							</lines>
						</method>
						<method name="eofError" signature="(Lorg/jsoup/parser/TokeniserState;)V" line-rate="1.0" branch-rate="0.5">
							<lines>
								<line number="215" hits="5" branch="true" condition-coverage="50% (1/2)">
									<conditions>
										<condition number="0" type="jump" coverage="50%"/>
									</conditions>
								</line>
								<line number="216" hits="5" branch="false"/>
								<line number="217" hits="5" branch="false"/>
							</lines>
						</method>
						<method name="error" signature="(Ljava/lang/String;)V" line-rate="1.0" branch-rate="0.5">
							<lines>
								<line number="225" hits="143" branch="true" condition-coverage="50% (1/2)">
									<conditions>
										<condition number="0" type="jump" coverage="50%"/>
									</conditions>
								</line>
								<line number="226" hits="143" branch="false"/>
								<line number="227" hits="143" branch="false"/>
							</lines>
						</method>
						<method name="error" signature="(Lorg/jsoup/parser/TokeniserState;)V" line-rate="1.0" branch-rate="0.5">
							<lines>
								<line number="210" hits="180" branch="true" condition-coverage="50% (1/2)">
									<conditions>
										<condition number="0" type="jump" coverage="50%"/>
									</conditions>
								</line>
								<line number="211" hits="180" branch="false"/>
								<line number="212" hits="180" branch="false"/>
							</lines>
						</method>
						<method name="getState" signature="()Lorg/jsoup/parser/TokeniserState;" line-rate="0.0" branch-rate="1.0">
							<lines>
								<line number="84" hits="0" branch="false"/>
							</lines>
						</method>
						<method name="isAppropriateEndTagToken" signature="()Z" line-rate="1.0" branch-rate="1.0">
							<lines>
								<line number="194" hits="71" branch="false"/>
							</lines>
						</method>
						<method name="isTrackErrors" signature="()Z" line-rate="0.0" branch-rate="1.0">
							<lines>
								<line number="202" hits="0" branch="false"/>
							</lines>
						</method>
						<method name="read" signature="()Lorg/jsoup/parser/Token;" line-rate="1.0" branch-rate="1.0">
							<lines>
								<line number="36" hits="23878" branch="true" condition-coverage="100% (2/2)">
									<conditions>
										<condition number="0" type="jump" coverage="100%"/>
									</conditions>
								</line>
								<line number="37" hits="143" branch="false"/>
								<line number="38" hits="143" branch="false"/>
								<line number="41" hits="134224" branch="true" condition-coverage="100% (2/2)">
									<conditions>
										<condition number="0" type="jump" coverage="100%"/>
									</conditions>
								</line>
								<line number="42" hits="110346" branch="false"/>
								<line number="45" hits="23878" branch="true" condition-coverage="100% (2/2)">
									<conditions>
										<condition number="0" type="jump" coverage="100%"/>
									</conditions>
								</line>
								<line number="46" hits="9119" branch="false"/>
								<line number="47" hits="9119" branch="false"/>
								<line number="48" hits="9119" branch="false"/>
								<line number="50" hits="14759" branch="false"/>
								<line number="51" hits="14759" branch="false"/>
							</lines>
						</method>
						<method name="setTrackErrors" signature="(Z)V" line-rate="0.0" branch-rate="1.0">
							<lines>
								<line number="206" hits="0" branch="false"/>
								<line number="207" hits="0" branch="false"/>
							</lines>
						</method>
						<method name="transition" signature="(Lorg/jsoup/parser/TokeniserState;)V" line-rate="1.0" branch-rate="1.0">
							<lines>
								<line number="88" hits="71978" branch="false"/>
								<line number="89" hits="71978" branch="false"/>
							</lines>
						</method>
					</methods>
					<lines>
						<line number="16" hits="282" branch="false"/>
						<line number="17" hits="282" branch="false"/>
						<line number="19" hits="282" branch="false"/>
						<line number="21" hits="282" branch="false"/>
						<line number="22" hits="282" branch="false"/>
						<line number="29" hits="282" branch="false"/>
						<line number="31" hits="282" branch="false"/>
						<line number="32" hits="282" branch="false"/>
						<line number="33" hits="282" branch="false"/>
						<line number="36" hits="23878" branch="true" condition-coverage="100% (2/2)">
							<conditions>
								<condition number="0" type="jump" coverage="100%"/>
							</conditions>
						</line>
						<line number="37" hits="143" branch="false"/>
						<line number="38" hits="143" branch="false"/>
						<line number="41" hits="134224" branch="true" condition-coverage="100% (2/2)">
							<conditions>
								<condition number="0" type="jump" coverage="100%"/>
							</conditions>
						</line>
						<line number="42" hits="110346" branch="false"/>
						<line number="45" hits="23878" branch="true" condition-coverage="100% (2/2)">
							<conditions>
								<condition number="0" type="jump" coverage="100%"/>
							</conditions>
						</line>
						<line number="46" hits="9119" branch="false"/>
						<line number="47" hits="9119" branch="false"/>
						<line number="48" hits="9119" branch="false"/>
						<line number="50" hits="14759" branch="false"/>
						<line number="51" hits="14759" branch="false"/>
						<line number="56" hits="14759" branch="false"/>
						<line number="58" hits="14759" branch="false"/>
						<line number="59" hits="14759" branch="false"/>
						<line number="61" hits="14759" branch="true" condition-coverage="100% (2/2)">
							<conditions>
								<condition number="0" type="jump" coverage="100%"/>
							</conditions>
						</line>
						<line number="62" hits="7159" branch="false"/>
						<line number="63" hits="7159" branch="false"/>
						<line number="64" hits="7159" branch="true" condition-coverage="100% (2/2)">
							<conditions>
								<condition number="0" type="jump" coverage="100%"/>
							</conditions>
						</line>
						<line number="65" hits="242" branch="false"/>
						<line number="66" hits="7159" branch="true" condition-coverage="100% (2/2)">
							<conditions>
								<condition number="0" type="jump" coverage="100%"/>
							</conditions>
						</line>
						<line number="67" hits="6329" branch="false"/>
						<line number="68" hits="6329" branch="true" condition-coverage="50% (1/2)">
							<conditions>
								<condition number="0" type="jump" coverage="50%"/>
							</conditions>
						</line>
						<line number="69" hits="0" branch="false"/>
						<line number="71" hits="14759" branch="false"/>
						<line number="76" hits="9643" branch="false"/>
						<line number="77" hits="9643" branch="false"/>
						<line number="80" hits="638" branch="false"/>
						<line number="81" hits="638" branch="false"/>
						<line number="84" hits="0" branch="false"/>
						<line number="88" hits="71978" branch="false"/>
						<line number="89" hits="71978" branch="false"/>
						<line number="92" hits="24403" branch="false"/>
						<line number="93" hits="24403" branch="false"/>
						<line number="94" hits="24403" branch="false"/>
						<line number="97" hits="200" branch="false"/>
						<line number="98" hits="200" branch="false"/>
						<line number="101" hits="1746" branch="true" condition-coverage="50% (1/2)">
							<conditions>
								<condition number="0" type="jump" coverage="50%"/>
							</conditions>
						</line>
						<line number="102" hits="0" branch="false"/>
						<line number="103" hits="1746" branch="true" condition-coverage="100% (4/4)">
							<conditions>
								<condition number="0" type="jump" coverage="100%"/>
								<condition number="1" type="jump" coverage="100%"/>
							</conditions>
						</line>
						<line number="104" hits="10" branch="false"/>
						<line number="105" hits="1736" branch="true" condition-coverage="100% (2/2)">
							<conditions>
								<condition number="0" type="jump" coverage="100%"/>
							</conditions>
						</line>
						<line number="106" hits="34" branch="false"/>
						<line number="108" hits="1702" branch="false"/>
						<line number="109" hits="1702" branch="true" condition-coverage="100% (2/2)">
							<conditions>
								<condition number="0" type="jump" coverage="100%"/>
							</conditions>
						</line>
						<line number="110" hits="76" branch="false"/>
						<line number="111" hits="76" branch="true" condition-coverage="100% (2/2)">
							<conditions>
								<condition number="0" type="jump" coverage="100%"/>
							</conditions>
						</line>
						<line number="112" hits="76" branch="true" condition-coverage="50% (1/2)">
							<conditions>
								<condition number="0" type="jump" coverage="50%"/>
							</conditions>
						</line>
						<line number="113" hits="0" branch="false"/>
						<line number="114" hits="0" branch="false"/>
						<line number="115" hits="0" branch="false"/>
						<line number="117" hits="76" branch="true" condition-coverage="50% (1/2)">
							<conditions>
								<condition number="0" type="jump" coverage="50%"/>
							</conditions>
						</line>
						<line number="118" hits="0" branch="false"/>
						<line number="119" hits="76" branch="false"/>
						<line number="121" hits="76" branch="true" condition-coverage="100% (2/2)">
							<conditions>
								<condition number="0" type="jump" coverage="100%"/>
							</conditions>
						</line>
						<line number="122" hits="76" branch="false"/>
						<line number="123" hits="0" branch="false"/>
						<line number="124" hits="76" branch="false"/>
						<line number="125" hits="76" branch="true" condition-coverage="62% (5/8)">
							<conditions>
								<condition number="0" type="jump" coverage="50%"/>
								<condition number="1" type="jump" coverage="100%"/>
								<condition number="2" type="jump" coverage="50%"/>
								<condition number="3" type="jump" coverage="50%"/>
							</conditions>
						</line>
						<line number="126" hits="0" branch="false"/>
						<line number="127" hits="0" branch="false"/>
						<line number="131" hits="76" branch="false"/>
						<line number="135" hits="1626" branch="false"/>
						<line number="136" hits="1626" branch="false"/>
						<line number="137" hits="1626" branch="false"/>
						<line number="138" hits="4452" branch="true" condition-coverage="100% (4/4)">
							<conditions>
								<condition number="0" type="jump" coverage="100%"/>
								<condition number="1" type="jump" coverage="100%"/>
							</conditions>
						</line>
						<line number="139" hits="2826" branch="true" condition-coverage="100% (2/2)">
							<conditions>
								<condition number="0" type="jump" coverage="100%"/>
							</conditions>
						</line>
						<line number="140" hits="946" branch="false"/>
						<line number="142" hits="1880" branch="false"/>
						<line number="143" hits="1880" branch="false"/>
						<line number="146" hits="1626" branch="true" condition-coverage="100% (2/2)">
							<conditions>
								<condition number="0" type="jump" coverage="100%"/>
							</conditions>
						</line>
						<line number="147" hits="680" branch="true" condition-coverage="50% (1/2)">
							<conditions>
								<condition number="0" type="jump" coverage="50%"/>
							</conditions>
						</line>
						<line number="148" hits="0" branch="false"/>
						<line number="149" hits="680" branch="false"/>
						<line number="150" hits="680" branch="false"/>
						<line number="152" hits="946" branch="true" condition-coverage="87% (7/8)">
							<conditions>
								<condition number="0" type="jump" coverage="100%"/>
								<condition number="1" type="jump" coverage="100%"/>
								<condition number="2" type="jump" coverage="50%"/>
								<condition number="3" type="jump" coverage="100%"/>
							</conditions>
						</line>
						<line number="154" hits="29" branch="false"/>
						<line number="155" hits="29" branch="false"/>
						<line number="157" hits="917" branch="true" condition-coverage="100% (2/2)">
							<conditions>
								<condition number="0" type="jump" coverage="100%"/>
							</conditions>
						</line>
						<line number="158" hits="2" branch="false"/>
						<line number="159" hits="917" branch="false"/>
						<line number="164" hits="13492" branch="true" condition-coverage="100% (2/2)">
							<conditions>
								<condition number="0" type="jump" coverage="100%"/>
							</conditions>
						</line>
						<line number="165" hits="13492" branch="false"/>
						<line number="169" hits="13488" branch="false"/>
						<line number="170" hits="13488" branch="false"/>
						<line number="171" hits="13488" branch="false"/>
						<line number="174" hits="973" branch="false"/>
						<line number="175" hits="973" branch="false"/>
						<line number="178" hits="973" branch="false"/>
						<line number="179" hits="973" branch="false"/>
						<line number="182" hits="14" branch="false"/>
						<line number="183" hits="14" branch="false"/>
						<line number="186" hits="14" branch="false"/>
						<line number="187" hits="14" branch="false"/>
						<line number="190" hits="83" branch="false"/>
						<line number="191" hits="83" branch="false"/>
						<line number="194" hits="71" branch="false"/>
						<line number="198" hits="6" branch="false"/>
						<line number="202" hits="0" branch="false"/>
						<line number="206" hits="0" branch="false"/>
						<line number="207" hits="0" branch="false"/>
						<line number="210" hits="180" branch="true" condition-coverage="50% (1/2)">
							<conditions>
								<condition number="0" type="jump" coverage="50%"/>
							</conditions>
						</line>
						<line number="211" hits="180" branch="false"/>
						<line number="212" hits="180" branch="false"/>
						<line number="215" hits="5" branch="true" condition-coverage="50% (1/2)">
							<conditions>
								<condition number="0" type="jump" coverage="50%"/>
							</conditions>
						</line>
						<line number="216" hits="5" branch="false"/>
						<line number="217" hits="5" branch="false"/>
						<line number="220" hits="2" branch="true" condition-coverage="50% (1/2)">
							<conditions>
								<condition number="0" type="jump" coverage="50%"/>
							</conditions>
						</line>
						<line number="221" hits="2" branch="false"/>
						<line number="222" hits="2" branch="false"/>
						<line number="225" hits="143" branch="true" condition-coverage="50% (1/2)">
							<conditions>
								<condition number="0" type="jump" coverage="50%"/>
							</conditions>
						</line>
						<line number="226" hits="143" branch="false"/>
						<line number="227" hits="143" branch="false"/>
						<line number="231" hits="0" branch="false"/>
					</lines>
				</class>
				<class name="org.jsoup.parser.TokeniserState" filename="org/jsoup/parser/TokeniserState.java" line-rate="1.0" branch-rate="1.0" complexity="6.101449275362318">
					<methods>
						<method name="&lt;clinit&gt;" signature="()V" line-rate="1.0" branch-rate="1.0">
							<lines>
								<line number="6" hits="1350" branch="false"/>
								<line number="7" hits="10" branch="false"/>
								<line number="31" hits="10" branch="false"/>
								<line number="42" hits="10" branch="false"/>
								<line number="67" hits="10" branch="false"/>
								<line number="77" hits="10" branch="false"/>
								<line number="98" hits="10" branch="false"/>
								<line number="119" hits="10" branch="false"/>
								<line number="137" hits="10" branch="false"/>
								<line number="163" hits="10" branch="false"/>
								<line number="181" hits="10" branch="false"/>
								<line number="212" hits="10" branch="false"/>
								<line number="231" hits="10" branch="false"/>
								<line number="244" hits="10" branch="false"/>
								<line number="288" hits="10" branch="false"/>
								<line number="299" hits="10" branch="false"/>
								<line number="310" hits="10" branch="false"/>
								<line number="353" hits="10" branch="false"/>
								<line number="371" hits="10" branch="false"/>
								<line number="383" hits="10" branch="false"/>
								<line number="426" hits="10" branch="false"/>
								<line number="436" hits="10" branch="false"/>
								<line number="446" hits="10" branch="false"/>
								<line number="473" hits="10" branch="false"/>
								<line number="501" hits="10" branch="false"/>
								<line number="532" hits="10" branch="false"/>
								<line number="548" hits="10" branch="false"/>
								<line number="561" hits="10" branch="false"/>
								<line number="605" hits="10" branch="false"/>
								<line number="634" hits="10" branch="false"/>
								<line number="661" hits="10" branch="false"/>
								<line number="688" hits="10" branch="false"/>
								<line number="717" hits="10" branch="false"/>
								<line number="728" hits="10" branch="false"/>
								<line number="757" hits="10" branch="false"/>
								<line number="800" hits="10" branch="false"/>
								<line number="841" hits="10" branch="false"/>
								<line number="885" hits="10" branch="false"/>
								<line number="932" hits="10" branch="false"/>
								<line number="962" hits="10" branch="false"/>
								<line number="992" hits="10" branch="false"/>
								<line number="1039" hits="10" branch="false"/>
								<line number="1068" hits="10" branch="false"/>
								<line number="1087" hits="10" branch="false"/>
								<line number="1099" hits="10" branch="false"/>
								<line number="1117" hits="10" branch="false"/>
								<line number="1145" hits="10" branch="false"/>
								<line number="1173" hits="10" branch="false"/>
								<line number="1194" hits="10" branch="false"/>
								<line number="1217" hits="10" branch="false"/>
								<line number="1250" hits="10" branch="false"/>
								<line number="1278" hits="10" branch="false"/>
								<line number="1301" hits="10" branch="false"/>
								<line number="1334" hits="10" branch="false"/>
								<line number="1368" hits="10" branch="false"/>
								<line number="1392" hits="10" branch="false"/>
								<line number="1431" hits="10" branch="false"/>
								<line number="1467" hits="10" branch="false"/>
								<line number="1495" hits="10" branch="false"/>
								<line number="1523" hits="10" branch="false"/>
								<line number="1560" hits="10" branch="false"/>
								<line number="1596" hits="10" branch="false"/>
								<line number="1635" hits="10" branch="false"/>
								<line number="1671" hits="10" branch="false"/>
								<line number="1699" hits="10" branch="false"/>
								<line number="1727" hits="10" branch="false"/>
								<line number="1753" hits="10" branch="false"/>
								<line number="1771" hits="10" branch="false"/>
								<line number="1785" hits="10" branch="false"/>
							</lines>
						</method>
						<method name="&lt;init&gt;" signature="(Ljava/lang/String;I)V" line-rate="1.0" branch-rate="1.0">
							<lines>
							</lines>
						</method>
						<method name="&lt;init&gt;" signature="(Ljava/lang/String;ILorg/jsoup/parser/TokeniserState$1;)V" line-rate="1.0" branch-rate="1.0">
							<lines>
							</lines>
						</method>
						<method name="access$100" signature="()Ljava/lang/String;" line-rate="1.0" branch-rate="1.0">
							<lines>
							</lines>
						</method>
						<method name="valueOf" signature="(Ljava/lang/String;)Lorg/jsoup/parser/TokeniserState;" line-rate="1.0" branch-rate="1.0">
							<lines>
							</lines>
						</method>
						<method name="values" signature="()[Lorg/jsoup/parser/TokeniserState;" line-rate="1.0" branch-rate="1.0">
							<lines>
							</lines>
						</method>
					</methods>
					<lines>
						<line number="6" hits="1350" branch="false"/>
						<line number="7" hits="10" branch="false"/>
						<line number="31" hits="10" branch="false"/>
						<line number="42" hits="10" branch="false"/>
						<line number="67" hits="10" branch="false"/>
						<line number="77" hits="10" branch="false"/>
						<line number="98" hits="10" branch="false"/>
						<line number="119" hits="10" branch="false"/>
						<line number="137" hits="10" branch="false"/>
						<line number="163" hits="10" branch="false"/>
						<line number="181" hits="10" branch="false"/>
						<line number="212" hits="10" branch="false"/>
						<line number="231" hits="10" branch="false"/>
						<line number="244" hits="10" branch="false"/>
						<line number="288" hits="10" branch="false"/>
						<line number="299" hits="10" branch="false"/>
						<line number="310" hits="10" branch="false"/>
						<line number="353" hits="10" branch="false"/>
						<line number="371" hits="10" branch="false"/>
						<line number="383" hits="10" branch="false"/>
						<line number="426" hits="10" branch="false"/>
						<line number="436" hits="10" branch="false"/>
						<line number="446" hits="10" branch="false"/>
						<line number="473" hits="10" branch="false"/>
						<line number="501" hits="10" branch="false"/>
						<line number="532" hits="10" branch="false"/>
						<line number="548" hits="10" branch="false"/>
						<line number="561" hits="10" branch="false"/>
						<line number="605" hits="10" branch="false"/>
						<line number="634" hits="10" branch="false"/>
						<line number="661" hits="10" branch="false"/>
						<line number="688" hits="10" branch="false"/>
						<line number="717" hits="10" branch="false"/>
						<line number="728" hits="10" branch="false"/>
						<line number="757" hits="10" branch="false"/>
						<line number="800" hits="10" branch="false"/>
						<line number="841" hits="10" branch="false"/>
						<line number="885" hits="10" branch="false"/>
						<line number="932" hits="10" branch="false"/>
						<line number="962" hits="10" branch="false"/>
						<line number="992" hits="10" branch="false"/>
						<line number="1039" hits="10" branch="false"/>
						<line number="1068" hits="10" branch="false"/>
						<line number="1087" hits="10" branch="false"/>
						<line number="1099" hits="10" branch="false"/>
						<line number="1117" hits="10" branch="false"/>
						<line number="1145" hits="10" branch="false"/>
						<line number="1173" hits="10" branch="false"/>
						<line number="1194" hits="10" branch="false"/>
						<line number="1217" hits="10" branch="false"/>
						<line number="1250" hits="10" branch="false"/>
						<line number="1278" hits="10" branch="false"/>
						<line number="1301" hits="10" branch="false"/>
						<line number="1334" hits="10" branch="false"/>
						<line number="1368" hits="10" branch="false"/>
						<line number="1392" hits="10" branch="false"/>
						<line number="1431" hits="10" branch="false"/>
						<line number="1467" hits="10" branch="false"/>
						<line number="1495" hits="10" branch="false"/>
						<line number="1523" hits="10" branch="false"/>
						<line number="1560" hits="10" branch="false"/>
						<line number="1596" hits="10" branch="false"/>
						<line number="1635" hits="10" branch="false"/>
						<line number="1671" hits="10" branch="false"/>
						<line number="1699" hits="10" branch="false"/>
						<line number="1727" hits="10" branch="false"/>
						<line number="1753" hits="10" branch="false"/>
						<line number="1771" hits="10" branch="false"/>
						<line number="1785" hits="10" branch="false"/>
					</lines>
				</class>
				<class name="org.jsoup.parser.TokeniserState$1" filename="org/jsoup/parser/TokeniserState.java" line-rate="1.0" branch-rate="1.0" complexity="6.101449275362318">
					<methods>
						<method name="&lt;init&gt;" signature="(Ljava/lang/String;I)V" line-rate="1.0" branch-rate="1.0">
							<lines>
								<line number="7" hits="10" branch="false"/>
							</lines>
						</method>
						<method name="read" signature="(Lorg/jsoup/parser/Tokeniser;Lorg/jsoup/parser/CharacterReader;)V" line-rate="1.0" branch-rate="1.0">
							<lines>
								<line number="10" hits="24810" branch="true" condition-coverage="100% (5/5)">
									<conditions>
										<condition number="0" type="switch" coverage="100%"/>
									</conditions>
								</line>
								<line number="12" hits="524" branch="false"/>
								<line number="13" hits="524" branch="false"/>
								<line number="15" hits="14433" branch="false"/>
								<line number="16" hits="14433" branch="false"/>
								<line number="18" hits="53" branch="false"/>
								<line number="19" hits="53" branch="false"/>
								<line number="20" hits="53" branch="false"/>
								<line number="22" hits="276" branch="false"/>
								<line number="23" hits="276" branch="false"/>
								<line number="25" hits="9524" branch="false"/>
								<line number="26" hits="9524" branch="false"/>
								<line number="29" hits="24810" branch="false"/>
							</lines>
						</method>
					</methods>
					<lines>
						<line number="7" hits="10" branch="false"/>
						<line number="10" hits="24810" branch="true" condition-coverage="100% (5/5)">
							<conditions>
								<condition number="0" type="switch" coverage="100%"/>
							</conditions>
						</line>
						<line number="12" hits="524" branch="false"/>
						<line number="13" hits="524" branch="false"/>
						<line number="15" hits="14433" branch="false"/>
						<line number="16" hits="14433" branch="false"/>
						<line number="18" hits="53" branch="false"/>
						<line number="19" hits="53" branch="false"/>
						<line number="20" hits="53" branch="false"/>
						<line number="22" hits="276" branch="false"/>
						<line number="23" hits="276" branch="false"/>
						<line number="25" hits="9524" branch="false"/>
						<line number="26" hits="9524" branch="false"/>
						<line number="29" hits="24810" branch="false"/>
					</lines>
				</class>
				<class name="org.jsoup.parser.TokeniserState$10" filename="org/jsoup/parser/TokeniserState.java" line-rate="0.875" branch-rate="0.6666666666666666" complexity="6.101449275362318">
					<methods>
						<method name="&lt;init&gt;" signature="(Ljava/lang/String;I)V" line-rate="1.0" branch-rate="1.0">
							<lines>
								<line number="181" hits="10" branch="false"/>
							</lines>
						</method>
						<method name="read" signature="(Lorg/jsoup/parser/Tokeniser;Lorg/jsoup/parser/CharacterReader;)V" line-rate="0.8666666666666667" branch-rate="0.6666666666666666">
							<lines>
								<line number="185" hits="13419" branch="false"/>
								<line number="186" hits="13419" branch="false"/>
								<line number="188" hits="13419" branch="true" condition-coverage="66% (4/6)">
									<conditions>
										<condition number="0" type="switch" coverage="66%"/>
									</conditions>
								</line>
								<line number="193" hits="5236" branch="false"/>
								<line number="194" hits="5236" branch="false"/>
								<line number="196" hits="16" branch="false"/>
								<line number="197" hits="16" branch="false"/>
								<line number="199" hits="8165" branch="false"/>
								<line number="200" hits="8165" branch="false"/>
								<line number="201" hits="8165" branch="false"/>
								<line number="203" hits="0" branch="false"/>
								<line number="204" hits="0" branch="false"/>
								<line number="206" hits="2" branch="false"/>
								<line number="207" hits="2" branch="false"/>
								<line number="210" hits="13419" branch="false"/>
							</lines>
						</method>
					</methods>
					<lines>
						<line number="181" hits="10" branch="false"/>
						<line number="185" hits="13419" branch="false"/>
						<line number="186" hits="13419" branch="false"/>
						<line number="188" hits="13419" branch="true" condition-coverage="66% (4/6)">
							<conditions>
								<condition number="0" type="switch" coverage="66%"/>
							</conditions>
						</line>
						<line number="193" hits="5236" branch="false"/>
						<line number="194" hits="5236" branch="false"/>
						<line number="196" hits="16" branch="false"/>
						<line number="197" hits="16" branch="false"/>
						<line number="199" hits="8165" branch="false"/>
						<line number="200" hits="8165" branch="false"/>
						<line number="201" hits="8165" branch="false"/>
						<line number="203" hits="0" branch="false"/>
						<line number="204" hits="0" branch="false"/>
						<line number="206" hits="2" branch="false"/>
						<line number="207" hits="2" branch="false"/>
						<line number="210" hits="13419" branch="false"/>
					</lines>
				</class>
				<class name="org.jsoup.parser.TokeniserState$11" filename="org/jsoup/parser/TokeniserState.java" line-rate="1.0" branch-rate="1.0" complexity="6.101449275362318">
					<methods>
						<method name="&lt;init&gt;" signature="(Ljava/lang/String;I)V" line-rate="1.0" branch-rate="1.0">
							<lines>
								<line number="212" hits="10" branch="false"/>
							</lines>
						</method>
						<method name="read" signature="(Lorg/jsoup/parser/Tokeniser;Lorg/jsoup/parser/CharacterReader;)V" line-rate="1.0" branch-rate="1.0">
							<lines>
								<line number="215" hits="34" branch="true" condition-coverage="100% (2/2)">
									<conditions>
										<condition number="0" type="jump" coverage="100%"/>
									</conditions>
								</line>
								<line number="216" hits="29" branch="false"/>
								<line number="217" hits="29" branch="false"/>
								<line number="218" hits="5" branch="true" condition-coverage="100% (4/4)">
									<conditions>
										<condition number="0" type="jump" coverage="100%"/>
										<condition number="1" type="jump" coverage="100%"/>
									</conditions>
								</line>
								<line number="221" hits="2" branch="false"/>
								<line number="222" hits="2" branch="false"/>
								<line number="223" hits="2" branch="false"/>
								<line number="224" hits="2" branch="false"/>
								<line number="226" hits="3" branch="false"/>
								<line number="227" hits="3" branch="false"/>
								<line number="229" hits="34" branch="false"/>
							</lines>
						</method>
					</methods>
					<lines>
						<line number="212" hits="10" branch="false"/>
						<line number="215" hits="34" branch="true" condition-coverage="100% (2/2)">
							<conditions>
								<condition number="0" type="jump" coverage="100%"/>
							</conditions>
						</line>
						<line number="216" hits="29" branch="false"/>
						<line number="217" hits="29" branch="false"/>
						<line number="218" hits="5" branch="true" condition-coverage="100% (4/4)">
							<conditions>
								<condition number="0" type="jump" coverage="100%"/>
								<condition number="1" type="jump" coverage="100%"/>
							</conditions>
						</line>
						<line number="221" hits="2" branch="false"/>
						<line number="222" hits="2" branch="false"/>
						<line number="223" hits="2" branch="false"/>
						<line number="224" hits="2" branch="false"/>
						<line number="226" hits="3" branch="false"/>
						<line number="227" hits="3" branch="false"/>
						<line number="229" hits="34" branch="false"/>
					</lines>
				</class>
				<class name="org.jsoup.parser.TokeniserState$12" filename="org/jsoup/parser/TokeniserState.java" line-rate="1.0" branch-rate="1.0" complexity="6.101449275362318">
					<methods>
						<method name="&lt;init&gt;" signature="(Ljava/lang/String;I)V" line-rate="1.0" branch-rate="1.0">
							<lines>
								<line number="231" hits="10" branch="false"/>
							</lines>
						</method>
						<method name="read" signature="(Lorg/jsoup/parser/Tokeniser;Lorg/jsoup/parser/CharacterReader;)V" line-rate="1.0" branch-rate="1.0">
							<lines>
								<line number="233" hits="29" branch="true" condition-coverage="100% (2/2)">
									<conditions>
										<condition number="0" type="jump" coverage="100%"/>
									</conditions>
								</line>
								<line number="234" hits="28" branch="false"/>
								<line number="235" hits="28" branch="false"/>
								<line number="236" hits="28" branch="false"/>
								<line number="237" hits="28" branch="false"/>
								<line number="239" hits="1" branch="false"/>
								<line number="240" hits="1" branch="false"/>
								<line number="242" hits="29" branch="false"/>
							</lines>
						</method>
					</methods>
					<lines>
						<line number="231" hits="10" branch="false"/>
						<line number="233" hits="29" branch="true" condition-coverage="100% (2/2)">
							<conditions>
								<condition number="0" type="jump" coverage="100%"/>
							</conditions>
						</line>
						<line number="234" hits="28" branch="false"/>
						<line number="235" hits="28" branch="false"/>
						<line number="236" hits="28" branch="false"/>
						<line number="237" hits="28" branch="false"/>
						<line number="239" hits="1" branch="false"/>
						<line number="240" hits="1" branch="false"/>
						<line number="242" hits="29" branch="false"/>
					</lines>
				</class>
				<class name="org.jsoup.parser.TokeniserState$13" filename="org/jsoup/parser/TokeniserState.java" line-rate="0.6923076923076923" branch-rate="0.5833333333333334" complexity="6.101449275362318">
					<methods>
						<method name="&lt;init&gt;" signature="(Ljava/lang/String;I)V" line-rate="1.0" branch-rate="1.0">
							<lines>
								<line number="244" hits="10" branch="false"/>
							</lines>
						</method>
						<method name="anythingElse" signature="(Lorg/jsoup/parser/Tokeniser;Lorg/jsoup/parser/CharacterReader;)V" line-rate="1.0" branch-rate="1.0">
							<lines>
								<line number="284" hits="2" branch="false"/>
								<line number="285" hits="2" branch="false"/>
								<line number="286" hits="2" branch="false"/>
							</lines>
						</method>
						<method name="read" signature="(Lorg/jsoup/parser/Tokeniser;Lorg/jsoup/parser/CharacterReader;)V" line-rate="0.6363636363636364" branch-rate="0.5833333333333334">
							<lines>
								<line number="246" hits="55" branch="true" condition-coverage="100% (2/2)">
									<conditions>
										<condition number="0" type="jump" coverage="100%"/>
									</conditions>
								</line>
								<line number="247" hits="27" branch="false"/>
								<line number="248" hits="27" branch="false"/>
								<line number="249" hits="27" branch="false"/>
								<line number="250" hits="27" branch="false"/>
								<line number="253" hits="28" branch="false"/>
								<line number="254" hits="28" branch="true" condition-coverage="75% (3/4)">
									<conditions>
										<condition number="0" type="switch" coverage="75%"/>
									</conditions>
								</line>
								<line number="259" hits="1" branch="true" condition-coverage="50% (1/2)">
									<conditions>
										<condition number="0" type="jump" coverage="50%"/>
									</conditions>
								</line>
								<line number="260" hits="1" branch="false"/>
								<line number="262" hits="0" branch="false"/>
								<line number="263" hits="0" branch="false"/>
								<line number="265" hits="0" branch="true" condition-coverage="0% (0/2)">
									<conditions>
										<condition number="0" type="jump" coverage="0%"/>
									</conditions>
								</line>
								<line number="266" hits="0" branch="false"/>
								<line number="268" hits="0" branch="false"/>
								<line number="269" hits="0" branch="false"/>
								<line number="271" hits="25" branch="true" condition-coverage="50% (1/2)">
									<conditions>
										<condition number="0" type="jump" coverage="50%"/>
									</conditions>
								</line>
								<line number="272" hits="25" branch="false"/>
								<line number="273" hits="25" branch="false"/>
								<line number="276" hits="0" branch="false"/>
								<line number="277" hits="0" branch="false"/>
								<line number="279" hits="2" branch="false"/>
								<line number="281" hits="28" branch="false"/>
							</lines>
						</method>
					</methods>
					<lines>
						<line number="244" hits="10" branch="false"/>
						<line number="246" hits="55" branch="true" condition-coverage="100% (2/2)">
							<conditions>
								<condition number="0" type="jump" coverage="100%"/>
							</conditions>
						</line>
						<line number="247" hits="27" branch="false"/>
						<line number="248" hits="27" branch="false"/>
						<line number="249" hits="27" branch="false"/>
						<line number="250" hits="27" branch="false"/>
						<line number="253" hits="28" branch="false"/>
						<line number="254" hits="28" branch="true" condition-coverage="75% (3/4)">
							<conditions>
								<condition number="0" type="switch" coverage="75%"/>
							</conditions>
						</line>
						<line number="259" hits="1" branch="true" condition-coverage="50% (1/2)">
							<conditions>
								<condition number="0" type="jump" coverage="50%"/>
							</conditions>
						</line>
						<line number="260" hits="1" branch="false"/>
						<line number="262" hits="0" branch="false"/>
						<line number="263" hits="0" branch="false"/>
						<line number="265" hits="0" branch="true" condition-coverage="0% (0/2)">
							<conditions>
								<condition number="0" type="jump" coverage="0%"/>
							</conditions>
						</line>
						<line number="266" hits="0" branch="false"/>
						<line number="268" hits="0" branch="false"/>
						<line number="269" hits="0" branch="false"/>
						<line number="271" hits="25" branch="true" condition-coverage="50% (1/2)">
							<conditions>
								<condition number="0" type="jump" coverage="50%"/>
							</conditions>
						</line>
						<line number="272" hits="25" branch="false"/>
						<line number="273" hits="25" branch="false"/>
						<line number="276" hits="0" branch="false"/>
						<line number="277" hits="0" branch="false"/>
						<line number="279" hits="2" branch="false"/>
						<line number="281" hits="28" branch="false"/>
						<line number="284" hits="2" branch="false"/>
						<line number="285" hits="2" branch="false"/>
						<line number="286" hits="2" branch="false"/>
					</lines>
				</class>
				<class name="org.jsoup.parser.TokeniserState$14" filename="org/jsoup/parser/TokeniserState.java" line-rate="1.0" branch-rate="1.0" complexity="6.101449275362318">
					<methods>
						<method name="&lt;init&gt;" signature="(Ljava/lang/String;I)V" line-rate="1.0" branch-rate="1.0">
							<lines>
								<line number="288" hits="10" branch="false"/>
							</lines>
						</method>
						<method name="read" signature="(Lorg/jsoup/parser/Tokeniser;Lorg/jsoup/parser/CharacterReader;)V" line-rate="1.0" branch-rate="1.0">
							<lines>
								<line number="290" hits="19" branch="true" condition-coverage="100% (2/2)">
									<conditions>
										<condition number="0" type="jump" coverage="100%"/>
									</conditions>
								</line>
								<line number="291" hits="15" branch="false"/>
								<line number="292" hits="15" branch="false"/>
								<line number="294" hits="4" branch="false"/>
								<line number="295" hits="4" branch="false"/>
								<line number="297" hits="19" branch="false"/>
							</lines>
						</method>
					</methods>
					<lines>
						<line number="288" hits="10" branch="false"/>
						<line number="290" hits="19" branch="true" condition-coverage="100% (2/2)">
							<conditions>
								<condition number="0" type="jump" coverage="100%"/>
							</conditions>
						</line>
						<line number="291" hits="15" branch="false"/>
						<line number="292" hits="15" branch="false"/>
						<line number="294" hits="4" branch="false"/>
						<line number="295" hits="4" branch="false"/>
						<line number="297" hits="19" branch="false"/>
					</lines>
				</class>
				<class name="org.jsoup.parser.TokeniserState$15" filename="org/jsoup/parser/TokeniserState.java" line-rate="0.7142857142857143" branch-rate="0.5" complexity="6.101449275362318">
					<methods>
						<method name="&lt;init&gt;" signature="(Ljava/lang/String;I)V" line-rate="1.0" branch-rate="1.0">
							<lines>
								<line number="299" hits="10" branch="false"/>
							</lines>
						</method>
						<method name="read" signature="(Lorg/jsoup/parser/Tokeniser;Lorg/jsoup/parser/CharacterReader;)V" line-rate="0.6666666666666666" branch-rate="0.5">
							<lines>
								<line number="301" hits="15" branch="true" condition-coverage="50% (1/2)">
									<conditions>
										<condition number="0" type="jump" coverage="50%"/>
									</conditions>
								</line>
								<line number="302" hits="15" branch="false"/>
								<line number="303" hits="15" branch="false"/>
								<line number="305" hits="0" branch="false"/>
								<line number="306" hits="0" branch="false"/>
								<line number="308" hits="15" branch="false"/>
							</lines>
						</method>
					</methods>
					<lines>
						<line number="299" hits="10" branch="false"/>
						<line number="301" hits="15" branch="true" condition-coverage="50% (1/2)">
							<conditions>
								<condition number="0" type="jump" coverage="50%"/>
							</conditions>
						</line>
						<line number="302" hits="15" branch="false"/>
						<line number="303" hits="15" branch="false"/>
						<line number="305" hits="0" branch="false"/>
						<line number="306" hits="0" branch="false"/>
						<line number="308" hits="15" branch="false"/>
					</lines>
				</class>
				<class name="org.jsoup.parser.TokeniserState$16" filename="org/jsoup/parser/TokeniserState.java" line-rate="0.5384615384615384" branch-rate="0.35714285714285715" complexity="6.101449275362318">
					<methods>
						<method name="&lt;init&gt;" signature="(Ljava/lang/String;I)V" line-rate="1.0" branch-rate="1.0">
							<lines>
								<line number="310" hits="10" branch="false"/>
							</lines>
						</method>
						<method name="read" signature="(Lorg/jsoup/parser/Tokeniser;Lorg/jsoup/parser/CharacterReader;)V" line-rate="0.52" branch-rate="0.35714285714285715">
							<lines>
								<line number="312" hits="30" branch="true" condition-coverage="100% (2/2)">
									<conditions>
										<condition number="0" type="jump" coverage="100%"/>
									</conditions>
								</line>
								<line number="313" hits="15" branch="false"/>
								<line number="314" hits="15" branch="false"/>
								<line number="315" hits="15" branch="false"/>
								<line number="316" hits="15" branch="false"/>
								<line number="319" hits="15" branch="false"/>
								<line number="320" hits="15" branch="false"/>
								<line number="321" hits="15" branch="true" condition-coverage="25% (1/4)">
									<conditions>
										<condition number="0" type="switch" coverage="25%"/>
									</conditions>
								</line>
								<line number="326" hits="0" branch="true" condition-coverage="0% (0/2)">
									<conditions>
										<condition number="0" type="jump" coverage="0%"/>
									</conditions>
								</line>
								<line number="327" hits="0" branch="false"/>
								<line number="329" hits="0" branch="false"/>
								<line number="330" hits="0" branch="false"/>
								<line number="332" hits="0" branch="true" condition-coverage="0% (0/2)">
									<conditions>
										<condition number="0" type="jump" coverage="0%"/>
									</conditions>
								</line>
								<line number="333" hits="0" branch="false"/>
								<line number="335" hits="0" branch="false"/>
								<line number="336" hits="0" branch="false"/>
								<line number="338" hits="15" branch="true" condition-coverage="50% (1/2)">
									<conditions>
										<condition number="0" type="jump" coverage="50%"/>
									</conditions>
								</line>
								<line number="339" hits="15" branch="false"/>
								<line number="340" hits="15" branch="false"/>
								<line number="343" hits="0" branch="false"/>
								<line number="346" hits="15" branch="true" condition-coverage="50% (1/2)">
									<conditions>
										<condition number="0" type="jump" coverage="50%"/>
									</conditions>
								</line>
								<line number="347" hits="0" branch="false"/>
								<line number="348" hits="0" branch="false"/>
								<line number="349" hits="0" branch="false"/>
								<line number="351" hits="15" branch="false"/>
							</lines>
						</method>
					</methods>
					<lines>
						<line number="310" hits="10" branch="false"/>
						<line number="312" hits="30" branch="true" condition-coverage="100% (2/2)">
							<conditions>
								<condition number="0" type="jump" coverage="100%"/>
							</conditions>
						</line>
						<line number="313" hits="15" branch="false"/>
						<line number="314" hits="15" branch="false"/>
						<line number="315" hits="15" branch="false"/>
						<line number="316" hits="15" branch="false"/>
						<line number="319" hits="15" branch="false"/>
						<line number="320" hits="15" branch="false"/>
						<line number="321" hits="15" branch="true" condition-coverage="25% (1/4)">
							<conditions>
								<condition number="0" type="switch" coverage="25%"/>
							</conditions>
						</line>
						<line number="326" hits="0" branch="true" condition-coverage="0% (0/2)">
							<conditions>
								<condition number="0" type="jump" coverage="0%"/>
							</conditions>
						</line>
						<line number="327" hits="0" branch="false"/>
						<line number="329" hits="0" branch="false"/>
						<line number="330" hits="0" branch="false"/>
						<line number="332" hits="0" branch="true" condition-coverage="0% (0/2)">
							<conditions>
								<condition number="0" type="jump" coverage="0%"/>
							</conditions>
						</line>
						<line number="333" hits="0" branch="false"/>
						<line number="335" hits="0" branch="false"/>
						<line number="336" hits="0" branch="false"/>
						<line number="338" hits="15" branch="true" condition-coverage="50% (1/2)">
							<conditions>
								<condition number="0" type="jump" coverage="50%"/>
							</conditions>
						</line>
						<line number="339" hits="15" branch="false"/>
						<line number="340" hits="15" branch="false"/>
						<line number="343" hits="0" branch="false"/>
						<line number="346" hits="15" branch="true" condition-coverage="50% (1/2)">
							<conditions>
								<condition number="0" type="jump" coverage="50%"/>
							</conditions>
						</line>
						<line number="347" hits="0" branch="false"/>
						<line number="348" hits="0" branch="false"/>
						<line number="349" hits="0" branch="false"/>
						<line number="351" hits="15" branch="false"/>
					</lines>
				</class>
				<class name="org.jsoup.parser.TokeniserState$17" filename="org/jsoup/parser/TokeniserState.java" line-rate="1.0" branch-rate="1.0" complexity="6.101449275362318">
					<methods>
						<method name="&lt;init&gt;" signature="(Ljava/lang/String;I)V" line-rate="1.0" branch-rate="1.0">
							<lines>
								<line number="353" hits="10" branch="false"/>
							</lines>
						</method>
						<method name="read" signature="(Lorg/jsoup/parser/Tokeniser;Lorg/jsoup/parser/CharacterReader;)V" line-rate="1.0" branch-rate="1.0">
							<lines>
								<line number="355" hits="35" branch="true" condition-coverage="100% (3/3)">
									<conditions>
										<condition number="0" type="switch" coverage="100%"/>
									</conditions>
								</line>
								<line number="357" hits="30" branch="false"/>
								<line number="358" hits="30" branch="false"/>
								<line number="359" hits="30" branch="false"/>
								<line number="361" hits="4" branch="false"/>
								<line number="362" hits="4" branch="false"/>
								<line number="363" hits="4" branch="false"/>
								<line number="365" hits="1" branch="false"/>
								<line number="366" hits="1" branch="false"/>
								<line number="367" hits="1" branch="false"/>
								<line number="369" hits="35" branch="false"/>
							</lines>
						</method>
					</methods>
					<lines>
						<line number="353" hits="10" branch="false"/>
						<line number="355" hits="35" branch="true" condition-coverage="100% (3/3)">
							<conditions>
								<condition number="0" type="switch" coverage="100%"/>
							</conditions>
						</line>
						<line number="357" hits="30" branch="false"/>
						<line number="358" hits="30" branch="false"/>
						<line number="359" hits="30" branch="false"/>
						<line number="361" hits="4" branch="false"/>
						<line number="362" hits="4" branch="false"/>
						<line number="363" hits="4" branch="false"/>
						<line number="365" hits="1" branch="false"/>
						<line number="366" hits="1" branch="false"/>
						<line number="367" hits="1" branch="false"/>
						<line number="369" hits="35" branch="false"/>
					</lines>
				</class>
				<class name="org.jsoup.parser.TokeniserState$18" filename="org/jsoup/parser/TokeniserState.java" line-rate="0.7142857142857143" branch-rate="0.5" complexity="6.101449275362318">
					<methods>
						<method name="&lt;init&gt;" signature="(Ljava/lang/String;I)V" line-rate="1.0" branch-rate="1.0">
							<lines>
								<line number="371" hits="10" branch="false"/>
							</lines>
						</method>
						<method name="read" signature="(Lorg/jsoup/parser/Tokeniser;Lorg/jsoup/parser/CharacterReader;)V" line-rate="0.6666666666666666" branch-rate="0.5">
							<lines>
								<line number="373" hits="30" branch="true" condition-coverage="50% (1/2)">
									<conditions>
										<condition number="0" type="jump" coverage="50%"/>
									</conditions>
								</line>
								<line number="374" hits="30" branch="false"/>
								<line number="375" hits="30" branch="false"/>
								<line number="377" hits="0" branch="false"/>
								<line number="378" hits="0" branch="false"/>
								<line number="381" hits="30" branch="false"/>
							</lines>
						</method>
					</methods>
					<lines>
						<line number="371" hits="10" branch="false"/>
						<line number="373" hits="30" branch="true" condition-coverage="50% (1/2)">
							<conditions>
								<condition number="0" type="jump" coverage="50%"/>
							</conditions>
						</line>
						<line number="374" hits="30" branch="false"/>
						<line number="375" hits="30" branch="false"/>
						<line number="377" hits="0" branch="false"/>
						<line number="378" hits="0" branch="false"/>
						<line number="381" hits="30" branch="false"/>
					</lines>
				</class>
				<class name="org.jsoup.parser.TokeniserState$19" filename="org/jsoup/parser/TokeniserState.java" line-rate="0.5384615384615384" branch-rate="0.35714285714285715" complexity="6.101449275362318">
					<methods>
						<method name="&lt;init&gt;" signature="(Ljava/lang/String;I)V" line-rate="1.0" branch-rate="1.0">
							<lines>
								<line number="383" hits="10" branch="false"/>
							</lines>
						</method>
						<method name="read" signature="(Lorg/jsoup/parser/Tokeniser;Lorg/jsoup/parser/CharacterReader;)V" line-rate="0.52" branch-rate="0.35714285714285715">
							<lines>
								<line number="385" hits="60" branch="true" condition-coverage="100% (2/2)">
									<conditions>
										<condition number="0" type="jump" coverage="100%"/>
									</conditions>
								</line>
								<line number="386" hits="30" branch="false"/>
								<line number="387" hits="30" branch="false"/>
								<line number="388" hits="30" branch="false"/>
								<line number="389" hits="30" branch="false"/>
								<line number="392" hits="30" branch="false"/>
								<line number="393" hits="30" branch="false"/>
								<line number="394" hits="30" branch="true" condition-coverage="25% (1/4)">
									<conditions>
										<condition number="0" type="switch" coverage="25%"/>
									</conditions>
								</line>
								<line number="399" hits="0" branch="true" condition-coverage="0% (0/2)">
									<conditions>
										<condition number="0" type="jump" coverage="0%"/>
									</conditions>
								</line>
								<line number="400" hits="0" branch="false"/>
								<line number="402" hits="0" branch="false"/>
								<line number="403" hits="0" branch="false"/>
								<line number="405" hits="0" branch="true" condition-coverage="0% (0/2)">
									<conditions>
										<condition number="0" type="jump" coverage="0%"/>
									</conditions>
								</line>
								<line number="406" hits="0" branch="false"/>
								<line number="408" hits="0" branch="false"/>
								<line number="409" hits="0" branch="false"/>
								<line number="411" hits="30" branch="true" condition-coverage="50% (1/2)">
									<conditions>
										<condition number="0" type="jump" coverage="50%"/>
									</conditions>
								</line>
								<line number="412" hits="30" branch="false"/>
								<line number="413" hits="30" branch="false"/>
								<line number="416" hits="0" branch="false"/>
								<line number="419" hits="30" branch="true" condition-coverage="50% (1/2)">
									<conditions>
										<condition number="0" type="jump" coverage="50%"/>
									</conditions>
								</line>
								<line number="420" hits="0" branch="false"/>
								<line number="421" hits="0" branch="false"/>
								<line number="422" hits="0" branch="false"/>
								<line number="424" hits="30" branch="false"/>
							</lines>
						</method>
					</methods>
					<lines>
						<line number="383" hits="10" branch="false"/>
						<line number="385" hits="60" branch="true" condition-coverage="100% (2/2)">
							<conditions>
								<condition number="0" type="jump" coverage="100%"/>
							</conditions>
						</line>
						<line number="386" hits="30" branch="false"/>
						<line number="387" hits="30" branch="false"/>
						<line number="388" hits="30" branch="false"/>
						<line number="389" hits="30" branch="false"/>
						<line number="392" hits="30" branch="false"/>
						<line number="393" hits="30" branch="false"/>
						<line number="394" hits="30" branch="true" condition-coverage="25% (1/4)">
							<conditions>
								<condition number="0" type="switch" coverage="25%"/>
							</conditions>
						</line>
						<line number="399" hits="0" branch="true" condition-coverage="0% (0/2)">
							<conditions>
								<condition number="0" type="jump" coverage="0%"/>
							</conditions>
						</line>
						<line number="400" hits="0" branch="false"/>
						<line number="402" hits="0" branch="false"/>
						<line number="403" hits="0" branch="false"/>
						<line number="405" hits="0" branch="true" condition-coverage="0% (0/2)">
							<conditions>
								<condition number="0" type="jump" coverage="0%"/>
							</conditions>
						</line>
						<line number="406" hits="0" branch="false"/>
						<line number="408" hits="0" branch="false"/>
						<line number="409" hits="0" branch="false"/>
						<line number="411" hits="30" branch="true" condition-coverage="50% (1/2)">
							<conditions>
								<condition number="0" type="jump" coverage="50%"/>
							</conditions>
						</line>
						<line number="412" hits="30" branch="false"/>
						<line number="413" hits="30" branch="false"/>
						<line number="416" hits="0" branch="false"/>
						<line number="419" hits="30" branch="true" condition-coverage="50% (1/2)">
							<conditions>
								<condition number="0" type="jump" coverage="50%"/>
							</conditions>
						</line>
						<line number="420" hits="0" branch="false"/>
						<line number="421" hits="0" branch="false"/>
						<line number="422" hits="0" branch="false"/>
						<line number="424" hits="30" branch="false"/>
					</lines>
				</class>
				<class name="org.jsoup.parser.TokeniserState$2" filename="org/jsoup/parser/TokeniserState.java" line-rate="1.0" branch-rate="1.0" complexity="6.101449275362318">
					<methods>
						<method name="&lt;init&gt;" signature="(Ljava/lang/String;I)V" line-rate="1.0" branch-rate="1.0">
							<lines>
								<line number="31" hits="10" branch="false"/>
							</lines>
						</method>
						<method name="read" signature="(Lorg/jsoup/parser/Tokeniser;Lorg/jsoup/parser/CharacterReader;)V" line-rate="1.0" branch-rate="1.0">
							<lines>
								<line number="34" hits="524" branch="false"/>
								<line number="35" hits="524" branch="true" condition-coverage="100% (2/2)">
									<conditions>
										<condition number="0" type="jump" coverage="100%"/>
									</conditions>
								</line>
								<line number="36" hits="213" branch="false"/>
								<line number="38" hits="311" branch="false"/>
								<line number="39" hits="524" branch="false"/>
								<line number="40" hits="524" branch="false"/>
							</lines>
						</method>
					</methods>
					<lines>
						<line number="31" hits="10" branch="false"/>
						<line number="34" hits="524" branch="false"/>
						<line number="35" hits="524" branch="true" condition-coverage="100% (2/2)">
							<conditions>
								<condition number="0" type="jump" coverage="100%"/>
							</conditions>
						</line>
						<line number="36" hits="213" branch="false"/>
						<line number="38" hits="311" branch="false"/>
						<line number="39" hits="524" branch="false"/>
						<line number="40" hits="524" branch="false"/>
					</lines>
				</class>
				<class name="org.jsoup.parser.TokeniserState$20" filename="org/jsoup/parser/TokeniserState.java" line-rate="1.0" branch-rate="1.0" complexity="6.101449275362318">
					<methods>
						<method name="&lt;init&gt;" signature="(Ljava/lang/String;I)V" line-rate="1.0" branch-rate="1.0">
							<lines>
								<line number="426" hits="10" branch="false"/>
							</lines>
						</method>
						<method name="read" signature="(Lorg/jsoup/parser/Tokeniser;Lorg/jsoup/parser/CharacterReader;)V" line-rate="1.0" branch-rate="1.0">
							<lines>
								<line number="428" hits="4" branch="true" condition-coverage="100% (2/2)">
									<conditions>
										<condition number="0" type="jump" coverage="100%"/>
									</conditions>
								</line>
								<line number="429" hits="1" branch="false"/>
								<line number="430" hits="1" branch="false"/>
								<line number="432" hits="3" branch="false"/>
								<line number="434" hits="4" branch="false"/>
							</lines>
						</method>
					</methods>
					<lines>
						<line number="426" hits="10" branch="false"/>
						<line number="428" hits="4" branch="true" condition-coverage="100% (2/2)">
							<conditions>
								<condition number="0" type="jump" coverage="100%"/>
							</conditions>
						</line>
						<line number="429" hits="1" branch="false"/>
						<line number="430" hits="1" branch="false"/>
						<line number="432" hits="3" branch="false"/>
						<line number="434" hits="4" branch="false"/>
					</lines>
				</class>
				<class name="org.jsoup.parser.TokeniserState$21" filename="org/jsoup/parser/TokeniserState.java" line-rate="0.8333333333333334" branch-rate="0.5" complexity="6.101449275362318">
					<methods>
						<method name="&lt;init&gt;" signature="(Ljava/lang/String;I)V" line-rate="1.0" branch-rate="1.0">
							<lines>
								<line number="436" hits="10" branch="false"/>
							</lines>
						</method>
						<method name="read" signature="(Lorg/jsoup/parser/Tokeniser;Lorg/jsoup/parser/CharacterReader;)V" line-rate="0.8" branch-rate="0.5">
							<lines>
								<line number="438" hits="1" branch="true" condition-coverage="50% (1/2)">
									<conditions>
										<condition number="0" type="jump" coverage="50%"/>
									</conditions>
								</line>
								<line number="439" hits="1" branch="false"/>
								<line number="440" hits="1" branch="false"/>
								<line number="442" hits="0" branch="false"/>
								<line number="444" hits="1" branch="false"/>
							</lines>
						</method>
					</methods>
					<lines>
						<line number="436" hits="10" branch="false"/>
						<line number="438" hits="1" branch="true" condition-coverage="50% (1/2)">
							<conditions>
								<condition number="0" type="jump" coverage="50%"/>
							</conditions>
						</line>
						<line number="439" hits="1" branch="false"/>
						<line number="440" hits="1" branch="false"/>
						<line number="442" hits="0" branch="false"/>
						<line number="444" hits="1" branch="false"/>
					</lines>
				</class>
				<class name="org.jsoup.parser.TokeniserState$22" filename="org/jsoup/parser/TokeniserState.java" line-rate="0.6111111111111112" branch-rate="0.6666666666666666" complexity="6.101449275362318">
					<methods>
						<method name="&lt;init&gt;" signature="(Ljava/lang/String;I)V" line-rate="1.0" branch-rate="1.0">
							<lines>
								<line number="446" hits="10" branch="false"/>
							</lines>
						</method>
						<method name="read" signature="(Lorg/jsoup/parser/Tokeniser;Lorg/jsoup/parser/CharacterReader;)V" line-rate="0.5882352941176471" branch-rate="0.6666666666666666">
							<lines>
								<line number="448" hits="58" branch="true" condition-coverage="50% (1/2)">
									<conditions>
										<condition number="0" type="jump" coverage="50%"/>
									</conditions>
								</line>
								<line number="449" hits="0" branch="false"/>
								<line number="450" hits="0" branch="false"/>
								<line number="451" hits="0" branch="false"/>
								<line number="454" hits="58" branch="true" condition-coverage="75% (3/4)">
									<conditions>
										<condition number="0" type="switch" coverage="75%"/>
									</conditions>
								</line>
								<line number="456" hits="17" branch="false"/>
								<line number="457" hits="17" branch="false"/>
								<line number="458" hits="17" branch="false"/>
								<line number="460" hits="12" branch="false"/>
								<line number="461" hits="12" branch="false"/>
								<line number="463" hits="0" branch="false"/>
								<line number="464" hits="0" branch="false"/>
								<line number="465" hits="0" branch="false"/>
								<line number="466" hits="0" branch="false"/>
								<line number="468" hits="29" branch="false"/>
								<line number="469" hits="29" branch="false"/>
								<line number="471" hits="58" branch="false"/>
							</lines>
						</method>
					</methods>
					<lines>
						<line number="446" hits="10" branch="false"/>
						<line number="448" hits="58" branch="true" condition-coverage="50% (1/2)">
							<conditions>
								<condition number="0" type="jump" coverage="50%"/>
							</conditions>
						</line>
						<line number="449" hits="0" branch="false"/>
						<line number="450" hits="0" branch="false"/>
						<line number="451" hits="0" branch="false"/>
						<line number="454" hits="58" branch="true" condition-coverage="75% (3/4)">
							<conditions>
								<condition number="0" type="switch" coverage="75%"/>
							</conditions>
						</line>
						<line number="456" hits="17" branch="false"/>
						<line number="457" hits="17" branch="false"/>
						<line number="458" hits="17" branch="false"/>
						<line number="460" hits="12" branch="false"/>
						<line number="461" hits="12" branch="false"/>
						<line number="463" hits="0" branch="false"/>
						<line number="464" hits="0" branch="false"/>
						<line number="465" hits="0" branch="false"/>
						<line number="466" hits="0" branch="false"/>
						<line number="468" hits="29" branch="false"/>
						<line number="469" hits="29" branch="false"/>
						<line number="471" hits="58" branch="false"/>
					</lines>
				</class>
				<class name="org.jsoup.parser.TokeniserState$23" filename="org/jsoup/parser/TokeniserState.java" line-rate="0.5263157894736842" branch-rate="0.5" complexity="6.101449275362318">
					<methods>
						<method name="&lt;init&gt;" signature="(Ljava/lang/String;I)V" line-rate="1.0" branch-rate="1.0">
							<lines>
								<line number="473" hits="10" branch="false"/>
							</lines>
						</method>
						<method name="read" signature="(Lorg/jsoup/parser/Tokeniser;Lorg/jsoup/parser/CharacterReader;)V" line-rate="0.5" branch-rate="0.5">
							<lines>
								<line number="475" hits="17" branch="true" condition-coverage="50% (1/2)">
									<conditions>
										<condition number="0" type="jump" coverage="50%"/>
									</conditions>
								</line>
								<line number="476" hits="0" branch="false"/>
								<line number="477" hits="0" branch="false"/>
								<line number="478" hits="0" branch="false"/>
								<line number="481" hits="17" branch="false"/>
								<line number="482" hits="17" branch="true" condition-coverage="50% (2/4)">
									<conditions>
										<condition number="0" type="switch" coverage="50%"/>
									</conditions>
								</line>
								<line number="484" hits="2" branch="false"/>
								<line number="485" hits="2" branch="false"/>
								<line number="486" hits="2" branch="false"/>
								<line number="488" hits="0" branch="false"/>
								<line number="489" hits="0" branch="false"/>
								<line number="491" hits="0" branch="false"/>
								<line number="492" hits="0" branch="false"/>
								<line number="493" hits="0" branch="false"/>
								<line number="494" hits="0" branch="false"/>
								<line number="496" hits="15" branch="false"/>
								<line number="497" hits="15" branch="false"/>
								<line number="499" hits="17" branch="false"/>
							</lines>
						</method>
					</methods>
					<lines>
						<line number="473" hits="10" branch="false"/>
						<line number="475" hits="17" branch="true" condition-coverage="50% (1/2)">
							<conditions>
								<condition number="0" type="jump" coverage="50%"/>
							</conditions>
						</line>
						<line number="476" hits="0" branch="false"/>
						<line number="477" hits="0" branch="false"/>
						<line number="478" hits="0" branch="false"/>
						<line number="481" hits="17" branch="false"/>
						<line number="482" hits="17" branch="true" condition-coverage="50% (2/4)">
							<conditions>
								<condition number="0" type="switch" coverage="50%"/>
							</conditions>
						</line>
						<line number="484" hits="2" branch="false"/>
						<line number="485" hits="2" branch="false"/>
						<line number="486" hits="2" branch="false"/>
						<line number="488" hits="0" branch="false"/>
						<line number="489" hits="0" branch="false"/>
						<line number="491" hits="0" branch="false"/>
						<line number="492" hits="0" branch="false"/>
						<line number="493" hits="0" branch="false"/>
						<line number="494" hits="0" branch="false"/>
						<line number="496" hits="15" branch="false"/>
						<line number="497" hits="15" branch="false"/>
						<line number="499" hits="17" branch="false"/>
					</lines>
				</class>
				<class name="org.jsoup.parser.TokeniserState$24" filename="org/jsoup/parser/TokeniserState.java" line-rate="0.47619047619047616" branch-rate="0.42857142857142855" complexity="6.101449275362318">
					<methods>
						<method name="&lt;init&gt;" signature="(Ljava/lang/String;I)V" line-rate="1.0" branch-rate="1.0">
							<lines>
								<line number="501" hits="10" branch="false"/>
							</lines>
						</method>
						<method name="read" signature="(Lorg/jsoup/parser/Tokeniser;Lorg/jsoup/parser/CharacterReader;)V" line-rate="0.45" branch-rate="0.42857142857142855">
							<lines>
								<line number="503" hits="3" branch="true" condition-coverage="50% (1/2)">
									<conditions>
										<condition number="0" type="jump" coverage="50%"/>
									</conditions>
								</line>
								<line number="504" hits="0" branch="false"/>
								<line number="505" hits="0" branch="false"/>
								<line number="506" hits="0" branch="false"/>
								<line number="509" hits="3" branch="false"/>
								<line number="510" hits="3" branch="true" condition-coverage="40% (2/5)">
									<conditions>
										<condition number="0" type="switch" coverage="40%"/>
									</conditions>
								</line>
								<line number="512" hits="0" branch="false"/>
								<line number="513" hits="0" branch="false"/>
								<line number="515" hits="0" branch="false"/>
								<line number="516" hits="0" branch="false"/>
								<line number="518" hits="1" branch="false"/>
								<line number="519" hits="1" branch="false"/>
								<line number="520" hits="1" branch="false"/>
								<line number="522" hits="0" branch="false"/>
								<line number="523" hits="0" branch="false"/>
								<line number="524" hits="0" branch="false"/>
								<line number="525" hits="0" branch="false"/>
								<line number="527" hits="2" branch="false"/>
								<line number="528" hits="2" branch="false"/>
								<line number="530" hits="3" branch="false"/>
							</lines>
						</method>
					</methods>
					<lines>
						<line number="501" hits="10" branch="false"/>
[...]
						<line number="1660" hits="0" branch="false"/>
						<line number="1661" hits="0" branch="false"/>
						<line number="1662" hits="0" branch="false"/>
						<line number="1663" hits="0" branch="false"/>
						<line number="1665" hits="0" branch="false"/>
						<line number="1666" hits="0" branch="false"/>
						<line number="1667" hits="0" branch="false"/>
						<line number="1669" hits="0" branch="false"/>
					</lines>
				</class>
				<class name="org.jsoup.parser.TokeniserState$63" filename="org/jsoup/parser/TokeniserState.java" line-rate="0.35" branch-rate="0.4" complexity="6.101449275362318">
					<methods>
						<method name="&lt;init&gt;" signature="(Ljava/lang/String;I)V" line-rate="1.0" branch-rate="1.0">
							<lines>
								<line number="1671" hits="10" branch="false"/>
							</lines>
						</method>
						<method name="read" signature="(Lorg/jsoup/parser/Tokeniser;Lorg/jsoup/parser/CharacterReader;)V" line-rate="0.3157894736842105" branch-rate="0.4">
							<lines>
								<line number="1673" hits="261" branch="false"/>
								<line number="1674" hits="261" branch="true" condition-coverage="40% (2/5)">
									<conditions>
										<condition number="0" type="switch" coverage="40%"/>
									</conditions>
								</line>
								<line number="1676" hits="6" branch="false"/>
								<line number="1677" hits="6" branch="false"/>
								<line number="1679" hits="0" branch="false"/>
								<line number="1680" hits="0" branch="false"/>
								<line number="1681" hits="0" branch="false"/>
								<line number="1683" hits="0" branch="false"/>
								<line number="1684" hits="0" branch="false"/>
								<line number="1685" hits="0" branch="false"/>
								<line number="1686" hits="0" branch="false"/>
								<line number="1687" hits="0" branch="false"/>
								<line number="1689" hits="0" branch="false"/>
								<line number="1690" hits="0" branch="false"/>
								<line number="1691" hits="0" branch="false"/>
								<line number="1692" hits="0" branch="false"/>
								<line number="1693" hits="0" branch="false"/>
								<line number="1695" hits="255" branch="false"/>
								<line number="1697" hits="261" branch="false"/>
							</lines>
						</method>
					</methods>
					<lines>
						<line number="1671" hits="10" branch="false"/>
						<line number="1673" hits="261" branch="false"/>
						<line number="1674" hits="261" branch="true" condition-coverage="40% (2/5)">
							<conditions>
								<condition number="0" type="switch" coverage="40%"/>
							</conditions>
						</line>
						<line number="1676" hits="6" branch="false"/>
						<line number="1677" hits="6" branch="false"/>
						<line number="1679" hits="0" branch="false"/>
						<line number="1680" hits="0" branch="false"/>
						<line number="1681" hits="0" branch="false"/>
						<line number="1683" hits="0" branch="false"/>
						<line number="1684" hits="0" branch="false"/>
						<line number="1685" hits="0" branch="false"/>
						<line number="1686" hits="0" branch="false"/>
						<line number="1687" hits="0" branch="false"/>
						<line number="1689" hits="0" branch="false"/>
						<line number="1690" hits="0" branch="false"/>
						<line number="1691" hits="0" branch="false"/>
						<line number="1692" hits="0" branch="false"/>
						<line number="1693" hits="0" branch="false"/>
						<line number="1695" hits="255" branch="false"/>
						<line number="1697" hits="261" branch="false"/>
					</lines>
				</class>
				<class name="org.jsoup.parser.TokeniserState$64" filename="org/jsoup/parser/TokeniserState.java" line-rate="0.05" branch-rate="0.0" complexity="6.101449275362318">
					<methods>
						<method name="&lt;init&gt;" signature="(Ljava/lang/String;I)V" line-rate="1.0" branch-rate="1.0">
							<lines>
								<line number="1699" hits="10" branch="false"/>
							</lines>
						</method>
						<method name="read" signature="(Lorg/jsoup/parser/Tokeniser;Lorg/jsoup/parser/CharacterReader;)V" line-rate="0.0" branch-rate="0.0">
							<lines>
								<line number="1701" hits="0" branch="false"/>
								<line number="1702" hits="0" branch="true" condition-coverage="0% (0/5)">
									<conditions>
										<condition number="0" type="switch" coverage="0%"/>
									</conditions>
								</line>
								<line number="1704" hits="0" branch="false"/>
								<line number="1705" hits="0" branch="false"/>
								<line number="1707" hits="0" branch="false"/>
								<line number="1708" hits="0" branch="false"/>
								<line number="1709" hits="0" branch="false"/>
								<line number="1711" hits="0" branch="false"/>
								<line number="1712" hits="0" branch="false"/>
								<line number="1713" hits="0" branch="false"/>
								<line number="1714" hits="0" branch="false"/>
								<line number="1715" hits="0" branch="false"/>
								<line number="1717" hits="0" branch="false"/>
								<line number="1718" hits="0" branch="false"/>
								<line number="1719" hits="0" branch="false"/>
								<line number="1720" hits="0" branch="false"/>
								<line number="1721" hits="0" branch="false"/>
								<line number="1723" hits="0" branch="false"/>
								<line number="1725" hits="0" branch="false"/>
							</lines>
						</method>
					</methods>
					<lines>
						<line number="1699" hits="10" branch="false"/>
						<line number="1701" hits="0" branch="false"/>
						<line number="1702" hits="0" branch="true" condition-coverage="0% (0/5)">
							<conditions>
								<condition number="0" type="switch" coverage="0%"/>
							</conditions>
						</line>
						<line number="1704" hits="0" branch="false"/>
						<line number="1705" hits="0" branch="false"/>
						<line number="1707" hits="0" branch="false"/>
						<line number="1708" hits="0" branch="false"/>
						<line number="1709" hits="0" branch="false"/>
						<line number="1711" hits="0" branch="false"/>
						<line number="1712" hits="0" branch="false"/>
						<line number="1713" hits="0" branch="false"/>
						<line number="1714" hits="0" branch="false"/>
						<line number="1715" hits="0" branch="false"/>
						<line number="1717" hits="0" branch="false"/>
						<line number="1718" hits="0" branch="false"/>
						<line number="1719" hits="0" branch="false"/>
						<line number="1720" hits="0" branch="false"/>
						<line number="1721" hits="0" branch="false"/>
						<line number="1723" hits="0" branch="false"/>
						<line number="1725" hits="0" branch="false"/>
					</lines>
				</class>
				<class name="org.jsoup.parser.TokeniserState$65" filename="org/jsoup/parser/TokeniserState.java" line-rate="0.4666666666666667" branch-rate="0.25" complexity="6.101449275362318">
					<methods>
						<method name="&lt;init&gt;" signature="(Ljava/lang/String;I)V" line-rate="1.0" branch-rate="1.0">
							<lines>
								<line number="1727" hits="10" branch="false"/>
							</lines>
						</method>
						<method name="read" signature="(Lorg/jsoup/parser/Tokeniser;Lorg/jsoup/parser/CharacterReader;)V" line-rate="0.42857142857142855" branch-rate="0.25">
							<lines>
								<line number="1729" hits="6" branch="false"/>
								<line number="1730" hits="6" branch="true" condition-coverage="25% (1/4)">
									<conditions>
										<condition number="0" type="switch" coverage="25%"/>
									</conditions>
								</line>
								<line number="1735" hits="0" branch="false"/>
								<line number="1737" hits="6" branch="false"/>
								<line number="1738" hits="6" branch="false"/>
								<line number="1739" hits="6" branch="false"/>
								<line number="1741" hits="0" branch="false"/>
								<line number="1742" hits="0" branch="false"/>
								<line number="1743" hits="0" branch="false"/>
								<line number="1744" hits="0" branch="false"/>
								<line number="1745" hits="0" branch="false"/>
								<line number="1747" hits="0" branch="false"/>
								<line number="1748" hits="0" branch="false"/>
								<line number="1751" hits="6" branch="false"/>
							</lines>
						</method>
					</methods>
					<lines>
						<line number="1727" hits="10" branch="false"/>
						<line number="1729" hits="6" branch="false"/>
						<line number="1730" hits="6" branch="true" condition-coverage="25% (1/4)">
							<conditions>
								<condition number="0" type="switch" coverage="25%"/>
							</conditions>
						</line>
						<line number="1735" hits="0" branch="false"/>
						<line number="1737" hits="6" branch="false"/>
						<line number="1738" hits="6" branch="false"/>
						<line number="1739" hits="6" branch="false"/>
						<line number="1741" hits="0" branch="false"/>
						<line number="1742" hits="0" branch="false"/>
						<line number="1743" hits="0" branch="false"/>
						<line number="1744" hits="0" branch="false"/>
						<line number="1745" hits="0" branch="false"/>
						<line number="1747" hits="0" branch="false"/>
						<line number="1748" hits="0" branch="false"/>
						<line number="1751" hits="6" branch="false"/>
					</lines>
				</class>
				<class name="org.jsoup.parser.TokeniserState$66" filename="org/jsoup/parser/TokeniserState.java" line-rate="0.1" branch-rate="0.0" complexity="6.101449275362318">
					<methods>
						<method name="&lt;init&gt;" signature="(Ljava/lang/String;I)V" line-rate="1.0" branch-rate="1.0">
							<lines>
								<line number="1753" hits="10" branch="false"/>
							</lines>
						</method>
						<method name="read" signature="(Lorg/jsoup/parser/Tokeniser;Lorg/jsoup/parser/CharacterReader;)V" line-rate="0.0" branch-rate="0.0">
							<lines>
								<line number="1755" hits="0" branch="false"/>
								<line number="1756" hits="0" branch="true" condition-coverage="0% (0/3)">
									<conditions>
										<condition number="0" type="switch" coverage="0%"/>
									</conditions>
								</line>
								<line number="1758" hits="0" branch="false"/>
								<line number="1759" hits="0" branch="false"/>
								<line number="1760" hits="0" branch="false"/>
								<line number="1762" hits="0" branch="false"/>
								<line number="1763" hits="0" branch="false"/>
								<line number="1764" hits="0" branch="false"/>
								<line number="1769" hits="0" branch="false"/>
							</lines>
						</method>
					</methods>
					<lines>
						<line number="1753" hits="10" branch="false"/>
						<line number="1755" hits="0" branch="false"/>
						<line number="1756" hits="0" branch="true" condition-coverage="0% (0/3)">
							<conditions>
								<condition number="0" type="switch" coverage="0%"/>
							</conditions>
						</line>
						<line number="1758" hits="0" branch="false"/>
						<line number="1759" hits="0" branch="false"/>
						<line number="1760" hits="0" branch="false"/>
						<line number="1762" hits="0" branch="false"/>
						<line number="1763" hits="0" branch="false"/>
						<line number="1764" hits="0" branch="false"/>
						<line number="1769" hits="0" branch="false"/>
					</lines>
				</class>
				<class name="org.jsoup.parser.TokeniserState$67" filename="org/jsoup/parser/TokeniserState.java" line-rate="1.0" branch-rate="1.0" complexity="6.101449275362318">
					<methods>
						<method name="&lt;init&gt;" signature="(Ljava/lang/String;I)V" line-rate="1.0" branch-rate="1.0">
							<lines>
								<line number="1771" hits="10" branch="false"/>
							</lines>
						</method>
						<method name="read" signature="(Lorg/jsoup/parser/Tokeniser;Lorg/jsoup/parser/CharacterReader;)V" line-rate="1.0" branch-rate="1.0">
							<lines>
								<line number="1773" hits="7" branch="false"/>
								<line number="1774" hits="7" branch="false"/>
								<line number="1775" hits="7" branch="false"/>
								<line number="1776" hits="7" branch="false"/>
								<line number="1777" hits="7" branch="false"/>
							</lines>
						</method>
					</methods>
					<lines>
						<line number="1771" hits="10" branch="false"/>
						<line number="1773" hits="7" branch="false"/>
						<line number="1774" hits="7" branch="false"/>
						<line number="1775" hits="7" branch="false"/>
						<line number="1776" hits="7" branch="false"/>
						<line number="1777" hits="7" branch="false"/>
					</lines>
				</class>
				<class name="org.jsoup.parser.TokeniserState$7" filename="org/jsoup/parser/TokeniserState.java" line-rate="0.09090909090909091" branch-rate="0.0" complexity="6.101449275362318">
					<methods>
						<method name="&lt;init&gt;" signature="(Ljava/lang/String;I)V" line-rate="1.0" branch-rate="1.0">
							<lines>
								<line number="119" hits="10" branch="false"/>
							</lines>
						</method>
						<method name="read" signature="(Lorg/jsoup/parser/Tokeniser;Lorg/jsoup/parser/CharacterReader;)V" line-rate="0.0" branch-rate="0.0">
							<lines>
								<line number="121" hits="0" branch="true" condition-coverage="0% (0/3)">
									<conditions>
										<condition number="0" type="switch" coverage="0%"/>
									</conditions>
								</line>
								<line number="123" hits="0" branch="false"/>
								<line number="124" hits="0" branch="false"/>
								<line number="125" hits="0" branch="false"/>
								<line number="126" hits="0" branch="false"/>
								<line number="128" hits="0" branch="false"/>
								<line number="129" hits="0" branch="false"/>
								<line number="131" hits="0" branch="false"/>
								<line number="132" hits="0" branch="false"/>
								<line number="135" hits="0" branch="false"/>
							</lines>
						</method>
					</methods>
					<lines>
						<line number="119" hits="10" branch="false"/>
						<line number="121" hits="0" branch="true" condition-coverage="0% (0/3)">
							<conditions>
								<condition number="0" type="switch" coverage="0%"/>
							</conditions>
						</line>
						<line number="123" hits="0" branch="false"/>
						<line number="124" hits="0" branch="false"/>
						<line number="125" hits="0" branch="false"/>
						<line number="126" hits="0" branch="false"/>
						<line number="128" hits="0" branch="false"/>
						<line number="129" hits="0" branch="false"/>
						<line number="131" hits="0" branch="false"/>
						<line number="132" hits="0" branch="false"/>
						<line number="135" hits="0" branch="false"/>
					</lines>
				</class>
				<class name="org.jsoup.parser.TokeniserState$8" filename="org/jsoup/parser/TokeniserState.java" line-rate="1.0" branch-rate="1.0" complexity="6.101449275362318">
					<methods>
						<method name="&lt;init&gt;" signature="(Ljava/lang/String;I)V" line-rate="1.0" branch-rate="1.0">
							<lines>
								<line number="137" hits="10" branch="false"/>
							</lines>
						</method>
						<method name="read" signature="(Lorg/jsoup/parser/Tokeniser;Lorg/jsoup/parser/CharacterReader;)V" line-rate="1.0" branch-rate="1.0">
							<lines>
								<line number="140" hits="14433" branch="true" condition-coverage="100% (4/4)">
									<conditions>
										<condition number="0" type="switch" coverage="100%"/>
									</conditions>
								</line>
								<line number="142" hits="994" branch="false"/>
								<line number="143" hits="994" branch="false"/>
								<line number="145" hits="6260" branch="false"/>
								<line number="146" hits="6260" branch="false"/>
								<line number="148" hits="2" branch="false"/>
								<line number="149" hits="2" branch="false"/>
								<line number="151" hits="7177" branch="true" condition-coverage="100% (2/2)">
									<conditions>
										<condition number="0" type="jump" coverage="100%"/>
									</conditions>
								</line>
								<line number="152" hits="7162" branch="false"/>
								<line number="153" hits="7162" branch="false"/>
								<line number="155" hits="15" branch="false"/>
								<line number="156" hits="15" branch="false"/>
								<line number="157" hits="15" branch="false"/>
								<line number="161" hits="14433" branch="false"/>
							</lines>
						</method>
					</methods>
					<lines>
						<line number="137" hits="10" branch="false"/>
						<line number="140" hits="14433" branch="true" condition-coverage="100% (4/4)">
							<conditions>
								<condition number="0" type="switch" coverage="100%"/>
							</conditions>
						</line>
						<line number="142" hits="994" branch="false"/>
						<line number="143" hits="994" branch="false"/>
						<line number="145" hits="6260" branch="false"/>
						<line number="146" hits="6260" branch="false"/>
						<line number="148" hits="2" branch="false"/>
						<line number="149" hits="2" branch="false"/>
						<line number="151" hits="7177" branch="true" condition-coverage="100% (2/2)">
							<conditions>
								<condition number="0" type="jump" coverage="100%"/>
							</conditions>
						</line>
						<line number="152" hits="7162" branch="false"/>
						<line number="153" hits="7162" branch="false"/>
						<line number="155" hits="15" branch="false"/>
						<line number="156" hits="15" branch="false"/>
						<line number="157" hits="15" branch="false"/>
						<line number="161" hits="14433" branch="false"/>
					</lines>
				</class>
				<class name="org.jsoup.parser.TokeniserState$9" filename="org/jsoup/parser/TokeniserState.java" line-rate="0.6428571428571429" branch-rate="0.6666666666666666" complexity="6.101449275362318">
					<methods>
						<method name="&lt;init&gt;" signature="(Ljava/lang/String;I)V" line-rate="1.0" branch-rate="1.0">
							<lines>
								<line number="163" hits="10" branch="false"/>
							</lines>
						</method>
						<method name="read" signature="(Lorg/jsoup/parser/Tokeniser;Lorg/jsoup/parser/CharacterReader;)V" line-rate="0.6153846153846154" branch-rate="0.6666666666666666">
							<lines>
								<line number="165" hits="6260" branch="true" condition-coverage="50% (1/2)">
									<conditions>
										<condition number="0" type="jump" coverage="50%"/>
									</conditions>
								</line>
								<line number="166" hits="0" branch="false"/>
								<line number="167" hits="0" branch="false"/>
								<line number="168" hits="0" branch="false"/>
								<line number="169" hits="6260" branch="true" condition-coverage="100% (2/2)">
									<conditions>
										<condition number="0" type="jump" coverage="100%"/>
									</conditions>
								</line>
								<line number="170" hits="6257" branch="false"/>
								<line number="171" hits="6257" branch="false"/>
								<line number="172" hits="3" branch="true" condition-coverage="50% (1/2)">
									<conditions>
										<condition number="0" type="jump" coverage="50%"/>
									</conditions>
								</line>
								<line number="173" hits="3" branch="false"/>
								<line number="174" hits="3" branch="false"/>
								<line number="176" hits="0" branch="false"/>
								<line number="177" hits="0" branch="false"/>
								<line number="179" hits="6260" branch="false"/>
							</lines>
						</method>
					</methods>
					<lines>
						<line number="163" hits="10" branch="false"/>
						<line number="165" hits="6260" branch="true" condition-coverage="50% (1/2)">
							<conditions>
								<condition number="0" type="jump" coverage="50%"/>
							</conditions>
						</line>
						<line number="166" hits="0" branch="false"/>
						<line number="167" hits="0" branch="false"/>
						<line number="168" hits="0" branch="false"/>
						<line number="169" hits="6260" branch="true" condition-coverage="100% (2/2)">
							<conditions>
								<condition number="0" type="jump" coverage="100%"/>
							</conditions>
						</line>
						<line number="170" hits="6257" branch="false"/>
						<line number="171" hits="6257" branch="false"/>
						<line number="172" hits="3" branch="true" condition-coverage="50% (1/2)">
							<conditions>
								<condition number="0" type="jump" coverage="50%"/>
							</conditions>
						</line>
						<line number="173" hits="3" branch="false"/>
						<line number="174" hits="3" branch="false"/>
						<line number="176" hits="0" branch="false"/>
						<line number="177" hits="0" branch="false"/>
						<line number="179" hits="6260" branch="false"/>
					</lines>
				</class>
			</classes>
		</package>
	</packages>
</coverage>
