<?xml version="1.0"?>
<!DOCTYPE coverage SYSTEM "http://cobertura.sourceforge.net/xml/coverage-04.dtd">

<coverage line-rate="0.4305555555555556" branch-rate="0.058823529411764705" lines-covered="31" lines-valid="72" branches-covered="2" branches-valid="34" complexity="2.411764705882353" version="2.0.3" timestamp="1605143056771">
	<sources>
		<source>src/main/java</source>
	</sources>
	<packages>
		<package name="com.fasterxml.jackson.core.json" line-rate="0.4305555555555556" branch-rate="0.058823529411764705" complexity="2.411764705882353">
			<classes>
				<class name="com.fasterxml.jackson.core.json.JsonWriteContext" filename="com/fasterxml/jackson/core/json/JsonWriteContext.java" line-rate="0.4305555555555556" branch-rate="0.058823529411764705" complexity="2.411764705882353">
					<methods>
						<method name="&lt;init&gt;" signature="(ILcom/fasterxml/jackson/core/json/JsonWriteContext;Lcom/fasterxml/jackson/core/json/DupDetector;)V" line-rate="1.0" branch-rate="1.0">
							<lines>
								<line number="38" hits="1781" branch="false"/>
								<line number="70" hits="1781" branch="false"/>
								<line number="71" hits="1781" branch="false"/>
								<line number="72" hits="1781" branch="false"/>
								<line number="73" hits="1781" branch="false"/>
								<line number="74" hits="1781" branch="false"/>
								<line number="75" hits="1781" branch="false"/>
							</lines>
						</method>
						<method name="_checkDup" signature="(Lcom/fasterxml/jackson/core/json/DupDetector;Ljava/lang/String;)V" line-rate="0.0" branch-rate="0.0">
							<lines>
								<line number="163" hits="0" branch="true" condition-coverage="0% (0/2)">
									<conditions>
										<condition number="0" type="jump" coverage="0%"/>
									</conditions>
								</line>
								<line number="164" hits="0" branch="false"/>
							</lines>
						</method>
						<method name="appendDesc" signature="(Ljava/lang/StringBuilder;)V" line-rate="0.0" branch-rate="0.0">
							<lines>
								<line number="193" hits="0" branch="true" condition-coverage="0% (0/2)">
									<conditions>
										<condition number="0" type="jump" coverage="0%"/>
									</conditions>
								</line>
								<line number="194" hits="0" branch="false"/>
								<line number="195" hits="0" branch="true" condition-coverage="0% (0/2)">
									<conditions>
										<condition number="0" type="jump" coverage="0%"/>
									</conditions>
								</line>
								<line number="196" hits="0" branch="false"/>
								<line number="198" hits="0" branch="false"/>
								<line number="199" hits="0" branch="false"/>
								<line number="201" hits="0" branch="false"/>
								<line number="203" hits="0" branch="false"/>
								<line number="204" hits="0" branch="true" condition-coverage="0% (0/2)">
									<conditions>
										<condition number="0" type="jump" coverage="0%"/>
									</conditions>
								</line>
								<line number="205" hits="0" branch="false"/>
								<line number="206" hits="0" branch="false"/>
								<line number="207" hits="0" branch="false"/>
								<line number="210" hits="0" branch="false"/>
								<line number="212" hits="0" branch="false"/>
							</lines>
						</method>
						<method name="createChildArrayContext" signature="()Lcom/fasterxml/jackson/core/json/JsonWriteContext;" line-rate="0.6" branch-rate="0.25">
							<lines>
								<line number="119" hits="794" branch="false"/>
								<line number="120" hits="794" branch="true" condition-coverage="50% (1/2)">
									<conditions>
										<condition number="0" type="jump" coverage="50%"/>
									</conditions>
								</line>
								<line number="121" hits="790" branch="true" condition-coverage="0% (0/2)">
									<conditions>
										<condition number="0" type="jump" coverage="0%"/>
									</conditions>
								</line>
								<line number="122" hits="0" branch="false"/>
								<line number="124" hits="0" branch="false"/>
							</lines>
						</method>
						<method name="createChildObjectContext" signature="()Lcom/fasterxml/jackson/core/json/JsonWriteContext;" line-rate="0.2" branch-rate="0.0">
							<lines>
								<line number="128" hits="0" branch="false"/>
								<line number="129" hits="0" branch="true" condition-coverage="0% (0/2)">
									<conditions>
										<condition number="0" type="jump" coverage="0%"/>
									</conditions>
								</line>
								<line number="130" hits="0" branch="true" condition-coverage="0% (0/2)">
									<conditions>
										<condition number="0" type="jump" coverage="0%"/>
									</conditions>
								</line>
								<line number="131" hits="12" branch="false"/>
								<line number="133" hits="0" branch="false"/>
							</lines>
						</method>
						<method name="createRootContext" signature="()Lcom/fasterxml/jackson/core/json/JsonWriteContext;" line-rate="0.0" branch-rate="1.0">
							<lines>
								<line number="112" hits="0" branch="false"/>
							</lines>
						</method>
						<method name="createRootContext" signature="(Lcom/fasterxml/jackson/core/json/DupDetector;)Lcom/fasterxml/jackson/core/json/JsonWriteContext;" line-rate="1.0" branch-rate="1.0">
							<lines>
								<line number="115" hits="889" branch="false"/>
							</lines>
						</method>
						<method name="getCurrentName" signature="()Ljava/lang/String;" line-rate="0.0" branch-rate="1.0">
							<lines>
								<line number="139" hits="0" branch="false"/>
							</lines>
						</method>
						<method name="getCurrentValue" signature="()Ljava/lang/Object;" line-rate="0.0" branch-rate="1.0">
							<lines>
								<line number="94" hits="0" branch="false"/>
							</lines>
						</method>
						<method name="getDupDetector" signature="()Lcom/fasterxml/jackson/core/json/DupDetector;" line-rate="0.0" branch-rate="1.0">
							<lines>
								<line number="142" hits="0" branch="false"/>
							</lines>
						</method>
						<method name="getParent" signature="()Lcom/fasterxml/jackson/core/JsonStreamContext;" line-rate="0.0" branch-rate="1.0">
							<lines>
								<line number="10" hits="0" branch="false"/>
							</lines>
						</method>
						<method name="getParent" signature="()Lcom/fasterxml/jackson/core/json/JsonWriteContext;" line-rate="0.0" branch-rate="1.0">
							<lines>
								<line number="138" hits="0" branch="false"/>
							</lines>
						</method>
						<method name="reset" signature="(I)Lcom/fasterxml/jackson/core/json/JsonWriteContext;" line-rate="1.0" branch-rate="0.5">
							<lines>
								<line number="78" hits="16" branch="false"/>
								<line number="79" hits="16" branch="false"/>
								<line number="80" hits="16" branch="false"/>
								<line number="81" hits="16" branch="false"/>
								<line number="82" hits="16" branch="false"/>
								<line number="83" hits="16" branch="true" condition-coverage="50% (1/2)">
									<conditions>
										<condition number="0" type="jump" coverage="50%"/>
									</conditions>
								</line>
								<line number="84" hits="16" branch="false"/>
							</lines>
						</method>
						<method name="setCurrentValue" signature="(Ljava/lang/Object;)V" line-rate="0.0" branch-rate="1.0">
							<lines>
								<line number="99" hits="0" branch="false"/>
								<line number="100" hits="0" branch="false"/>
							</lines>
						</method>
						<method name="toString" signature="()Ljava/lang/String;" line-rate="0.0" branch-rate="1.0">
							<lines>
								<line number="221" hits="0" branch="false"/>
								<line number="222" hits="0" branch="false"/>
								<line number="223" hits="0" branch="false"/>
							</lines>
						</method>
						<method name="withDupDetector" signature="(Lcom/fasterxml/jackson/core/json/DupDetector;)Lcom/fasterxml/jackson/core/json/JsonWriteContext;" line-rate="1.0" branch-rate="1.0">
							<lines>
								<line number="88" hits="4" branch="false"/>
								<line number="89" hits="4" branch="false"/>
							</lines>
						</method>
						<method name="writeFieldName" signature="(Ljava/lang/String;)I" line-rate="0.5" branch-rate="0.0">
							<lines>
								<line number="153" hits="0" branch="true" condition-coverage="0% (0/2)">
									<conditions>
										<condition number="0" type="jump" coverage="0%"/>
									</conditions>
								</line>
								<line number="154" hits="1560161" branch="false"/>
								<line number="156" hits="1560161" branch="false"/>
								<line number="157" hits="1560161" branch="false"/>
								<line number="158" hits="0" branch="true" condition-coverage="0% (0/2)">
									<conditions>
										<condition number="0" type="jump" coverage="0%"/>
									</conditions>
								</line>
								<line number="159" hits="0" branch="true" condition-coverage="0% (0/2)">
									<conditions>
										<condition number="0" type="jump" coverage="0%"/>
									</conditions>
								</line>
							</lines>
						</method>
						<method name="writeValue" signature="()I" line-rate="0.5833333333333334" branch-rate="0.0">
							<lines>
								<line number="168" hits="0" branch="true" condition-coverage="0% (0/2)">
									<conditions>
										<condition number="0" type="jump" coverage="0%"/>
									</conditions>
								</line>
								<line number="169" hits="0" branch="true" condition-coverage="0% (0/2)">
									<conditions>
										<condition number="0" type="jump" coverage="0%"/>
									</conditions>
								</line>
								<line number="170" hits="1560151" branch="false"/>
								<line number="172" hits="1560151" branch="false"/>
								<line number="173" hits="1560151" branch="false"/>
								<line number="174" hits="22194" branch="false"/>
								<line number="178" hits="0" branch="true" condition-coverage="0% (0/2)">
									<conditions>
										<condition number="0" type="jump" coverage="0%"/>
									</conditions>
								</line>
								<line number="179" hits="17326" branch="false"/>
								<line number="180" hits="17326" branch="false"/>
								<line number="181" hits="0" branch="true" condition-coverage="0% (0/2)">
									<conditions>
										<condition number="0" type="jump" coverage="0%"/>
									</conditions>
								</line>
								<line number="186" hits="4868" branch="false"/>
								<line number="187" hits="0" branch="true" condition-coverage="0% (0/2)">
									<conditions>
										<condition number="0" type="jump" coverage="0%"/>
									</conditions>
								</line>
							</lines>
						</method>
					</methods>
					<lines>
						<line number="10" hits="0" branch="false"/>
						<line number="38" hits="1781" branch="false"/>
						<line number="70" hits="1781" branch="false"/>
						<line number="71" hits="1781" branch="false"/>
						<line number="72" hits="1781" branch="false"/>
						<line number="73" hits="1781" branch="false"/>
						<line number="74" hits="1781" branch="false"/>
						<line number="75" hits="1781" branch="false"/>
						<line number="78" hits="16" branch="false"/>
						<line number="79" hits="16" branch="false"/>
						<line number="80" hits="16" branch="false"/>
						<line number="81" hits="16" branch="false"/>
						<line number="82" hits="16" branch="false"/>
						<line number="83" hits="16" branch="true" condition-coverage="50% (1/2)">
							<conditions>
								<condition number="0" type="jump" coverage="50%"/>
							</conditions>
						</line>
						<line number="84" hits="16" branch="false"/>
						<line number="88" hits="4" branch="false"/>
						<line number="89" hits="4" branch="false"/>
						<line number="94" hits="0" branch="false"/>
						<line number="99" hits="0" branch="false"/>
						<line number="100" hits="0" branch="false"/>
						<line number="112" hits="0" branch="false"/>
						<line number="115" hits="889" branch="false"/>
						<line number="119" hits="794" branch="false"/>
						<line number="120" hits="794" branch="true" condition-coverage="50% (1/2)">
							<conditions>
								<condition number="0" type="jump" coverage="50%"/>
							</conditions>
						</line>
						<line number="121" hits="790" branch="true" condition-coverage="0% (0/2)">
							<conditions>
								<condition number="0" type="jump" coverage="0%"/>
							</conditions>
						</line>
						<line number="122" hits="0" branch="false"/>
						<line number="124" hits="0" branch="false"/>
						<line number="128" hits="0" branch="false"/>
						<line number="129" hits="0" branch="true" condition-coverage="0% (0/2)">
							<conditions>
								<condition number="0" type="jump" coverage="0%"/>
							</conditions>
						</line>
						<line number="130" hits="0" branch="true" condition-coverage="0% (0/2)">
							<conditions>
								<condition number="0" type="jump" coverage="0%"/>
							</conditions>
						</line>
						<line number="131" hits="12" branch="false"/>
						<line number="133" hits="0" branch="false"/>
						<line number="138" hits="0" branch="false"/>
						<line number="139" hits="0" branch="false"/>
						<line number="142" hits="0" branch="false"/>
						<line number="153" hits="0" branch="true" condition-coverage="0% (0/2)">
							<conditions>
								<condition number="0" type="jump" coverage="0%"/>
							</conditions>
						</line>
						<line number="154" hits="1560161" branch="false"/>
						<line number="156" hits="1560161" branch="false"/>
						<line number="157" hits="1560161" branch="false"/>
						<line number="158" hits="0" branch="true" condition-coverage="0% (0/2)">
							<conditions>
								<condition number="0" type="jump" coverage="0%"/>
							</conditions>
						</line>
						<line number="159" hits="0" branch="true" condition-coverage="0% (0/2)">
							<conditions>
								<condition number="0" type="jump" coverage="0%"/>
							</conditions>
						</line>
						<line number="163" hits="0" branch="true" condition-coverage="0% (0/2)">
							<conditions>
								<condition number="0" type="jump" coverage="0%"/>
							</conditions>
						</line>
						<line number="164" hits="0" branch="false"/>
						<line number="168" hits="0" branch="true" condition-coverage="0% (0/2)">
							<conditions>
								<condition number="0" type="jump" coverage="0%"/>
							</conditions>
						</line>
						<line number="169" hits="0" branch="true" condition-coverage="0% (0/2)">
							<conditions>
								<condition number="0" type="jump" coverage="0%"/>
							</conditions>
						</line>
						<line number="170" hits="1560151" branch="false"/>
						<line number="172" hits="1560151" branch="false"/>
						<line number="173" hits="1560151" branch="false"/>
						<line number="174" hits="22194" branch="false"/>
						<line number="178" hits="0" branch="true" condition-coverage="0% (0/2)">
							<conditions>
								<condition number="0" type="jump" coverage="0%"/>
							</conditions>
						</line>
						<line number="179" hits="17326" branch="false"/>
						<line number="180" hits="17326" branch="false"/>
						<line number="181" hits="0" branch="true" condition-coverage="0% (0/2)">
							<conditions>
								<condition number="0" type="jump" coverage="0%"/>
							</conditions>
						</line>
						<line number="186" hits="4868" branch="false"/>
						<line number="187" hits="0" branch="true" condition-coverage="0% (0/2)">
							<conditions>
								<condition number="0" type="jump" coverage="0%"/>
							</conditions>
						</line>
						<line number="193" hits="0" branch="true" condition-coverage="0% (0/2)">
							<conditions>
								<condition number="0" type="jump" coverage="0%"/>
							</conditions>
						</line>
						<line number="194" hits="0" branch="false"/>
						<line number="195" hits="0" branch="true" condition-coverage="0% (0/2)">
							<conditions>
								<condition number="0" type="jump" coverage="0%"/>
							</conditions>
						</line>
						<line number="196" hits="0" branch="false"/>
						<line number="198" hits="0" branch="false"/>
						<line number="199" hits="0" branch="false"/>
						<line number="201" hits="0" branch="false"/>
						<line number="203" hits="0" branch="false"/>
						<line number="204" hits="0" branch="true" condition-coverage="0% (0/2)">
							<conditions>
								<condition number="0" type="jump" coverage="0%"/>
							</conditions>
						</line>
						<line number="205" hits="0" branch="false"/>
						<line number="206" hits="0" branch="false"/>
						<line number="207" hits="0" branch="false"/>
						<line number="210" hits="0" branch="false"/>
						<line number="212" hits="0" branch="false"/>
						<line number="221" hits="0" branch="false"/>
						<line number="222" hits="0" branch="false"/>
						<line number="223" hits="0" branch="false"/>
					</lines>
				</class>
			</classes>
		</package>
	</packages>
</coverage>
